

================================================================
== Vivado HLS Report for 'myFuncAccel'
================================================================
* Date:           Mon Nov 18 23:04:27 2019

* Version:        2018.3 (Build 2405991 on Thu Dec 06 23:56:15 MST 2018)
* Project:        algHLS
* Solution:       Optimazation_2
* Product family: zynq
* Target device:  xc7z020clg484-1


================================================================
== Performance Estimates
================================================================
+ Timing (ns): 
    * Summary: 
    +--------+-------+----------+------------+
    |  Clock | Target| Estimated| Uncertainty|
    +--------+-------+----------+------------+
    |ap_clk  |  10.00|     8.750|        1.25|
    +--------+-------+----------+------------+

+ Latency (clock cycles): 
    * Summary: 
    +-------+-------+-------+-------+---------+
    |    Latency    |    Interval   | Pipeline|
    |  min  |  max  |  min  |  max  |   Type  |
    +-------+-------+-------+-------+---------+
    |  16034|  16034|  16034|  16034|   none  |
    +-------+-------+-------+-------+---------+

    + Detail: 
        * Instance: 
        N/A

        * Loop: 
        +------------+-------+-------+----------+-----------+-----------+------+----------+
        |            |    Latency    | Iteration|  Initiation Interval  | Trip |          |
        |  Loop Name |  min  |  max  |  Latency |  achieved |   target  | Count| Pipelined|
        +------------+-------+-------+----------+-----------+-----------+------+----------+
        |- sizeLoop  |  16032|  16032|        49|         16|          4|  1000|    yes   |
        +------------+-------+-------+----------+-----------+-----------+------+----------+



================================================================
== Utilization Estimates
================================================================
* Summary: 
+-----------------+---------+-------+--------+-------+
|       Name      | BRAM_18K| DSP48E|   FF   |  LUT  |
+-----------------+---------+-------+--------+-------+
|DSP              |        -|      -|       -|      -|
|Expression       |        -|      -|       0|    215|
|FIFO             |        -|      -|       -|      -|
|Instance         |        -|      8|     557|   1271|
|Memory           |        -|      -|       -|      -|
|Multiplexer      |        -|      -|       -|    346|
|Register         |        0|      -|    1130|     64|
+-----------------+---------+-------+--------+-------+
|Total            |        0|      8|    1687|   1896|
+-----------------+---------+-------+--------+-------+
|Available        |      280|    220|  106400|  53200|
+-----------------+---------+-------+--------+-------+
|Utilization (%)  |        0|      3|       1|      3|
+-----------------+---------+-------+--------+-------+

+ Detail: 
    * Instance: 
    +-----------------------------------------------+--------------------------------------------+---------+-------+-----+-----+
    |                    Instance                   |                   Module                   | BRAM_18K| DSP48E|  FF | LUT |
    +-----------------------------------------------+--------------------------------------------+---------+-------+-----+-----+
    |myFuncAccel_fadd_32ns_32ns_32_5_full_dsp_1_U1  |myFuncAccel_fadd_32ns_32ns_32_5_full_dsp_1  |        0|      2|  205|  390|
    |myFuncAccel_fcmp_32ns_32ns_1_1_1_U4            |myFuncAccel_fcmp_32ns_32ns_1_1_1            |        0|      0|   66|  239|
    |myFuncAccel_fmul_32ns_32ns_32_4_max_dsp_1_U2   |myFuncAccel_fmul_32ns_32ns_32_4_max_dsp_1   |        0|      3|  143|  321|
    |myFuncAccel_fmul_32ns_32ns_32_4_max_dsp_1_U3   |myFuncAccel_fmul_32ns_32ns_32_4_max_dsp_1   |        0|      3|  143|  321|
    +-----------------------------------------------+--------------------------------------------+---------+-------+-----+-----+
    |Total                                          |                                            |        0|      8|  557| 1271|
    +-----------------------------------------------+--------------------------------------------+---------+-------+-----+-----+

    * DSP48: 
    N/A

    * Memory: 
    N/A

    * FIFO: 
    N/A

    * Expression: 
    +------------------------------------+----------+-------+---+----+------------+------------+
    |            Variable Name           | Operation| DSP48E| FF| LUT| Bitwidth P0| Bitwidth P1|
    +------------------------------------+----------+-------+---+----+------------+------------+
    |i_1_fu_220_p2                       |     +    |      0|  0|  14|          10|           1|
    |ap_block_pp0_stage10_11001          |    and   |      0|  0|   2|           1|           1|
    |ap_block_pp0_stage1_11001           |    and   |      0|  0|   2|           1|           1|
    |ap_block_pp0_stage3_11001           |    and   |      0|  0|   2|           1|           1|
    |ap_block_state10_pp0_stage8_iter0   |    and   |      0|  0|   2|           1|           1|
    |ap_block_state19_pp0_stage1_iter1   |    and   |      0|  0|   2|           1|           1|
    |ap_block_state47_pp0_stage13_iter2  |    and   |      0|  0|   2|           1|           1|
    |tmp_10_fu_285_p2                    |    and   |      0|  0|   2|           1|           1|
    |tmp_15_fu_325_p2                    |    and   |      0|  0|   2|           1|           1|
    |tmp_20_fu_372_p2                    |    and   |      0|  0|   2|           1|           1|
    |tmp_25_fu_412_p2                    |    and   |      0|  0|   2|           1|           1|
    |notlhs5_fu_307_p2                   |   icmp   |      0|  0|  11|           8|           2|
    |notlhs7_fu_354_p2                   |   icmp   |      0|  0|  11|           8|           2|
    |notlhs9_fu_394_p2                   |   icmp   |      0|  0|  11|           8|           2|
    |notlhs_fu_267_p2                    |   icmp   |      0|  0|  11|           8|           2|
    |notrhs1_fu_400_p2                   |   icmp   |      0|  0|  18|          23|           1|
    |notrhs6_fu_313_p2                   |   icmp   |      0|  0|  18|          23|           1|
    |notrhs8_fu_360_p2                   |   icmp   |      0|  0|  18|          23|           1|
    |notrhs_fu_273_p2                    |   icmp   |      0|  0|  18|          23|           1|
    |tmp_fu_214_p2                       |   icmp   |      0|  0|  13|          10|           6|
    |ap_block_pp0_stage0_00001           |    or    |      0|  0|   2|           1|           1|
    |ap_block_pp0_stage13_11001          |    or    |      0|  0|   2|           1|           1|
    |ap_block_state5_pp0_stage3_iter0    |    or    |      0|  0|   2|           1|           1|
    |tmp_13_fu_319_p2                    |    or    |      0|  0|   2|           1|           1|
    |tmp_18_fu_366_p2                    |    or    |      0|  0|   2|           1|           1|
    |tmp_23_fu_406_p2                    |    or    |      0|  0|   2|           1|           1|
    |tmp_26_fu_331_p2                    |    or    |      0|  0|   2|           1|           1|
    |tmp_27_fu_418_p2                    |    or    |      0|  0|   2|           1|           1|
    |tmp_28_fu_424_p2                    |    or    |      0|  0|   2|           1|           1|
    |tmp_9_fu_279_p2                     |    or    |      0|  0|   2|           1|           1|
    |tmp_7_fu_428_p3                     |  select  |      0|  0|  30|           1|          30|
    |ap_enable_pp0                       |    xor   |      0|  0|   2|           1|           2|
    +------------------------------------+----------+-------+---+----+------------+------------+
    |Total                               |          |      0|  0| 215|         166|          71|
    +------------------------------------+----------+-------+---+----+------------+------------+

    * Multiplexer: 
    +----------------------------+----+-----------+-----+-----------+
    |            Name            | LUT| Input Size| Bits| Total Bits|
    +----------------------------+----+-----------+-----+-----------+
    |ap_NS_fsm                   |  93|         19|    1|         19|
    |ap_enable_reg_pp0_iter3     |   9|          2|    1|          2|
    |ap_phi_mux_i_phi_fu_120_p4  |   9|          2|   10|         20|
    |grp_fu_127_p0               |  44|          9|   32|        288|
    |grp_fu_127_p1               |  59|         14|   32|        448|
    |grp_fu_132_p0               |  27|          5|   32|        160|
    |grp_fu_132_p1               |  27|          5|   32|        160|
    |grp_fu_136_p0               |  27|          5|   32|        160|
    |grp_fu_136_p1               |  15|          3|   32|         96|
    |grp_fu_140_p0               |  27|          5|   32|        160|
    |i_reg_116                   |   9|          2|   10|         20|
    +----------------------------+----+-----------+-----+-----------+
    |Total                       | 346|         71|  246|       1533|
    +----------------------------+----+-----------+-----+-----------+

    * Register: 
    +---------------------------+----+----+-----+-----------+
    |            Name           | FF | LUT| Bits| Const Bits|
    +---------------------------+----+----+-----+-----------+
    |ap_CS_fsm                  |  18|   0|   18|          0|
    |ap_enable_reg_pp0_iter0    |   1|   0|    1|          0|
    |ap_enable_reg_pp0_iter1    |   1|   0|    1|          0|
    |ap_enable_reg_pp0_iter2    |   1|   0|    1|          0|
    |ap_enable_reg_pp0_iter3    |   1|   0|    1|          0|
    |data1_addr_read_1_reg_467  |  32|   0|   32|          0|
    |data1_addr_read_2_reg_472  |  32|   0|   32|          0|
    |data1_addr_read_3_reg_477  |  32|   0|   32|          0|
    |data1_addr_read_reg_462    |  32|   0|   32|          0|
    |data2_addr_reg_451         |  10|   0|   32|         22|
    |i_1_reg_441                |  10|   0|   10|          0|
    |i_reg_116                  |  10|   0|   10|          0|
    |reg_145                    |  32|   0|   32|          0|
    |reg_150                    |  32|   0|   32|          0|
    |reg_155                    |  32|   0|   32|          0|
    |reg_160                    |  32|   0|   32|          0|
    |reg_165                    |  32|   0|   32|          0|
    |reg_171                    |  32|   0|   32|          0|
    |reg_177                    |  32|   0|   32|          0|
    |reg_183                    |  32|   0|   32|          0|
    |reg_188                    |  32|   0|   32|          0|
    |reg_194                    |  32|   0|   32|          0|
    |reg_199                    |  32|   0|   32|          0|
    |reg_204                    |  32|   0|   32|          0|
    |reg_209                    |  32|   0|   32|          0|
    |tempVal_1_0_3_reg_522      |  32|   0|   32|          0|
    |tempVal_1_1_3_reg_534      |  32|   0|   32|          0|
    |tempVal_1_2_3_reg_546      |  32|   0|   32|          0|
    |tempVal_1_3_3_reg_558      |  32|   0|   32|          0|
    |tmp_19_0_2_reg_482         |  32|   0|   32|          0|
    |tmp_19_0_3_reg_487         |  32|   0|   32|          0|
    |tmp_19_1_2_reg_492         |  32|   0|   32|          0|
    |tmp_19_1_3_reg_497         |  32|   0|   32|          0|
    |tmp_19_2_2_reg_502         |  32|   0|   32|          0|
    |tmp_19_2_3_reg_507         |  32|   0|   32|          0|
    |tmp_19_3_2_reg_512         |  32|   0|   32|          0|
    |tmp_19_3_3_reg_517         |  32|   0|   32|          0|
    |tmp_19_reg_553             |   1|   0|    1|          0|
    |tmp_1_reg_446              |  10|   0|   12|          2|
    |tmp_26_reg_541             |   1|   0|    1|          0|
    |tmp_27_reg_565             |   1|   0|    1|          0|
    |tmp_5_reg_529              |   1|   0|    1|          0|
    |tmp_7_reg_570              |   7|   0|   32|         25|
    |tmp_reg_437                |   1|   0|    1|          0|
    |data2_addr_reg_451         |  64|  32|   32|         22|
    |tmp_reg_437                |  64|  32|    1|          0|
    +---------------------------+----+----+-----+-----------+
    |Total                      |1130|  64| 1084|         71|
    +---------------------------+----+----+-----+-----------+



================================================================
== Interface
================================================================
* Summary: 
+-------------------+-----+-----+------------+--------------+--------------+
|     RTL Ports     | Dir | Bits|  Protocol  | Source Object|    C Type    |
+-------------------+-----+-----+------------+--------------+--------------+
|ap_clk             |  in |    1| ap_ctrl_hs |  myFuncAccel | return value |
|ap_rst             |  in |    1| ap_ctrl_hs |  myFuncAccel | return value |
|ap_start           |  in |    1| ap_ctrl_hs |  myFuncAccel | return value |
|ap_done            | out |    1| ap_ctrl_hs |  myFuncAccel | return value |
|ap_idle            | out |    1| ap_ctrl_hs |  myFuncAccel | return value |
|ap_ready           | out |    1| ap_ctrl_hs |  myFuncAccel | return value |
|size               |  in |   32|   ap_none  |     size     |    scalar    |
|dim                |  in |   32|   ap_none  |      dim     |    scalar    |
|threshold          |  in |   32|   ap_none  |   threshold  |    scalar    |
|data0_req_din      | out |    1|   ap_bus   |     data0    |    pointer   |
|data0_req_full_n   |  in |    1|   ap_bus   |     data0    |    pointer   |
|data0_req_write    | out |    1|   ap_bus   |     data0    |    pointer   |
|data0_rsp_empty_n  |  in |    1|   ap_bus   |     data0    |    pointer   |
|data0_rsp_read     | out |    1|   ap_bus   |     data0    |    pointer   |
|data0_address      | out |   32|   ap_bus   |     data0    |    pointer   |
|data0_datain       |  in |   32|   ap_bus   |     data0    |    pointer   |
|data0_dataout      | out |   32|   ap_bus   |     data0    |    pointer   |
|data0_size         | out |   32|   ap_bus   |     data0    |    pointer   |
|data1_req_din      | out |    1|   ap_bus   |     data1    |    pointer   |
|data1_req_full_n   |  in |    1|   ap_bus   |     data1    |    pointer   |
|data1_req_write    | out |    1|   ap_bus   |     data1    |    pointer   |
|data1_rsp_empty_n  |  in |    1|   ap_bus   |     data1    |    pointer   |
|data1_rsp_read     | out |    1|   ap_bus   |     data1    |    pointer   |
|data1_address      | out |   32|   ap_bus   |     data1    |    pointer   |
|data1_datain       |  in |   32|   ap_bus   |     data1    |    pointer   |
|data1_dataout      | out |   32|   ap_bus   |     data1    |    pointer   |
|data1_size         | out |   32|   ap_bus   |     data1    |    pointer   |
|data2_req_din      | out |    1|   ap_bus   |     data2    |    pointer   |
|data2_req_full_n   |  in |    1|   ap_bus   |     data2    |    pointer   |
|data2_req_write    | out |    1|   ap_bus   |     data2    |    pointer   |
|data2_rsp_empty_n  |  in |    1|   ap_bus   |     data2    |    pointer   |
|data2_rsp_read     | out |    1|   ap_bus   |     data2    |    pointer   |
|data2_address      | out |   32|   ap_bus   |     data2    |    pointer   |
|data2_datain       |  in |   32|   ap_bus   |     data2    |    pointer   |
|data2_dataout      | out |   32|   ap_bus   |     data2    |    pointer   |
|data2_size         | out |   32|   ap_bus   |     data2    |    pointer   |
+-------------------+-----+-----+------------+--------------+--------------+

