#-----------------------------------------------------------
# xsim v2018.3 (64-bit)
# SW Build 2405991 on Thu Dec  6 23:36:41 MST 2018
# IP Build 2404404 on Fri Dec  7 01:43:56 MST 2018
# Start of session at: Fri Nov 15 13:15:46 2019
# Process ID: 6788
# Current directory: /home/skalogerakis/TUC_Projects/TUC_HLS/MyCode/vHLS/algHLS/InitCode/sim/verilog
# Command line: xsim -mode tcl -source {xsim.dir/myFuncAccel/xsim_script.tcl}
# Log file: /home/skalogerakis/TUC_Projects/TUC_HLS/MyCode/vHLS/algHLS/InitCode/sim/verilog/xsim.log
# Journal file: /home/skalogerakis/TUC_Projects/TUC_HLS/MyCode/vHLS/algHLS/InitCode/sim/verilog/xsim.jou
#-----------------------------------------------------------
source xsim.dir/myFuncAccel/xsim_script.tcl
# xsim {myFuncAccel} -autoloadwcfg -tclbatch {myFuncAccel.tcl}
Vivado Simulator 2018.3
Time resolution is 1 ps
source myFuncAccel.tcl
## run all
Warning: OPMODE Input Warning : The OPMODE 0110X0X with CARRYINSEL  000 to DSP48E1 instance is invalid.
Time: 100010 ps  Iteration: 0  Process: /apatb_myFuncAccel_top/AESL_inst_myFuncAccel/myFuncAccel_fadd_32ns_32ns_32_5_full_dsp_1_U1/myFuncAccel_ap_fadd_3_full_dsp_32_u/U0/i_synth/addsub_op/ADDSUB/speed_op/dsp/OP/dsp48e1_body/ALIGN_ADD/DSP2/DSP/prcs_opmode_drc  File: /tools/Xilinx/Vivado/2018.3/data/vhdl/src/unisims/primitive/DSP48E1.vhd
////////////////////////////////////////////////////////////////////////////////////
// Inter-Transaction Progress: Completed Transaction / Total Transaction
// Intra-Transaction Progress: Measured Latency / Latency Estimation * 100%
//
// RTL Simulation : "Inter-Transaction Progress" ["Intra-Transaction Progress"] @ "Simulation Time"
////////////////////////////////////////////////////////////////////////////////////
// RTL Simulation : 0 / 1 [n/a] @ "125000"
// RTL Simulation : 1 / 1 [n/a] @ "2020155000"
////////////////////////////////////////////////////////////////////////////////////
$finish called at time : 2020195 ns : File "/home/skalogerakis/TUC_Projects/TUC_HLS/MyCode/vHLS/algHLS/InitCode/sim/verilog/myFuncAccel.autotb.v" Line 624
run: Time (s): cpu = 00:00:00 ; elapsed = 00:00:17 . Memory (MB): peak = 1334.199 ; gain = 0.000 ; free physical = 1671 ; free virtual = 6511
## quit
INFO: [Common 17-206] Exiting xsim at Fri Nov 15 13:16:14 2019...
