

================================================================
== Vivado HLS Report for 'Block_codeRepl50_pro'
================================================================
* Date:           Sat Nov 23 03:20:28 2019

* Version:        2018.3 (Build 2405991 on Thu Dec 06 23:56:15 MST 2018)
* Project:        algHLS
* Solution:       Optimazation_5
* Product family: zynq
* Target device:  xc7z020clg484-1


================================================================
== Performance Estimates
================================================================
+ Timing (ns): 
    * Summary: 
    +--------+-------+----------+------------+
    |  Clock | Target| Estimated| Uncertainty|
    +--------+-------+----------+------------+
    |ap_clk  |  10.00|     8.750|        1.25|
    +--------+-------+----------+------------+

+ Latency (clock cycles): 
    * Summary: 
    +-----+-----+-----+-----+---------+
    |  Latency  |  Interval | Pipeline|
    | min | max | min | max |   Type  |
    +-----+-----+-----+-----+---------+
    |   17|   17|   17|   17|   none  |
    +-----+-----+-----+-----+---------+

    + Detail: 
        * Instance: 
        N/A

        * Loop: 
        N/A



================================================================
== Utilization Estimates
================================================================
* Summary: 
+-----------------+---------+-------+--------+-------+
|       Name      | BRAM_18K| DSP48E|   FF   |  LUT  |
+-----------------+---------+-------+--------+-------+
|DSP              |        -|      -|       -|      -|
|Expression       |        -|      -|       0|      2|
|FIFO             |        -|      -|       -|      -|
|Instance         |        -|      -|       -|      -|
|Memory           |        -|      -|       -|      -|
|Multiplexer      |        -|      -|       -|    246|
|Register         |        -|      -|    1011|      -|
+-----------------+---------+-------+--------+-------+
|Total            |        0|      0|    1011|    248|
+-----------------+---------+-------+--------+-------+
|Available        |      280|    220|  106400|  53200|
+-----------------+---------+-------+--------+-------+
|Utilization (%)  |        0|      0|   ~0   |   ~0  |
+-----------------+---------+-------+--------+-------+

+ Detail: 
    * Instance: 
    N/A

    * DSP48: 
    N/A

    * Memory: 
    N/A

    * FIFO: 
    N/A

    * Expression: 
    +-----------------+----------+-------+---+----+------------+------------+
    |  Variable Name  | Operation| DSP48E| FF| LUT| Bitwidth P0| Bitwidth P1|
    +-----------------+----------+-------+---+----+------------+------------+
    |ap_block_state1  |    or    |      0|  0|   2|           1|           1|
    +-----------------+----------+-------+---+----+------------+------------+
    |Total            |          |      0|  0|   2|           1|           1|
    +-----------------+----------+-------+---+----+------------+------------+

    * Multiplexer: 
    +--------------+----+-----------+-----+-----------+
    |     Name     | LUT| Input Size| Bits| Total Bits|
    +--------------+----+-----------+-----+-----------+
    |ap_NS_fsm     |  93|         19|    1|         19|
    |ap_done       |   9|          2|    1|          2|
    |ap_return_0   |   9|          2|   32|         64|
    |ap_return_1   |   9|          2|   32|         64|
    |ap_return_10  |   9|          2|   32|         64|
    |ap_return_11  |   9|          2|   32|         64|
    |ap_return_12  |   9|          2|   32|         64|
    |ap_return_13  |   9|          2|   32|         64|
    |ap_return_14  |   9|          2|   32|         64|
    |ap_return_15  |   9|          2|   32|         64|
    |ap_return_2   |   9|          2|   32|         64|
    |ap_return_3   |   9|          2|   32|         64|
    |ap_return_4   |   9|          2|   32|         64|
    |ap_return_5   |   9|          2|   32|         64|
    |ap_return_6   |   9|          2|   32|         64|
    |ap_return_7   |   9|          2|   32|         64|
    |ap_return_8   |   9|          2|   32|         64|
    |ap_return_9   |   9|          2|   32|         64|
    +--------------+----+-----------+-----+-----------+
    |Total         | 246|         53|  514|       1045|
    +--------------+----+-----------+-----+-----------+

    * Register: 
    +-----------------------+----+----+-----+-----------+
    |          Name         | FF | LUT| Bits| Const Bits|
    +-----------------------+----+----+-----+-----------+
    |ap_CS_fsm              |  18|   0|   18|          0|
    |ap_done_reg            |   1|   0|    1|          0|
    |ap_return_0_preg       |  32|   0|   32|          0|
    |ap_return_10_preg      |  32|   0|   32|          0|
    |ap_return_11_preg      |  32|   0|   32|          0|
    |ap_return_12_preg      |  32|   0|   32|          0|
    |ap_return_13_preg      |  32|   0|   32|          0|
    |ap_return_14_preg      |  32|   0|   32|          0|
    |ap_return_15_preg      |  32|   0|   32|          0|
    |ap_return_1_preg       |  32|   0|   32|          0|
    |ap_return_2_preg       |  32|   0|   32|          0|
    |ap_return_3_preg       |  32|   0|   32|          0|
    |ap_return_4_preg       |  32|   0|   32|          0|
    |ap_return_5_preg       |  32|   0|   32|          0|
    |ap_return_6_preg       |  32|   0|   32|          0|
    |ap_return_7_preg       |  32|   0|   32|          0|
    |ap_return_8_preg       |  32|   0|   32|          0|
    |ap_return_9_preg       |  32|   0|   32|          0|
    |data0_read_10_reg_163  |  32|   0|   32|          0|
    |data0_read_11_reg_168  |  32|   0|   32|          0|
    |data0_read_12_reg_173  |  32|   0|   32|          0|
    |data0_read_13_reg_178  |  32|   0|   32|          0|
    |data0_read_14_reg_183  |  32|   0|   32|          0|
    |data0_read_1_reg_118   |  32|   0|   32|          0|
    |data0_read_2_reg_123   |  32|   0|   32|          0|
    |data0_read_3_reg_128   |  32|   0|   32|          0|
    |data0_read_4_reg_133   |  32|   0|   32|          0|
    |data0_read_5_reg_138   |  32|   0|   32|          0|
    |data0_read_6_reg_143   |  32|   0|   32|          0|
    |data0_read_7_reg_148   |  32|   0|   32|          0|
    |data0_read_8_reg_153   |  32|   0|   32|          0|
    |data0_read_9_reg_158   |  32|   0|   32|          0|
    |data0_read_reg_113     |  32|   0|   32|          0|
    +-----------------------+----+----+-----+-----------+
    |Total                  |1011|   0| 1011|          0|
    +-----------------------+----+----+-----+-----------+



================================================================
== Interface
================================================================
* Summary: 
+-------------------+-----+-----+------------+----------------------+--------------+
|     RTL Ports     | Dir | Bits|  Protocol  |     Source Object    |    C Type    |
+-------------------+-----+-----+------------+----------------------+--------------+
|ap_clk             |  in |    1| ap_ctrl_hs | Block_codeRepl50_pro | return value |
|ap_rst             |  in |    1| ap_ctrl_hs | Block_codeRepl50_pro | return value |
|ap_start           |  in |    1| ap_ctrl_hs | Block_codeRepl50_pro | return value |
|ap_done            | out |    1| ap_ctrl_hs | Block_codeRepl50_pro | return value |
|ap_continue        |  in |    1| ap_ctrl_hs | Block_codeRepl50_pro | return value |
|ap_idle            | out |    1| ap_ctrl_hs | Block_codeRepl50_pro | return value |
|ap_ready           | out |    1| ap_ctrl_hs | Block_codeRepl50_pro | return value |
|ap_return_0        | out |   32| ap_ctrl_hs | Block_codeRepl50_pro | return value |
|ap_return_1        | out |   32| ap_ctrl_hs | Block_codeRepl50_pro | return value |
|ap_return_2        | out |   32| ap_ctrl_hs | Block_codeRepl50_pro | return value |
|ap_return_3        | out |   32| ap_ctrl_hs | Block_codeRepl50_pro | return value |
|ap_return_4        | out |   32| ap_ctrl_hs | Block_codeRepl50_pro | return value |
|ap_return_5        | out |   32| ap_ctrl_hs | Block_codeRepl50_pro | return value |
|ap_return_6        | out |   32| ap_ctrl_hs | Block_codeRepl50_pro | return value |
|ap_return_7        | out |   32| ap_ctrl_hs | Block_codeRepl50_pro | return value |
|ap_return_8        | out |   32| ap_ctrl_hs | Block_codeRepl50_pro | return value |
|ap_return_9        | out |   32| ap_ctrl_hs | Block_codeRepl50_pro | return value |
|ap_return_10       | out |   32| ap_ctrl_hs | Block_codeRepl50_pro | return value |
|ap_return_11       | out |   32| ap_ctrl_hs | Block_codeRepl50_pro | return value |
|ap_return_12       | out |   32| ap_ctrl_hs | Block_codeRepl50_pro | return value |
|ap_return_13       | out |   32| ap_ctrl_hs | Block_codeRepl50_pro | return value |
|ap_return_14       | out |   32| ap_ctrl_hs | Block_codeRepl50_pro | return value |
|ap_return_15       | out |   32| ap_ctrl_hs | Block_codeRepl50_pro | return value |
|data0_req_din      | out |    1|   ap_bus   |         data0        |    pointer   |
|data0_req_full_n   |  in |    1|   ap_bus   |         data0        |    pointer   |
|data0_req_write    | out |    1|   ap_bus   |         data0        |    pointer   |
|data0_rsp_empty_n  |  in |    1|   ap_bus   |         data0        |    pointer   |
|data0_rsp_read     | out |    1|   ap_bus   |         data0        |    pointer   |
|data0_address      | out |   32|   ap_bus   |         data0        |    pointer   |
|data0_datain       |  in |   32|   ap_bus   |         data0        |    pointer   |
|data0_dataout      | out |   32|   ap_bus   |         data0        |    pointer   |
|data0_size         | out |   32|   ap_bus   |         data0        |    pointer   |
+-------------------+-----+-----+------------+----------------------+--------------+

