

================================================================
== Vivado HLS Report for 'Loop_sizeLoop_proc'
================================================================
* Date:           Sat Nov 23 03:37:12 2019

* Version:        2018.3 (Build 2405991 on Thu Dec 06 23:56:15 MST 2018)
* Project:        vHls16
* Solution:       Optimization_1_16
* Product family: aartix7
* Target device:  xa7a12tcsg325-1q


================================================================
== Performance Estimates
================================================================
+ Timing (ns): 
    * Summary: 
    +--------+-------+----------+------------+
    |  Clock | Target| Estimated| Uncertainty|
    +--------+-------+----------+------------+
    |ap_clk  |  10.00|     8.750|        1.25|
    +--------+-------+----------+------------+

+ Latency (clock cycles): 
    * Summary: 
    +-------+-------+-------+-------+---------+
    |    Latency    |    Interval   | Pipeline|
    |  min  |  max  |  min  |  max  |   Type  |
    +-------+-------+-------+-------+---------+
    |  16109|  16109|  16109|  16109|   none  |
    +-------+-------+-------+-------+---------+

    + Detail: 
        * Instance: 
        N/A

        * Loop: 
        +------------+-------+-------+----------+-----------+-----------+------+----------+
        |            |    Latency    | Iteration|  Initiation Interval  | Trip |          |
        |  Loop Name |  min  |  max  |  Latency |  achieved |   target  | Count| Pipelined|
        +------------+-------+-------+----------+-----------+-----------+------+----------+
        |- sizeLoop  |  16107|  16107|       124|         16|         16|  1000|    yes   |
        +------------+-------+-------+----------+-----------+-----------+------+----------+



================================================================
== Utilization Estimates
================================================================
* Summary: 
+-----------------+---------+-------+-------+-------+
|       Name      | BRAM_18K| DSP48E|   FF  |  LUT  |
+-----------------+---------+-------+-------+-------+
|DSP              |        -|      -|      -|      -|
|Expression       |        -|      -|      0|    980|
|FIFO             |        -|      -|      -|      -|
|Instance         |        -|     83|   5777|  11953|
|Memory           |        -|      -|      -|      -|
|Multiplexer      |        -|      -|      -|   4116|
|Register         |        0|      -|  23195|   4768|
+-----------------+---------+-------+-------+-------+
|Total            |        0|     83|  28972|  21817|
+-----------------+---------+-------+-------+-------+
|Available        |       40|     40|  16000|   8000|
+-----------------+---------+-------+-------+-------+
|Utilization (%)  |        0|    207|    181|    272|
+-----------------+---------+-------+-------+-------+

+ Detail: 
    * Instance: 
    +------------------------------------------------+--------------------------------------------+---------+-------+-----+-----+
    |                    Instance                    |                   Module                   | BRAM_18K| DSP48E|  FF | LUT |
    +------------------------------------------------+--------------------------------------------+---------+-------+-----+-----+
    |myFuncAccel_fadd_32ns_32ns_32_5_full_dsp_1_U3   |myFuncAccel_fadd_32ns_32ns_32_5_full_dsp_1  |        0|      2|  205|  390|
    |myFuncAccel_fadd_32ns_32ns_32_5_full_dsp_1_U4   |myFuncAccel_fadd_32ns_32ns_32_5_full_dsp_1  |        0|      2|  205|  390|
    |myFuncAccel_fadd_32ns_32ns_32_5_full_dsp_1_U5   |myFuncAccel_fadd_32ns_32ns_32_5_full_dsp_1  |        0|      2|  205|  390|
    |myFuncAccel_fadd_32ns_32ns_32_5_full_dsp_1_U6   |myFuncAccel_fadd_32ns_32ns_32_5_full_dsp_1  |        0|      2|  205|  390|
    |myFuncAccel_fadd_32ns_32ns_32_5_full_dsp_1_U7   |myFuncAccel_fadd_32ns_32ns_32_5_full_dsp_1  |        0|      2|  205|  390|
    |myFuncAccel_fadd_32ns_32ns_32_5_full_dsp_1_U8   |myFuncAccel_fadd_32ns_32ns_32_5_full_dsp_1  |        0|      2|  205|  390|
    |myFuncAccel_fadd_32ns_32ns_32_5_full_dsp_1_U9   |myFuncAccel_fadd_32ns_32ns_32_5_full_dsp_1  |        0|      2|  205|  390|
    |myFuncAccel_fadd_32ns_32ns_32_5_full_dsp_1_U10  |myFuncAccel_fadd_32ns_32ns_32_5_full_dsp_1  |        0|      2|  205|  390|
    |myFuncAccel_fadd_32ns_32ns_32_5_full_dsp_1_U11  |myFuncAccel_fadd_32ns_32ns_32_5_full_dsp_1  |        0|      2|  205|  390|
    |myFuncAccel_fadd_32ns_32ns_32_5_full_dsp_1_U12  |myFuncAccel_fadd_32ns_32ns_32_5_full_dsp_1  |        0|      2|  205|  390|
    |myFuncAccel_fadd_32ns_32ns_32_5_full_dsp_1_U13  |myFuncAccel_fadd_32ns_32ns_32_5_full_dsp_1  |        0|      2|  205|  390|
    |myFuncAccel_fadd_32ns_32ns_32_5_full_dsp_1_U14  |myFuncAccel_fadd_32ns_32ns_32_5_full_dsp_1  |        0|      2|  205|  390|
    |myFuncAccel_fadd_32ns_32ns_32_5_full_dsp_1_U15  |myFuncAccel_fadd_32ns_32ns_32_5_full_dsp_1  |        0|      2|  205|  390|
    |myFuncAccel_fadd_32ns_32ns_32_5_full_dsp_1_U16  |myFuncAccel_fadd_32ns_32ns_32_5_full_dsp_1  |        0|      2|  205|  390|
    |myFuncAccel_fadd_32ns_32ns_32_5_full_dsp_1_U17  |myFuncAccel_fadd_32ns_32ns_32_5_full_dsp_1  |        0|      2|  205|  390|
    |myFuncAccel_fadd_32ns_32ns_32_5_full_dsp_1_U18  |myFuncAccel_fadd_32ns_32ns_32_5_full_dsp_1  |        0|      2|  205|  390|
    |myFuncAccel_fcmp_32ns_32ns_1_1_1_U36            |myFuncAccel_fcmp_32ns_32ns_1_1_1            |        0|      0|   66|  239|
    |myFuncAccel_fmul_32ns_32ns_32_4_max_dsp_1_U19   |myFuncAccel_fmul_32ns_32ns_32_4_max_dsp_1   |        0|      3|  143|  322|
    |myFuncAccel_fmul_32ns_32ns_32_4_max_dsp_1_U20   |myFuncAccel_fmul_32ns_32ns_32_4_max_dsp_1   |        0|      3|  143|  322|
    |myFuncAccel_fmul_32ns_32ns_32_4_max_dsp_1_U21   |myFuncAccel_fmul_32ns_32ns_32_4_max_dsp_1   |        0|      3|  143|  322|
    |myFuncAccel_fmul_32ns_32ns_32_4_max_dsp_1_U22   |myFuncAccel_fmul_32ns_32ns_32_4_max_dsp_1   |        0|      3|  143|  322|
    |myFuncAccel_fmul_32ns_32ns_32_4_max_dsp_1_U23   |myFuncAccel_fmul_32ns_32ns_32_4_max_dsp_1   |        0|      3|  143|  322|
    |myFuncAccel_fmul_32ns_32ns_32_4_max_dsp_1_U24   |myFuncAccel_fmul_32ns_32ns_32_4_max_dsp_1   |        0|      3|  143|  322|
    |myFuncAccel_fmul_32ns_32ns_32_4_max_dsp_1_U25   |myFuncAccel_fmul_32ns_32ns_32_4_max_dsp_1   |        0|      3|  143|  322|
    |myFuncAccel_fmul_32ns_32ns_32_4_max_dsp_1_U26   |myFuncAccel_fmul_32ns_32ns_32_4_max_dsp_1   |        0|      3|  143|  322|
    |myFuncAccel_fmul_32ns_32ns_32_4_max_dsp_1_U27   |myFuncAccel_fmul_32ns_32ns_32_4_max_dsp_1   |        0|      3|  143|  322|
    |myFuncAccel_fmul_32ns_32ns_32_4_max_dsp_1_U28   |myFuncAccel_fmul_32ns_32ns_32_4_max_dsp_1   |        0|      3|  143|  322|
    |myFuncAccel_fmul_32ns_32ns_32_4_max_dsp_1_U29   |myFuncAccel_fmul_32ns_32ns_32_4_max_dsp_1   |        0|      3|  143|  322|
    |myFuncAccel_fmul_32ns_32ns_32_4_max_dsp_1_U30   |myFuncAccel_fmul_32ns_32ns_32_4_max_dsp_1   |        0|      3|  143|  322|
    |myFuncAccel_fmul_32ns_32ns_32_4_max_dsp_1_U31   |myFuncAccel_fmul_32ns_32ns_32_4_max_dsp_1   |        0|      3|  143|  322|
    |myFuncAccel_fmul_32ns_32ns_32_4_max_dsp_1_U32   |myFuncAccel_fmul_32ns_32ns_32_4_max_dsp_1   |        0|      3|  143|  322|
    |myFuncAccel_fmul_32ns_32ns_32_4_max_dsp_1_U33   |myFuncAccel_fmul_32ns_32ns_32_4_max_dsp_1   |        0|      3|  143|  322|
    |myFuncAccel_fmul_32ns_32ns_32_4_max_dsp_1_U34   |myFuncAccel_fmul_32ns_32ns_32_4_max_dsp_1   |        0|      3|  143|  322|
    |myFuncAccel_fmul_32ns_32ns_32_4_max_dsp_1_U35   |myFuncAccel_fmul_32ns_32ns_32_4_max_dsp_1   |        0|      3|  143|  322|
    +------------------------------------------------+--------------------------------------------+---------+-------+-----+-----+
    |Total                                           |                                            |        0|     83| 5777|11953|
    +------------------------------------------------+--------------------------------------------+---------+-------+-----+-----+

    * DSP48: 
    N/A

    * Memory: 
    N/A

    * FIFO: 
    N/A

    * Expression: 
    +-------------------------------------+----------+-------+---+----+------------+------------+
    |            Variable Name            | Operation| DSP48E| FF| LUT| Bitwidth P0| Bitwidth P1|
    +-------------------------------------+----------+-------+---+----+------------+------------+
    |i_fu_2818_p2                         |     +    |      0|  0|  17|          10|           1|
    |ap_block_state10_pp0_stage8_iter0    |    and   |      0|  0|   8|           1|           1|
    |ap_block_state110_pp0_stage12_iter6  |    and   |      0|  0|   8|           1|           1|
    |ap_block_state115_pp0_stage1_iter7   |    and   |      0|  0|   8|           1|           1|
    |ap_block_state19_pp0_stage1_iter1    |    and   |      0|  0|   8|           1|           1|
    |tmp_13_fu_2970_p2                    |    and   |      0|  0|   8|           1|           1|
    |tmp_18_fu_3010_p2                    |    and   |      0|  0|   8|           1|           1|
    |tmp_23_fu_3057_p2                    |    and   |      0|  0|   8|           1|           1|
    |tmp_28_fu_3097_p2                    |    and   |      0|  0|   8|           1|           1|
    |tmp_33_fu_3144_p2                    |    and   |      0|  0|   8|           1|           1|
    |tmp_38_fu_3184_p2                    |    and   |      0|  0|   8|           1|           1|
    |tmp_43_fu_3246_p2                    |    and   |      0|  0|   8|           1|           1|
    |tmp_48_fu_3286_p2                    |    and   |      0|  0|   8|           1|           1|
    |tmp_4_fu_2883_p2                     |    and   |      0|  0|   8|           1|           1|
    |tmp_53_fu_3333_p2                    |    and   |      0|  0|   8|           1|           1|
    |tmp_58_fu_3373_p2                    |    and   |      0|  0|   8|           1|           1|
    |tmp_63_fu_3420_p2                    |    and   |      0|  0|   8|           1|           1|
    |tmp_68_fu_3460_p2                    |    and   |      0|  0|   8|           1|           1|
    |tmp_73_fu_3507_p2                    |    and   |      0|  0|   8|           1|           1|
    |tmp_78_fu_3547_p2                    |    and   |      0|  0|   8|           1|           1|
    |tmp_9_fu_2923_p2                     |    and   |      0|  0|   8|           1|           1|
    |notlhs10_fu_3315_p2                  |   icmp   |      0|  0|  11|           8|           2|
    |notlhs11_fu_3355_p2                  |   icmp   |      0|  0|  11|           8|           2|
    |notlhs12_fu_3402_p2                  |   icmp   |      0|  0|  11|           8|           2|
    |notlhs13_fu_3442_p2                  |   icmp   |      0|  0|  11|           8|           2|
    |notlhs14_fu_3489_p2                  |   icmp   |      0|  0|  11|           8|           2|
    |notlhs15_fu_3529_p2                  |   icmp   |      0|  0|  11|           8|           2|
    |notlhs1_fu_2905_p2                   |   icmp   |      0|  0|  11|           8|           2|
    |notlhs2_fu_2952_p2                   |   icmp   |      0|  0|  11|           8|           2|
    |notlhs3_fu_2992_p2                   |   icmp   |      0|  0|  11|           8|           2|
    |notlhs4_fu_3039_p2                   |   icmp   |      0|  0|  11|           8|           2|
    |notlhs5_fu_3079_p2                   |   icmp   |      0|  0|  11|           8|           2|
    |notlhs6_fu_3126_p2                   |   icmp   |      0|  0|  11|           8|           2|
    |notlhs7_fu_3166_p2                   |   icmp   |      0|  0|  11|           8|           2|
    |notlhs8_fu_3228_p2                   |   icmp   |      0|  0|  11|           8|           2|
    |notlhs9_fu_3268_p2                   |   icmp   |      0|  0|  11|           8|           2|
    |notlhs_fu_2865_p2                    |   icmp   |      0|  0|  11|           8|           2|
    |notrhs10_fu_3321_p2                  |   icmp   |      0|  0|  18|          23|           1|
    |notrhs11_fu_3361_p2                  |   icmp   |      0|  0|  18|          23|           1|
    |notrhs12_fu_3408_p2                  |   icmp   |      0|  0|  18|          23|           1|
    |notrhs13_fu_3448_p2                  |   icmp   |      0|  0|  18|          23|           1|
    |notrhs14_fu_3495_p2                  |   icmp   |      0|  0|  18|          23|           1|
    |notrhs15_fu_3535_p2                  |   icmp   |      0|  0|  18|          23|           1|
    |notrhs1_fu_2911_p2                   |   icmp   |      0|  0|  18|          23|           1|
    |notrhs2_fu_2958_p2                   |   icmp   |      0|  0|  18|          23|           1|
    |notrhs3_fu_2998_p2                   |   icmp   |      0|  0|  18|          23|           1|
    |notrhs4_fu_3045_p2                   |   icmp   |      0|  0|  18|          23|           1|
    |notrhs5_fu_3085_p2                   |   icmp   |      0|  0|  18|          23|           1|
    |notrhs6_fu_3132_p2                   |   icmp   |      0|  0|  18|          23|           1|
    |notrhs7_fu_3172_p2                   |   icmp   |      0|  0|  18|          23|           1|
    |notrhs8_fu_3234_p2                   |   icmp   |      0|  0|  18|          23|           1|
    |notrhs9_fu_3274_p2                   |   icmp   |      0|  0|  18|          23|           1|
    |notrhs_fu_2871_p2                    |   icmp   |      0|  0|  18|          23|           1|
    |tmp_i_fu_2812_p2                     |   icmp   |      0|  0|  13|          10|           6|
    |ap_block_pp0_stage0_00001            |    or    |      0|  0|   8|           1|           1|
    |ap_block_pp0_stage10_00001           |    or    |      0|  0|   8|           1|           1|
    |ap_block_pp0_stage12_00001           |    or    |      0|  0|   8|           1|           1|
    |ap_block_pp0_stage1_00001            |    or    |      0|  0|   8|           1|           1|
    |ap_block_state1                      |    or    |      0|  0|   8|           1|           1|
    |tmp_11_fu_2964_p2                    |    or    |      0|  0|   8|           1|           1|
    |tmp_16_fu_3004_p2                    |    or    |      0|  0|   8|           1|           1|
    |tmp_21_fu_3051_p2                    |    or    |      0|  0|   8|           1|           1|
    |tmp_26_fu_3091_p2                    |    or    |      0|  0|   8|           1|           1|
    |tmp_2_fu_2877_p2                     |    or    |      0|  0|   8|           1|           1|
    |tmp_31_fu_3138_p2                    |    or    |      0|  0|   8|           1|           1|
    |tmp_36_fu_3178_p2                    |    or    |      0|  0|   8|           1|           1|
    |tmp_41_fu_3240_p2                    |    or    |      0|  0|   8|           1|           1|
    |tmp_46_fu_3280_p2                    |    or    |      0|  0|   8|           1|           1|
    |tmp_51_fu_3327_p2                    |    or    |      0|  0|   8|           1|           1|
    |tmp_56_fu_3367_p2                    |    or    |      0|  0|   8|           1|           1|
    |tmp_61_fu_3414_p2                    |    or    |      0|  0|   8|           1|           1|
    |tmp_66_fu_3454_p2                    |    or    |      0|  0|   8|           1|           1|
    |tmp_71_fu_3501_p2                    |    or    |      0|  0|   8|           1|           1|
    |tmp_76_fu_3541_p2                    |    or    |      0|  0|   8|           1|           1|
    |tmp_79_fu_2929_p2                    |    or    |      0|  0|   8|           1|           1|
    |tmp_7_fu_2917_p2                     |    or    |      0|  0|   8|           1|           1|
    |tmp_80_fu_3016_p2                    |    or    |      0|  0|   8|           1|           1|
    |tmp_81_fu_3190_p2                    |    or    |      0|  0|   8|           1|           1|
    |tmp_82_fu_3103_p2                    |    or    |      0|  0|   8|           1|           1|
    |tmp_83_fu_3194_p2                    |    or    |      0|  0|   8|           1|           1|
    |tmp_84_fu_3292_p2                    |    or    |      0|  0|   8|           1|           1|
    |tmp_85_fu_3379_p2                    |    or    |      0|  0|   8|           1|           1|
    |tmp_86_fu_3466_p2                    |    or    |      0|  0|   8|           1|           1|
    |tmp_87_fu_3553_p2                    |    or    |      0|  0|   8|           1|           1|
    |tmp_88_fu_3200_p2                    |    or    |      0|  0|   8|           1|           1|
    |tmp_89_fu_3559_p2                    |    or    |      0|  0|   8|           1|           1|
    |tmp_90_fu_3563_p2                    |    or    |      0|  0|   8|           1|           1|
    |tmp_91_fu_3205_p2                    |    or    |      0|  0|   8|           1|           1|
    |tmp_92_fu_3567_p2                    |    or    |      0|  0|   8|           1|           1|
    |tmp_93_fu_3573_p2                    |    or    |      0|  0|   8|           1|           1|
    |tmp_17_i_fu_3578_p3                  |  select  |      0|  0|  30|           1|          30|
    |ap_enable_pp0                        |    xor   |      0|  0|   8|           1|           2|
    +-------------------------------------+----------+-------+---+----+------------+------------+
    |Total                                |          |      0|  0| 980|         574|         143|
    +-------------------------------------+----------+-------+---+----+------------+------------+

    * Multiplexer: 
    +---------------------------------+----+-----------+-----+-----------+
    |               Name              | LUT| Input Size| Bits| Total Bits|
    +---------------------------------+----+-----------+-----+-----------+
    |ap_NS_fsm                        |  93|         19|    1|         19|
    |ap_done                          |   9|          2|    1|          2|
    |ap_enable_reg_pp0_iter7          |   9|          2|    1|          2|
    |ap_phi_mux_i_1_i_phi_fu_2163_p4  |   9|          2|   10|         20|
    |empty_address0                   |  21|          4|    8|         32|
    |empty_address1                   |  21|          4|    8|         32|
    |grp_fu_2170_p0                   |  38|          7|   32|        224|
    |grp_fu_2170_p1                   |  85|         17|   32|        544|
    |grp_fu_2175_p0                   |  38|          7|   32|        224|
    |grp_fu_2175_p1                   |  85|         17|   32|        544|
    |grp_fu_2180_p0                   |  38|          7|   32|        224|
    |grp_fu_2180_p1                   |  85|         17|   32|        544|
    |grp_fu_2185_p0                   |  38|          7|   32|        224|
    |grp_fu_2185_p1                   |  85|         17|   32|        544|
    |grp_fu_2190_p0                   |  38|          7|   32|        224|
    |grp_fu_2190_p1                   |  85|         17|   32|        544|
    |grp_fu_2195_p0                   |  38|          7|   32|        224|
    |grp_fu_2195_p1                   |  85|         17|   32|        544|
    |grp_fu_2200_p0                   |  38|          7|   32|        224|
    |grp_fu_2200_p1                   |  85|         17|   32|        544|
    |grp_fu_2205_p0                   |  38|          7|   32|        224|
    |grp_fu_2205_p1                   |  85|         17|   32|        544|
    |grp_fu_2210_p0                   |  38|          7|   32|        224|
    |grp_fu_2210_p1                   |  85|         17|   32|        544|
    |grp_fu_2215_p0                   |  38|          7|   32|        224|
    |grp_fu_2215_p1                   |  85|         17|   32|        544|
    |grp_fu_2220_p0                   |  38|          7|   32|        224|
    |grp_fu_2220_p1                   |  85|         17|   32|        544|
    |grp_fu_2225_p0                   |  38|          7|   32|        224|
    |grp_fu_2225_p1                   |  85|         17|   32|        544|
    |grp_fu_2230_p0                   |  38|          7|   32|        224|
    |grp_fu_2230_p1                   |  85|         17|   32|        544|
    |grp_fu_2235_p0                   |  38|          7|   32|        224|
    |grp_fu_2235_p1                   |  85|         17|   32|        544|
    |grp_fu_2240_p0                   |  38|          7|   32|        224|
    |grp_fu_2240_p1                   |  85|         17|   32|        544|
    |grp_fu_2245_p0                   |  38|          7|   32|        224|
    |grp_fu_2245_p1                   |  85|         17|   32|        544|
    |grp_fu_2250_p0                   |  50|         11|   32|        352|
    |grp_fu_2250_p1                   |  62|         15|   32|        480|
    |grp_fu_2254_p0                   |  27|          5|   32|        160|
    |grp_fu_2254_p1                   |  85|         17|   32|        544|
    |grp_fu_2258_p0                   |  27|          5|   32|        160|
    |grp_fu_2258_p1                   |  85|         17|   32|        544|
    |grp_fu_2262_p0                   |  27|          5|   32|        160|
    |grp_fu_2262_p1                   |  85|         17|   32|        544|
    |grp_fu_2266_p0                   |  27|          5|   32|        160|
    |grp_fu_2266_p1                   |  85|         17|   32|        544|
    |grp_fu_2270_p0                   |  27|          5|   32|        160|
    |grp_fu_2270_p1                   |  85|         17|   32|        544|
    |grp_fu_2274_p0                   |  27|          5|   32|        160|
    |grp_fu_2274_p1                   |  85|         17|   32|        544|
    |grp_fu_2278_p0                   |  27|          5|   32|        160|
    |grp_fu_2278_p1                   |  85|         17|   32|        544|
    |grp_fu_2282_p0                   |  27|          5|   32|        160|
    |grp_fu_2282_p1                   |  85|         17|   32|        544|
    |grp_fu_2286_p0                   |  27|          5|   32|        160|
    |grp_fu_2286_p1                   |  85|         17|   32|        544|
    |grp_fu_2290_p0                   |  27|          5|   32|        160|
    |grp_fu_2290_p1                   |  85|         17|   32|        544|
    |grp_fu_2294_p0                   |  27|          5|   32|        160|
    |grp_fu_2294_p1                   |  85|         17|   32|        544|
    |grp_fu_2298_p0                   |  27|          5|   32|        160|
    |grp_fu_2298_p1                   |  85|         17|   32|        544|
    |grp_fu_2302_p0                   |  27|          5|   32|        160|
    |grp_fu_2302_p1                   |  85|         17|   32|        544|
    |grp_fu_2306_p0                   |  27|          5|   32|        160|
    |grp_fu_2306_p1                   |  85|         17|   32|        544|
    |grp_fu_2310_p0                   |  27|          5|   32|        160|
    |grp_fu_2310_p1                   |  85|         17|   32|        544|
    |grp_fu_2314_p0                   |  85|         17|   32|        544|
    |grp_fu_2314_p1                   |  15|          3|   32|         96|
    |grp_fu_2318_p0                   |  85|         17|   32|        544|
    |i_1_i_reg_2159                   |   9|          2|   10|         20|
    +---------------------------------+----+-----------+-----+-----------+
    |Total                            |4116|        812| 2183|      24991|
    +---------------------------------+----+-----------+-----+-----------+

    * Register: 
    +---------------------------------------+-----+----+-----+-----------+
    |                  Name                 |  FF | LUT| Bits| Const Bits|
    +---------------------------------------+-----+----+-----+-----------+
    |ap_CS_fsm                              |   18|   0|   18|          0|
    |ap_done_reg                            |    1|   0|    1|          0|
    |ap_enable_reg_pp0_iter0                |    1|   0|    1|          0|
    |ap_enable_reg_pp0_iter1                |    1|   0|    1|          0|
    |ap_enable_reg_pp0_iter2                |    1|   0|    1|          0|
    |ap_enable_reg_pp0_iter3                |    1|   0|    1|          0|
    |ap_enable_reg_pp0_iter4                |    1|   0|    1|          0|
    |ap_enable_reg_pp0_iter5                |    1|   0|    1|          0|
    |ap_enable_reg_pp0_iter6                |    1|   0|    1|          0|
    |ap_enable_reg_pp0_iter7                |    1|   0|    1|          0|
    |data2_addr_reg_4897                    |   10|   0|   32|         22|
    |empty_10_reg_4887                      |   32|   0|   32|          0|
    |empty_11_reg_4892                      |   32|   0|   32|          0|
    |empty_12_reg_4902                      |   32|   0|   32|          0|
    |empty_13_reg_4907                      |   32|   0|   32|          0|
    |empty_14_reg_4912                      |   32|   0|   32|          0|
    |empty_15_reg_4917                      |   32|   0|   32|          0|
    |i_1_i_reg_2159                         |   10|   0|   10|          0|
    |i_reg_4871                             |   10|   0|   10|          0|
    |reg_2323                               |   32|   0|   32|          0|
    |reg_2344                               |   32|   0|   32|          0|
    |reg_2365                               |   32|   0|   32|          0|
    |reg_2386                               |   32|   0|   32|          0|
    |reg_2407                               |   32|   0|   32|          0|
    |reg_2412                               |   32|   0|   32|          0|
    |reg_2417                               |   32|   0|   32|          0|
    |reg_2422                               |   32|   0|   32|          0|
    |reg_2427                               |   32|   0|   32|          0|
    |reg_2432                               |   32|   0|   32|          0|
    |reg_2437                               |   32|   0|   32|          0|
    |reg_2442                               |   32|   0|   32|          0|
    |reg_2447                               |   32|   0|   32|          0|
    |reg_2452                               |   32|   0|   32|          0|
    |reg_2457                               |   32|   0|   32|          0|
    |reg_2462                               |   32|   0|   32|          0|
    |reg_2467                               |   32|   0|   32|          0|
    |reg_2472                               |   32|   0|   32|          0|
    |reg_2477                               |   32|   0|   32|          0|
    |reg_2482                               |   32|   0|   32|          0|
    |reg_2487                               |   32|   0|   32|          0|
    |reg_2492                               |   32|   0|   32|          0|
    |reg_2497                               |   32|   0|   32|          0|
    |reg_2502                               |   32|   0|   32|          0|
    |reg_2507                               |   32|   0|   32|          0|
    |reg_2512                               |   32|   0|   32|          0|
    |reg_2517                               |   32|   0|   32|          0|
    |reg_2522                               |   32|   0|   32|          0|
    |reg_2527                               |   32|   0|   32|          0|
    |reg_2532                               |   32|   0|   32|          0|
    |reg_2537                               |   32|   0|   32|          0|
    |reg_2542                               |   32|   0|   32|          0|
    |reg_2547                               |   32|   0|   32|          0|
    |reg_2552                               |   32|   0|   32|          0|
    |reg_2557                               |   32|   0|   32|          0|
    |reg_2562                               |   32|   0|   32|          0|
    |reg_2567                               |   32|   0|   32|          0|
    |reg_2572                               |   32|   0|   32|          0|
    |reg_2577                               |   32|   0|   32|          0|
    |reg_2582                               |   32|   0|   32|          0|
    |reg_2587                               |   32|   0|   32|          0|
    |reg_2592                               |   32|   0|   32|          0|
    |reg_2597                               |   32|   0|   32|          0|
    |reg_2602                               |   32|   0|   32|          0|
    |reg_2607                               |   32|   0|   32|          0|
    |reg_2612                               |   32|   0|   32|          0|
    |reg_2617                               |   32|   0|   32|          0|
    |reg_2622                               |   32|   0|   32|          0|
    |reg_2627                               |   32|   0|   32|          0|
    |reg_2632                               |   32|   0|   32|          0|
    |reg_2637                               |   32|   0|   32|          0|
    |reg_2642                               |   32|   0|   32|          0|
    |reg_2647                               |   32|   0|   32|          0|
    |reg_2652                               |   32|   0|   32|          0|
    |reg_2657                               |   32|   0|   32|          0|
    |reg_2662                               |   32|   0|   32|          0|
    |reg_2667                               |   32|   0|   32|          0|
    |reg_2672                               |   32|   0|   32|          0|
    |reg_2677                               |   32|   0|   32|          0|
    |reg_2682                               |   32|   0|   32|          0|
    |reg_2687                               |   32|   0|   32|          0|
    |reg_2692                               |   32|   0|   32|          0|
    |reg_2697                               |   32|   0|   32|          0|
    |reg_2702                               |   32|   0|   32|          0|
    |reg_2707                               |   32|   0|   32|          0|
    |reg_2712                               |   32|   0|   32|          0|
    |reg_2717                               |   32|   0|   32|          0|
    |reg_2722                               |   32|   0|   32|          0|
    |reg_2727                               |   32|   0|   32|          0|
    |reg_2732                               |   32|   0|   32|          0|
    |reg_2737                               |   32|   0|   32|          0|
    |reg_2742                               |   32|   0|   32|          0|
    |reg_2747                               |   32|   0|   32|          0|
    |reg_2752                               |   32|   0|   32|          0|
    |reg_2757                               |   32|   0|   32|          0|
    |reg_2762                               |   32|   0|   32|          0|
    |reg_2767                               |   32|   0|   32|          0|
    |reg_2772                               |   32|   0|   32|          0|
    |reg_2777                               |   32|   0|   32|          0|
    |reg_2782                               |   32|   0|   32|          0|
    |reg_2787                               |   32|   0|   32|          0|
    |reg_2792                               |   32|   0|   32|          0|
    |reg_2797                               |   32|   0|   32|          0|
    |reg_2802                               |   32|   0|   32|          0|
    |reg_2807                               |   32|   0|   32|          0|
    |tmp_12_reg_6324                        |    1|   0|    1|          0|
    |tmp_17_i_reg_6394                      |    7|   0|   32|         25|
    |tmp_1_i_reg_4876                       |   10|   0|   14|          4|
    |tmp_22_reg_6334                        |    1|   0|    1|          0|
    |tmp_32_reg_6344                        |    1|   0|    1|          0|
    |tmp_3_reg_6314                         |    1|   0|    1|          0|
    |tmp_42_reg_6354                        |    1|   0|    1|          0|
    |tmp_52_reg_6364                        |    1|   0|    1|          0|
    |tmp_58_0_10_i_reg_5802                 |   32|   0|   32|          0|
    |tmp_58_0_11_i_reg_5882                 |   32|   0|   32|          0|
    |tmp_58_0_12_i_reg_5962                 |   32|   0|   32|          0|
    |tmp_58_0_13_i_reg_6042                 |   32|   0|   32|          0|
    |tmp_58_0_14_i_reg_6122                 |   32|   0|   32|          0|
    |tmp_58_0_1_i_reg_5002                  |   32|   0|   32|          0|
    |tmp_58_0_2_i_reg_5082                  |   32|   0|   32|          0|
    |tmp_58_0_3_i_reg_5162                  |   32|   0|   32|          0|
    |tmp_58_0_4_i_reg_5242                  |   32|   0|   32|          0|
    |tmp_58_0_4_i_reg_5242_pp0_iter1_reg    |   32|   0|   32|          0|
    |tmp_58_0_5_i_reg_5322                  |   32|   0|   32|          0|
    |tmp_58_0_5_i_reg_5322_pp0_iter1_reg    |   32|   0|   32|          0|
    |tmp_58_0_6_i_reg_5402                  |   32|   0|   32|          0|
    |tmp_58_0_6_i_reg_5402_pp0_iter1_reg    |   32|   0|   32|          0|
    |tmp_58_0_7_i_reg_5482                  |   32|   0|   32|          0|
    |tmp_58_0_8_i_reg_5562                  |   32|   0|   32|          0|
    |tmp_58_0_9_i_reg_5642                  |   32|   0|   32|          0|
    |tmp_58_0_i_16_reg_5722                 |   32|   0|   32|          0|
    |tmp_58_0_i_reg_4922                    |   32|   0|   32|          0|
    |tmp_58_10_10_i_reg_5852                |   32|   0|   32|          0|
    |tmp_58_10_11_i_reg_5932                |   32|   0|   32|          0|
    |tmp_58_10_12_i_reg_6012                |   32|   0|   32|          0|
    |tmp_58_10_13_i_reg_6092                |   32|   0|   32|          0|
    |tmp_58_10_14_i_reg_6172                |   32|   0|   32|          0|
    |tmp_58_10_1_i_reg_5052                 |   32|   0|   32|          0|
    |tmp_58_10_2_i_reg_5132                 |   32|   0|   32|          0|
    |tmp_58_10_3_i_reg_5212                 |   32|   0|   32|          0|
    |tmp_58_10_4_i_reg_5292                 |   32|   0|   32|          0|
    |tmp_58_10_4_i_reg_5292_pp0_iter1_reg   |   32|   0|   32|          0|
    |tmp_58_10_5_i_reg_5372                 |   32|   0|   32|          0|
    |tmp_58_10_5_i_reg_5372_pp0_iter1_reg   |   32|   0|   32|          0|
    |tmp_58_10_6_i_reg_5452                 |   32|   0|   32|          0|
    |tmp_58_10_6_i_reg_5452_pp0_iter1_reg   |   32|   0|   32|          0|
    |tmp_58_10_7_i_reg_5532                 |   32|   0|   32|          0|
    |tmp_58_10_8_i_reg_5612                 |   32|   0|   32|          0|
    |tmp_58_10_9_i_reg_5692                 |   32|   0|   32|          0|
    |tmp_58_10_i_36_reg_5772                |   32|   0|   32|          0|
    |tmp_58_10_i_reg_4972                   |   32|   0|   32|          0|
    |tmp_58_11_10_i_reg_5857                |   32|   0|   32|          0|
    |tmp_58_11_11_i_reg_5937                |   32|   0|   32|          0|
    |tmp_58_11_12_i_reg_6017                |   32|   0|   32|          0|
    |tmp_58_11_13_i_reg_6097                |   32|   0|   32|          0|
    |tmp_58_11_14_i_reg_6177                |   32|   0|   32|          0|
    |tmp_58_11_1_i_reg_5057                 |   32|   0|   32|          0|
    |tmp_58_11_2_i_reg_5137                 |   32|   0|   32|          0|
    |tmp_58_11_3_i_reg_5217                 |   32|   0|   32|          0|
    |tmp_58_11_4_i_reg_5297                 |   32|   0|   32|          0|
    |tmp_58_11_4_i_reg_5297_pp0_iter1_reg   |   32|   0|   32|          0|
    |tmp_58_11_5_i_reg_5377                 |   32|   0|   32|          0|
    |tmp_58_11_5_i_reg_5377_pp0_iter1_reg   |   32|   0|   32|          0|
    |tmp_58_11_6_i_reg_5457                 |   32|   0|   32|          0|
    |tmp_58_11_6_i_reg_5457_pp0_iter1_reg   |   32|   0|   32|          0|
    |tmp_58_11_7_i_reg_5537                 |   32|   0|   32|          0|
    |tmp_58_11_8_i_reg_5617                 |   32|   0|   32|          0|
    |tmp_58_11_9_i_reg_5697                 |   32|   0|   32|          0|
    |tmp_58_11_i_38_reg_5777                |   32|   0|   32|          0|
    |tmp_58_11_i_reg_4977                   |   32|   0|   32|          0|
    |tmp_58_12_10_i_reg_5862                |   32|   0|   32|          0|
    |tmp_58_12_11_i_reg_5942                |   32|   0|   32|          0|
    |tmp_58_12_12_i_reg_6022                |   32|   0|   32|          0|
    |tmp_58_12_13_i_reg_6102                |   32|   0|   32|          0|
    |tmp_58_12_14_i_reg_6182                |   32|   0|   32|          0|
    |tmp_58_12_1_i_reg_5062                 |   32|   0|   32|          0|
    |tmp_58_12_2_i_reg_5142                 |   32|   0|   32|          0|
    |tmp_58_12_3_i_reg_5222                 |   32|   0|   32|          0|
    |tmp_58_12_4_i_reg_5302                 |   32|   0|   32|          0|
    |tmp_58_12_4_i_reg_5302_pp0_iter1_reg   |   32|   0|   32|          0|
    |tmp_58_12_5_i_reg_5382                 |   32|   0|   32|          0|
    |tmp_58_12_5_i_reg_5382_pp0_iter1_reg   |   32|   0|   32|          0|
    |tmp_58_12_6_i_reg_5462                 |   32|   0|   32|          0|
    |tmp_58_12_6_i_reg_5462_pp0_iter1_reg   |   32|   0|   32|          0|
    |tmp_58_12_7_i_reg_5542                 |   32|   0|   32|          0|
    |tmp_58_12_8_i_reg_5622                 |   32|   0|   32|          0|
    |tmp_58_12_9_i_reg_5702                 |   32|   0|   32|          0|
    |tmp_58_12_i_40_reg_5782                |   32|   0|   32|          0|
    |tmp_58_12_i_reg_4982                   |   32|   0|   32|          0|
    |tmp_58_13_10_i_reg_5867                |   32|   0|   32|          0|
    |tmp_58_13_11_i_reg_5947                |   32|   0|   32|          0|
    |tmp_58_13_12_i_reg_6027                |   32|   0|   32|          0|
    |tmp_58_13_13_i_reg_6107                |   32|   0|   32|          0|
    |tmp_58_13_14_i_reg_6187                |   32|   0|   32|          0|
    |tmp_58_13_1_i_reg_5067                 |   32|   0|   32|          0|
    |tmp_58_13_2_i_reg_5147                 |   32|   0|   32|          0|
    |tmp_58_13_3_i_reg_5227                 |   32|   0|   32|          0|
    |tmp_58_13_4_i_reg_5307                 |   32|   0|   32|          0|
    |tmp_58_13_4_i_reg_5307_pp0_iter1_reg   |   32|   0|   32|          0|
    |tmp_58_13_5_i_reg_5387                 |   32|   0|   32|          0|
    |tmp_58_13_5_i_reg_5387_pp0_iter1_reg   |   32|   0|   32|          0|
    |tmp_58_13_6_i_reg_5467                 |   32|   0|   32|          0|
    |tmp_58_13_6_i_reg_5467_pp0_iter1_reg   |   32|   0|   32|          0|
    |tmp_58_13_7_i_reg_5547                 |   32|   0|   32|          0|
    |tmp_58_13_8_i_reg_5627                 |   32|   0|   32|          0|
    |tmp_58_13_9_i_reg_5707                 |   32|   0|   32|          0|
    |tmp_58_13_i_42_reg_5787                |   32|   0|   32|          0|
    |tmp_58_13_i_reg_4987                   |   32|   0|   32|          0|
    |tmp_58_14_10_i_reg_5872                |   32|   0|   32|          0|
    |tmp_58_14_11_i_reg_5952                |   32|   0|   32|          0|
    |tmp_58_14_12_i_reg_6032                |   32|   0|   32|          0|
    |tmp_58_14_13_i_reg_6112                |   32|   0|   32|          0|
    |tmp_58_14_14_i_reg_6192                |   32|   0|   32|          0|
    |tmp_58_14_1_i_reg_5072                 |   32|   0|   32|          0|
    |tmp_58_14_2_i_reg_5152                 |   32|   0|   32|          0|
    |tmp_58_14_3_i_reg_5232                 |   32|   0|   32|          0|
    |tmp_58_14_4_i_reg_5312                 |   32|   0|   32|          0|
    |tmp_58_14_4_i_reg_5312_pp0_iter1_reg   |   32|   0|   32|          0|
    |tmp_58_14_5_i_reg_5392                 |   32|   0|   32|          0|
    |tmp_58_14_5_i_reg_5392_pp0_iter1_reg   |   32|   0|   32|          0|
    |tmp_58_14_6_i_reg_5472                 |   32|   0|   32|          0|
    |tmp_58_14_6_i_reg_5472_pp0_iter1_reg   |   32|   0|   32|          0|
    |tmp_58_14_7_i_reg_5552                 |   32|   0|   32|          0|
    |tmp_58_14_8_i_reg_5632                 |   32|   0|   32|          0|
    |tmp_58_14_9_i_reg_5712                 |   32|   0|   32|          0|
    |tmp_58_14_i_44_reg_5792                |   32|   0|   32|          0|
    |tmp_58_14_i_reg_4992                   |   32|   0|   32|          0|
    |tmp_58_15_10_i_reg_5877                |   32|   0|   32|          0|
    |tmp_58_15_11_i_reg_5957                |   32|   0|   32|          0|
    |tmp_58_15_12_i_reg_6037                |   32|   0|   32|          0|
    |tmp_58_15_13_i_reg_6117                |   32|   0|   32|          0|
    |tmp_58_15_14_i_reg_6197                |   32|   0|   32|          0|
    |tmp_58_15_1_i_reg_5077                 |   32|   0|   32|          0|
    |tmp_58_15_2_i_reg_5157                 |   32|   0|   32|          0|
    |tmp_58_15_3_i_reg_5237                 |   32|   0|   32|          0|
    |tmp_58_15_4_i_reg_5317                 |   32|   0|   32|          0|
    |tmp_58_15_4_i_reg_5317_pp0_iter1_reg   |   32|   0|   32|          0|
    |tmp_58_15_5_i_reg_5397                 |   32|   0|   32|          0|
    |tmp_58_15_5_i_reg_5397_pp0_iter1_reg   |   32|   0|   32|          0|
    |tmp_58_15_6_i_reg_5477                 |   32|   0|   32|          0|
    |tmp_58_15_6_i_reg_5477_pp0_iter1_reg   |   32|   0|   32|          0|
    |tmp_58_15_7_i_reg_5557                 |   32|   0|   32|          0|
    |tmp_58_15_8_i_reg_5637                 |   32|   0|   32|          0|
    |tmp_58_15_9_i_reg_5717                 |   32|   0|   32|          0|
    |tmp_58_15_i_46_reg_5797                |   32|   0|   32|          0|
    |tmp_58_15_i_reg_4997                   |   32|   0|   32|          0|
    |tmp_58_1_10_i_reg_5807                 |   32|   0|   32|          0|
    |tmp_58_1_11_i_reg_5887                 |   32|   0|   32|          0|
    |tmp_58_1_12_i_reg_5967                 |   32|   0|   32|          0|
    |tmp_58_1_13_i_reg_6047                 |   32|   0|   32|          0|
    |tmp_58_1_14_i_reg_6127                 |   32|   0|   32|          0|
    |tmp_58_1_1_i_reg_5007                  |   32|   0|   32|          0|
    |tmp_58_1_2_i_reg_5087                  |   32|   0|   32|          0|
    |tmp_58_1_3_i_reg_5167                  |   32|   0|   32|          0|
    |tmp_58_1_4_i_reg_5247                  |   32|   0|   32|          0|
    |tmp_58_1_4_i_reg_5247_pp0_iter1_reg    |   32|   0|   32|          0|
    |tmp_58_1_5_i_reg_5327                  |   32|   0|   32|          0|
    |tmp_58_1_5_i_reg_5327_pp0_iter1_reg    |   32|   0|   32|          0|
    |tmp_58_1_6_i_reg_5407                  |   32|   0|   32|          0|
    |tmp_58_1_6_i_reg_5407_pp0_iter1_reg    |   32|   0|   32|          0|
    |tmp_58_1_7_i_reg_5487                  |   32|   0|   32|          0|
    |tmp_58_1_8_i_reg_5567                  |   32|   0|   32|          0|
    |tmp_58_1_9_i_reg_5647                  |   32|   0|   32|          0|
    |tmp_58_1_i_18_reg_5727                 |   32|   0|   32|          0|
    |tmp_58_1_i_reg_4927                    |   32|   0|   32|          0|
    |tmp_58_2_10_i_reg_5812                 |   32|   0|   32|          0|
    |tmp_58_2_11_i_reg_5892                 |   32|   0|   32|          0|
    |tmp_58_2_12_i_reg_5972                 |   32|   0|   32|          0|
    |tmp_58_2_13_i_reg_6052                 |   32|   0|   32|          0|
    |tmp_58_2_14_i_reg_6132                 |   32|   0|   32|          0|
    |tmp_58_2_1_i_reg_5012                  |   32|   0|   32|          0|
    |tmp_58_2_2_i_reg_5092                  |   32|   0|   32|          0|
    |tmp_58_2_3_i_reg_5172                  |   32|   0|   32|          0|
    |tmp_58_2_4_i_reg_5252                  |   32|   0|   32|          0|
    |tmp_58_2_4_i_reg_5252_pp0_iter1_reg    |   32|   0|   32|          0|
    |tmp_58_2_5_i_reg_5332                  |   32|   0|   32|          0|
    |tmp_58_2_5_i_reg_5332_pp0_iter1_reg    |   32|   0|   32|          0|
    |tmp_58_2_6_i_reg_5412                  |   32|   0|   32|          0|
    |tmp_58_2_6_i_reg_5412_pp0_iter1_reg    |   32|   0|   32|          0|
    |tmp_58_2_7_i_reg_5492                  |   32|   0|   32|          0|
    |tmp_58_2_8_i_reg_5572                  |   32|   0|   32|          0|
    |tmp_58_2_9_i_reg_5652                  |   32|   0|   32|          0|
    |tmp_58_2_i_20_reg_5732                 |   32|   0|   32|          0|
    |tmp_58_2_i_reg_4932                    |   32|   0|   32|          0|
    |tmp_58_3_10_i_reg_5817                 |   32|   0|   32|          0|
    |tmp_58_3_11_i_reg_5897                 |   32|   0|   32|          0|
    |tmp_58_3_12_i_reg_5977                 |   32|   0|   32|          0|
    |tmp_58_3_13_i_reg_6057                 |   32|   0|   32|          0|
    |tmp_58_3_14_i_reg_6137                 |   32|   0|   32|          0|
    |tmp_58_3_1_i_reg_5017                  |   32|   0|   32|          0|
    |tmp_58_3_2_i_reg_5097                  |   32|   0|   32|          0|
    |tmp_58_3_3_i_reg_5177                  |   32|   0|   32|          0|
    |tmp_58_3_4_i_reg_5257                  |   32|   0|   32|          0|
    |tmp_58_3_4_i_reg_5257_pp0_iter1_reg    |   32|   0|   32|          0|
    |tmp_58_3_5_i_reg_5337                  |   32|   0|   32|          0|
    |tmp_58_3_5_i_reg_5337_pp0_iter1_reg    |   32|   0|   32|          0|
    |tmp_58_3_6_i_reg_5417                  |   32|   0|   32|          0|
    |tmp_58_3_6_i_reg_5417_pp0_iter1_reg    |   32|   0|   32|          0|
    |tmp_58_3_7_i_reg_5497                  |   32|   0|   32|          0|
    |tmp_58_3_8_i_reg_5577                  |   32|   0|   32|          0|
    |tmp_58_3_9_i_reg_5657                  |   32|   0|   32|          0|
    |tmp_58_3_i_22_reg_5737                 |   32|   0|   32|          0|
    |tmp_58_3_i_reg_4937                    |   32|   0|   32|          0|
    |tmp_58_4_10_i_reg_5822                 |   32|   0|   32|          0|
    |tmp_58_4_11_i_reg_5902                 |   32|   0|   32|          0|
    |tmp_58_4_12_i_reg_5982                 |   32|   0|   32|          0|
    |tmp_58_4_13_i_reg_6062                 |   32|   0|   32|          0|
    |tmp_58_4_14_i_reg_6142                 |   32|   0|   32|          0|
    |tmp_58_4_1_i_reg_5022                  |   32|   0|   32|          0|
    |tmp_58_4_2_i_reg_5102                  |   32|   0|   32|          0|
    |tmp_58_4_3_i_reg_5182                  |   32|   0|   32|          0|
    |tmp_58_4_4_i_reg_5262                  |   32|   0|   32|          0|
    |tmp_58_4_4_i_reg_5262_pp0_iter1_reg    |   32|   0|   32|          0|
    |tmp_58_4_5_i_reg_5342                  |   32|   0|   32|          0|
    |tmp_58_4_5_i_reg_5342_pp0_iter1_reg    |   32|   0|   32|          0|
    |tmp_58_4_6_i_reg_5422                  |   32|   0|   32|          0|
    |tmp_58_4_6_i_reg_5422_pp0_iter1_reg    |   32|   0|   32|          0|
    |tmp_58_4_7_i_reg_5502                  |   32|   0|   32|          0|
    |tmp_58_4_8_i_reg_5582                  |   32|   0|   32|          0|
    |tmp_58_4_9_i_reg_5662                  |   32|   0|   32|          0|
    |tmp_58_4_i_24_reg_5742                 |   32|   0|   32|          0|
    |tmp_58_4_i_reg_4942                    |   32|   0|   32|          0|
    |tmp_58_5_10_i_reg_5827                 |   32|   0|   32|          0|
    |tmp_58_5_11_i_reg_5907                 |   32|   0|   32|          0|
    |tmp_58_5_12_i_reg_5987                 |   32|   0|   32|          0|
    |tmp_58_5_13_i_reg_6067                 |   32|   0|   32|          0|
    |tmp_58_5_14_i_reg_6147                 |   32|   0|   32|          0|
    |tmp_58_5_1_i_reg_5027                  |   32|   0|   32|          0|
    |tmp_58_5_2_i_reg_5107                  |   32|   0|   32|          0|
    |tmp_58_5_3_i_reg_5187                  |   32|   0|   32|          0|
    |tmp_58_5_4_i_reg_5267                  |   32|   0|   32|          0|
    |tmp_58_5_4_i_reg_5267_pp0_iter1_reg    |   32|   0|   32|          0|
    |tmp_58_5_5_i_reg_5347                  |   32|   0|   32|          0|
    |tmp_58_5_5_i_reg_5347_pp0_iter1_reg    |   32|   0|   32|          0|
    |tmp_58_5_6_i_reg_5427                  |   32|   0|   32|          0|
    |tmp_58_5_6_i_reg_5427_pp0_iter1_reg    |   32|   0|   32|          0|
    |tmp_58_5_7_i_reg_5507                  |   32|   0|   32|          0|
    |tmp_58_5_8_i_reg_5587                  |   32|   0|   32|          0|
    |tmp_58_5_9_i_reg_5667                  |   32|   0|   32|          0|
    |tmp_58_5_i_26_reg_5747                 |   32|   0|   32|          0|
    |tmp_58_5_i_reg_4947                    |   32|   0|   32|          0|
    |tmp_58_6_10_i_reg_5832                 |   32|   0|   32|          0|
    |tmp_58_6_11_i_reg_5912                 |   32|   0|   32|          0|
    |tmp_58_6_12_i_reg_5992                 |   32|   0|   32|          0|
    |tmp_58_6_13_i_reg_6072                 |   32|   0|   32|          0|
    |tmp_58_6_14_i_reg_6152                 |   32|   0|   32|          0|
    |tmp_58_6_1_i_reg_5032                  |   32|   0|   32|          0|
    |tmp_58_6_2_i_reg_5112                  |   32|   0|   32|          0|
    |tmp_58_6_3_i_reg_5192                  |   32|   0|   32|          0|
    |tmp_58_6_4_i_reg_5272                  |   32|   0|   32|          0|
    |tmp_58_6_4_i_reg_5272_pp0_iter1_reg    |   32|   0|   32|          0|
    |tmp_58_6_5_i_reg_5352                  |   32|   0|   32|          0|
    |tmp_58_6_5_i_reg_5352_pp0_iter1_reg    |   32|   0|   32|          0|
    |tmp_58_6_6_i_reg_5432                  |   32|   0|   32|          0|
    |tmp_58_6_6_i_reg_5432_pp0_iter1_reg    |   32|   0|   32|          0|
    |tmp_58_6_7_i_reg_5512                  |   32|   0|   32|          0|
    |tmp_58_6_8_i_reg_5592                  |   32|   0|   32|          0|
    |tmp_58_6_9_i_reg_5672                  |   32|   0|   32|          0|
    |tmp_58_6_i_28_reg_5752                 |   32|   0|   32|          0|
    |tmp_58_6_i_reg_4952                    |   32|   0|   32|          0|
    |tmp_58_7_10_i_reg_5837                 |   32|   0|   32|          0|
    |tmp_58_7_11_i_reg_5917                 |   32|   0|   32|          0|
    |tmp_58_7_12_i_reg_5997                 |   32|   0|   32|          0|
    |tmp_58_7_13_i_reg_6077                 |   32|   0|   32|          0|
    |tmp_58_7_14_i_reg_6157                 |   32|   0|   32|          0|
    |tmp_58_7_1_i_reg_5037                  |   32|   0|   32|          0|
    |tmp_58_7_2_i_reg_5117                  |   32|   0|   32|          0|
    |tmp_58_7_3_i_reg_5197                  |   32|   0|   32|          0|
    |tmp_58_7_4_i_reg_5277                  |   32|   0|   32|          0|
    |tmp_58_7_4_i_reg_5277_pp0_iter1_reg    |   32|   0|   32|          0|
    |tmp_58_7_5_i_reg_5357                  |   32|   0|   32|          0|
    |tmp_58_7_5_i_reg_5357_pp0_iter1_reg    |   32|   0|   32|          0|
    |tmp_58_7_6_i_reg_5437                  |   32|   0|   32|          0|
    |tmp_58_7_6_i_reg_5437_pp0_iter1_reg    |   32|   0|   32|          0|
    |tmp_58_7_7_i_reg_5517                  |   32|   0|   32|          0|
    |tmp_58_7_8_i_reg_5597                  |   32|   0|   32|          0|
    |tmp_58_7_9_i_reg_5677                  |   32|   0|   32|          0|
    |tmp_58_7_i_30_reg_5757                 |   32|   0|   32|          0|
    |tmp_58_7_i_reg_4957                    |   32|   0|   32|          0|
    |tmp_58_8_10_i_reg_5842                 |   32|   0|   32|          0|
    |tmp_58_8_11_i_reg_5922                 |   32|   0|   32|          0|
    |tmp_58_8_12_i_reg_6002                 |   32|   0|   32|          0|
    |tmp_58_8_13_i_reg_6082                 |   32|   0|   32|          0|
    |tmp_58_8_14_i_reg_6162                 |   32|   0|   32|          0|
    |tmp_58_8_1_i_reg_5042                  |   32|   0|   32|          0|
    |tmp_58_8_2_i_reg_5122                  |   32|   0|   32|          0|
    |tmp_58_8_3_i_reg_5202                  |   32|   0|   32|          0|
    |tmp_58_8_4_i_reg_5282                  |   32|   0|   32|          0|
    |tmp_58_8_4_i_reg_5282_pp0_iter1_reg    |   32|   0|   32|          0|
    |tmp_58_8_5_i_reg_5362                  |   32|   0|   32|          0|
    |tmp_58_8_5_i_reg_5362_pp0_iter1_reg    |   32|   0|   32|          0|
    |tmp_58_8_6_i_reg_5442                  |   32|   0|   32|          0|
    |tmp_58_8_6_i_reg_5442_pp0_iter1_reg    |   32|   0|   32|          0|
    |tmp_58_8_7_i_reg_5522                  |   32|   0|   32|          0|
    |tmp_58_8_8_i_reg_5602                  |   32|   0|   32|          0|
    |tmp_58_8_9_i_reg_5682                  |   32|   0|   32|          0|
    |tmp_58_8_i_32_reg_5762                 |   32|   0|   32|          0|
    |tmp_58_8_i_reg_4962                    |   32|   0|   32|          0|
    |tmp_58_9_10_i_reg_5847                 |   32|   0|   32|          0|
    |tmp_58_9_11_i_reg_5927                 |   32|   0|   32|          0|
    |tmp_58_9_12_i_reg_6007                 |   32|   0|   32|          0|
    |tmp_58_9_13_i_reg_6087                 |   32|   0|   32|          0|
    |tmp_58_9_14_i_reg_6167                 |   32|   0|   32|          0|
    |tmp_58_9_1_i_reg_5047                  |   32|   0|   32|          0|
    |tmp_58_9_2_i_reg_5127                  |   32|   0|   32|          0|
    |tmp_58_9_3_i_reg_5207                  |   32|   0|   32|          0|
    |tmp_58_9_4_i_reg_5287                  |   32|   0|   32|          0|
    |tmp_58_9_4_i_reg_5287_pp0_iter1_reg    |   32|   0|   32|          0|
    |tmp_58_9_5_i_reg_5367                  |   32|   0|   32|          0|
    |tmp_58_9_5_i_reg_5367_pp0_iter1_reg    |   32|   0|   32|          0|
    |tmp_58_9_6_i_reg_5447                  |   32|   0|   32|          0|
    |tmp_58_9_6_i_reg_5447_pp0_iter1_reg    |   32|   0|   32|          0|
    |tmp_58_9_7_i_reg_5527                  |   32|   0|   32|          0|
    |tmp_58_9_8_i_reg_5607                  |   32|   0|   32|          0|
    |tmp_58_9_9_i_reg_5687                  |   32|   0|   32|          0|
    |tmp_58_9_i_34_reg_5767                 |   32|   0|   32|          0|
    |tmp_58_9_i_reg_4967                    |   32|   0|   32|          0|
    |tmp_59_0_14_i_reg_6202                 |   32|   0|   32|          0|
    |tmp_59_0_14_i_reg_6202_pp0_iter6_reg   |   32|   0|   32|          0|
    |tmp_59_10_14_i_reg_6272                |   32|   0|   32|          0|
    |tmp_59_10_14_i_reg_6272_pp0_iter6_reg  |   32|   0|   32|          0|
    |tmp_59_11_14_i_reg_6279                |   32|   0|   32|          0|
    |tmp_59_11_14_i_reg_6279_pp0_iter6_reg  |   32|   0|   32|          0|
    |tmp_59_12_14_i_reg_6286                |   32|   0|   32|          0|
    |tmp_59_12_14_i_reg_6286_pp0_iter6_reg  |   32|   0|   32|          0|
    |tmp_59_13_14_i_reg_6293                |   32|   0|   32|          0|
    |tmp_59_14_14_i_reg_6300                |   32|   0|   32|          0|
    |tmp_59_15_14_i_reg_6307                |   32|   0|   32|          0|
    |tmp_59_1_14_i_reg_6209                 |   32|   0|   32|          0|
    |tmp_59_1_14_i_reg_6209_pp0_iter6_reg   |   32|   0|   32|          0|
    |tmp_59_2_14_i_reg_6216                 |   32|   0|   32|          0|
    |tmp_59_2_14_i_reg_6216_pp0_iter6_reg   |   32|   0|   32|          0|
    |tmp_59_3_14_i_reg_6223                 |   32|   0|   32|          0|
    |tmp_59_3_14_i_reg_6223_pp0_iter6_reg   |   32|   0|   32|          0|
    |tmp_59_4_14_i_reg_6230                 |   32|   0|   32|          0|
    |tmp_59_4_14_i_reg_6230_pp0_iter6_reg   |   32|   0|   32|          0|
    |tmp_59_5_14_i_reg_6237                 |   32|   0|   32|          0|
    |tmp_59_5_14_i_reg_6237_pp0_iter6_reg   |   32|   0|   32|          0|
    |tmp_59_6_14_i_reg_6244                 |   32|   0|   32|          0|
    |tmp_59_6_14_i_reg_6244_pp0_iter6_reg   |   32|   0|   32|          0|
    |tmp_59_7_14_i_reg_6251                 |   32|   0|   32|          0|
    |tmp_59_7_14_i_reg_6251_pp0_iter6_reg   |   32|   0|   32|          0|
    |tmp_59_8_14_i_reg_6258                 |   32|   0|   32|          0|
    |tmp_59_8_14_i_reg_6258_pp0_iter6_reg   |   32|   0|   32|          0|
    |tmp_59_9_14_i_reg_6265                 |   32|   0|   32|          0|
    |tmp_59_9_14_i_reg_6265_pp0_iter6_reg   |   32|   0|   32|          0|
    |tmp_62_reg_6374                        |    1|   0|    1|          0|
    |tmp_72_reg_6384                        |    1|   0|    1|          0|
    |tmp_79_reg_6319                        |    1|   0|    1|          0|
    |tmp_80_reg_6329                        |    1|   0|    1|          0|
    |tmp_82_reg_6339                        |    1|   0|    1|          0|
    |tmp_84_reg_6359                        |    1|   0|    1|          0|
    |tmp_85_reg_6369                        |    1|   0|    1|          0|
    |tmp_86_reg_6379                        |    1|   0|    1|          0|
    |tmp_87_reg_6389                        |    1|   0|    1|          0|
    |tmp_91_reg_6349                        |    1|   0|    1|          0|
    |tmp_i_reg_4867                         |    1|   0|    1|          0|
    |data2_addr_reg_4897                    |   64|  32|   32|         22|
    |tmp_58_0_10_i_reg_5802                 |   64|  32|   32|          0|
    |tmp_58_0_11_i_reg_5882                 |   64|  32|   32|          0|
    |tmp_58_0_12_i_reg_5962                 |   64|  32|   32|          0|
    |tmp_58_0_13_i_reg_6042                 |   64|  32|   32|          0|
    |tmp_58_0_14_i_reg_6122                 |   64|  32|   32|          0|
    |tmp_58_0_7_i_reg_5482                  |   64|  32|   32|          0|
    |tmp_58_0_8_i_reg_5562                  |   64|  32|   32|          0|
    |tmp_58_0_9_i_reg_5642                  |   64|  32|   32|          0|
    |tmp_58_0_i_16_reg_5722                 |   64|  32|   32|          0|
    |tmp_58_10_10_i_reg_5852                |   64|  32|   32|          0|
    |tmp_58_10_11_i_reg_5932                |   64|  32|   32|          0|
    |tmp_58_10_12_i_reg_6012                |   64|  32|   32|          0|
    |tmp_58_10_13_i_reg_6092                |   64|  32|   32|          0|
    |tmp_58_10_14_i_reg_6172                |   64|  32|   32|          0|
    |tmp_58_10_7_i_reg_5532                 |   64|  32|   32|          0|
    |tmp_58_10_8_i_reg_5612                 |   64|  32|   32|          0|
    |tmp_58_10_9_i_reg_5692                 |   64|  32|   32|          0|
    |tmp_58_10_i_36_reg_5772                |   64|  32|   32|          0|
    |tmp_58_11_10_i_reg_5857                |   64|  32|   32|          0|
    |tmp_58_11_11_i_reg_5937                |   64|  32|   32|          0|
    |tmp_58_11_12_i_reg_6017                |   64|  32|   32|          0|
    |tmp_58_11_13_i_reg_6097                |   64|  32|   32|          0|
    |tmp_58_11_14_i_reg_6177                |   64|  32|   32|          0|
    |tmp_58_11_7_i_reg_5537                 |   64|  32|   32|          0|
    |tmp_58_11_8_i_reg_5617                 |   64|  32|   32|          0|
    |tmp_58_11_9_i_reg_5697                 |   64|  32|   32|          0|
    |tmp_58_11_i_38_reg_5777                |   64|  32|   32|          0|
    |tmp_58_12_10_i_reg_5862                |   64|  32|   32|          0|
    |tmp_58_12_11_i_reg_5942                |   64|  32|   32|          0|
    |tmp_58_12_12_i_reg_6022                |   64|  32|   32|          0|
    |tmp_58_12_13_i_reg_6102                |   64|  32|   32|          0|
    |tmp_58_12_14_i_reg_6182                |   64|  32|   32|          0|
    |tmp_58_12_7_i_reg_5542                 |   64|  32|   32|          0|
    |tmp_58_12_8_i_reg_5622                 |   64|  32|   32|          0|
    |tmp_58_12_9_i_reg_5702                 |   64|  32|   32|          0|
    |tmp_58_12_i_40_reg_5782                |   64|  32|   32|          0|
    |tmp_58_13_10_i_reg_5867                |   64|  32|   32|          0|
    |tmp_58_13_11_i_reg_5947                |   64|  32|   32|          0|
    |tmp_58_13_12_i_reg_6027                |   64|  32|   32|          0|
    |tmp_58_13_13_i_reg_6107                |   64|  32|   32|          0|
    |tmp_58_13_14_i_reg_6187                |   64|  32|   32|          0|
    |tmp_58_13_7_i_reg_5547                 |   64|  32|   32|          0|
    |tmp_58_13_8_i_reg_5627                 |   64|  32|   32|          0|
    |tmp_58_13_9_i_reg_5707                 |   64|  32|   32|          0|
    |tmp_58_13_i_42_reg_5787                |   64|  32|   32|          0|
    |tmp_58_14_10_i_reg_5872                |   64|  32|   32|          0|
    |tmp_58_14_11_i_reg_5952                |   64|  32|   32|          0|
    |tmp_58_14_12_i_reg_6032                |   64|  32|   32|          0|
    |tmp_58_14_13_i_reg_6112                |   64|  32|   32|          0|
    |tmp_58_14_14_i_reg_6192                |   64|  32|   32|          0|
    |tmp_58_14_7_i_reg_5552                 |   64|  32|   32|          0|
    |tmp_58_14_8_i_reg_5632                 |   64|  32|   32|          0|
    |tmp_58_14_9_i_reg_5712                 |   64|  32|   32|          0|
    |tmp_58_14_i_44_reg_5792                |   64|  32|   32|          0|
    |tmp_58_15_10_i_reg_5877                |   64|  32|   32|          0|
    |tmp_58_15_11_i_reg_5957                |   64|  32|   32|          0|
    |tmp_58_15_12_i_reg_6037                |   64|  32|   32|          0|
    |tmp_58_15_13_i_reg_6117                |   64|  32|   32|          0|
    |tmp_58_15_14_i_reg_6197                |   64|  32|   32|          0|
    |tmp_58_15_7_i_reg_5557                 |   64|  32|   32|          0|
    |tmp_58_15_8_i_reg_5637                 |   64|  32|   32|          0|
    |tmp_58_15_9_i_reg_5717                 |   64|  32|   32|          0|
    |tmp_58_15_i_46_reg_5797                |   64|  32|   32|          0|
    |tmp_58_1_10_i_reg_5807                 |   64|  32|   32|          0|
    |tmp_58_1_11_i_reg_5887                 |   64|  32|   32|          0|
    |tmp_58_1_12_i_reg_5967                 |   64|  32|   32|          0|
    |tmp_58_1_13_i_reg_6047                 |   64|  32|   32|          0|
    |tmp_58_1_14_i_reg_6127                 |   64|  32|   32|          0|
    |tmp_58_1_7_i_reg_5487                  |   64|  32|   32|          0|
    |tmp_58_1_8_i_reg_5567                  |   64|  32|   32|          0|
    |tmp_58_1_9_i_reg_5647                  |   64|  32|   32|          0|
    |tmp_58_1_i_18_reg_5727                 |   64|  32|   32|          0|
    |tmp_58_2_10_i_reg_5812                 |   64|  32|   32|          0|
    |tmp_58_2_11_i_reg_5892                 |   64|  32|   32|          0|
    |tmp_58_2_12_i_reg_5972                 |   64|  32|   32|          0|
    |tmp_58_2_13_i_reg_6052                 |   64|  32|   32|          0|
    |tmp_58_2_14_i_reg_6132                 |   64|  32|   32|          0|
    |tmp_58_2_7_i_reg_5492                  |   64|  32|   32|          0|
    |tmp_58_2_8_i_reg_5572                  |   64|  32|   32|          0|
    |tmp_58_2_9_i_reg_5652                  |   64|  32|   32|          0|
    |tmp_58_2_i_20_reg_5732                 |   64|  32|   32|          0|
    |tmp_58_3_10_i_reg_5817                 |   64|  32|   32|          0|
    |tmp_58_3_11_i_reg_5897                 |   64|  32|   32|          0|
    |tmp_58_3_12_i_reg_5977                 |   64|  32|   32|          0|
    |tmp_58_3_13_i_reg_6057                 |   64|  32|   32|          0|
    |tmp_58_3_14_i_reg_6137                 |   64|  32|   32|          0|
    |tmp_58_3_7_i_reg_5497                  |   64|  32|   32|          0|
    |tmp_58_3_8_i_reg_5577                  |   64|  32|   32|          0|
    |tmp_58_3_9_i_reg_5657                  |   64|  32|   32|          0|
    |tmp_58_3_i_22_reg_5737                 |   64|  32|   32|          0|
    |tmp_58_4_10_i_reg_5822                 |   64|  32|   32|          0|
    |tmp_58_4_11_i_reg_5902                 |   64|  32|   32|          0|
    |tmp_58_4_12_i_reg_5982                 |   64|  32|   32|          0|
    |tmp_58_4_13_i_reg_6062                 |   64|  32|   32|          0|
    |tmp_58_4_14_i_reg_6142                 |   64|  32|   32|          0|
    |tmp_58_4_7_i_reg_5502                  |   64|  32|   32|          0|
    |tmp_58_4_8_i_reg_5582                  |   64|  32|   32|          0|
    |tmp_58_4_9_i_reg_5662                  |   64|  32|   32|          0|
    |tmp_58_4_i_24_reg_5742                 |   64|  32|   32|          0|
    |tmp_58_5_10_i_reg_5827                 |   64|  32|   32|          0|
    |tmp_58_5_11_i_reg_5907                 |   64|  32|   32|          0|
    |tmp_58_5_12_i_reg_5987                 |   64|  32|   32|          0|
    |tmp_58_5_13_i_reg_6067                 |   64|  32|   32|          0|
    |tmp_58_5_14_i_reg_6147                 |   64|  32|   32|          0|
    |tmp_58_5_7_i_reg_5507                  |   64|  32|   32|          0|
    |tmp_58_5_8_i_reg_5587                  |   64|  32|   32|          0|
    |tmp_58_5_9_i_reg_5667                  |   64|  32|   32|          0|
    |tmp_58_5_i_26_reg_5747                 |   64|  32|   32|          0|
    |tmp_58_6_10_i_reg_5832                 |   64|  32|   32|          0|
    |tmp_58_6_11_i_reg_5912                 |   64|  32|   32|          0|
    |tmp_58_6_12_i_reg_5992                 |   64|  32|   32|          0|
    |tmp_58_6_13_i_reg_6072                 |   64|  32|   32|          0|
    |tmp_58_6_14_i_reg_6152                 |   64|  32|   32|          0|
    |tmp_58_6_7_i_reg_5512                  |   64|  32|   32|          0|
    |tmp_58_6_8_i_reg_5592                  |   64|  32|   32|          0|
    |tmp_58_6_9_i_reg_5672                  |   64|  32|   32|          0|
    |tmp_58_6_i_28_reg_5752                 |   64|  32|   32|          0|
    |tmp_58_7_10_i_reg_5837                 |   64|  32|   32|          0|
    |tmp_58_7_11_i_reg_5917                 |   64|  32|   32|          0|
    |tmp_58_7_12_i_reg_5997                 |   64|  32|   32|          0|
    |tmp_58_7_13_i_reg_6077                 |   64|  32|   32|          0|
    |tmp_58_7_14_i_reg_6157                 |   64|  32|   32|          0|
    |tmp_58_7_7_i_reg_5517                  |   64|  32|   32|          0|
    |tmp_58_7_8_i_reg_5597                  |   64|  32|   32|          0|
    |tmp_58_7_9_i_reg_5677                  |   64|  32|   32|          0|
    |tmp_58_7_i_30_reg_5757                 |   64|  32|   32|          0|
    |tmp_58_8_10_i_reg_5842                 |   64|  32|   32|          0|
    |tmp_58_8_11_i_reg_5922                 |   64|  32|   32|          0|
    |tmp_58_8_12_i_reg_6002                 |   64|  32|   32|          0|
    |tmp_58_8_13_i_reg_6082                 |   64|  32|   32|          0|
    |tmp_58_8_14_i_reg_6162                 |   64|  32|   32|          0|
    |tmp_58_8_7_i_reg_5522                  |   64|  32|   32|          0|
    |tmp_58_8_8_i_reg_5602                  |   64|  32|   32|          0|
    |tmp_58_8_9_i_reg_5682                  |   64|  32|   32|          0|
    |tmp_58_8_i_32_reg_5762                 |   64|  32|   32|          0|
    |tmp_58_9_10_i_reg_5847                 |   64|  32|   32|          0|
    |tmp_58_9_11_i_reg_5927                 |   64|  32|   32|          0|
    |tmp_58_9_12_i_reg_6007                 |   64|  32|   32|          0|
    |tmp_58_9_13_i_reg_6087                 |   64|  32|   32|          0|
    |tmp_58_9_14_i_reg_6167                 |   64|  32|   32|          0|
    |tmp_58_9_7_i_reg_5527                  |   64|  32|   32|          0|
    |tmp_58_9_8_i_reg_5607                  |   64|  32|   32|          0|
    |tmp_58_9_9_i_reg_5687                  |   64|  32|   32|          0|
    |tmp_58_9_i_34_reg_5767                 |   64|  32|   32|          0|
    |tmp_59_13_14_i_reg_6293                |   64|  32|   32|          0|
    |tmp_59_14_14_i_reg_6300                |   64|  32|   32|          0|
    |tmp_59_15_14_i_reg_6307                |   64|  32|   32|          0|
    |tmp_i_reg_4867                         |   64|  32|    1|          0|
    +---------------------------------------+-----+----+-----+-----------+
    |Total                                  |23195|4768|18447|         73|
    +---------------------------------------+-----+----+-----+-----------+



================================================================
== Interface
================================================================
* Summary: 
+-------------------+-----+-----+------------+--------------------+--------------+
|     RTL Ports     | Dir | Bits|  Protocol  |    Source Object   |    C Type    |
+-------------------+-----+-----+------------+--------------------+--------------+
|ap_clk             |  in |    1| ap_ctrl_hs | Loop_sizeLoop_proc | return value |
|ap_rst             |  in |    1| ap_ctrl_hs | Loop_sizeLoop_proc | return value |
|ap_start           |  in |    1| ap_ctrl_hs | Loop_sizeLoop_proc | return value |
|ap_done            | out |    1| ap_ctrl_hs | Loop_sizeLoop_proc | return value |
|ap_continue        |  in |    1| ap_ctrl_hs | Loop_sizeLoop_proc | return value |
|ap_idle            | out |    1| ap_ctrl_hs | Loop_sizeLoop_proc | return value |
|ap_ready           | out |    1| ap_ctrl_hs | Loop_sizeLoop_proc | return value |
|data1_req_din      | out |    1|   ap_bus   |        data1       |    pointer   |
|data1_req_full_n   |  in |    1|   ap_bus   |        data1       |    pointer   |
|data1_req_write    | out |    1|   ap_bus   |        data1       |    pointer   |
|data1_rsp_empty_n  |  in |    1|   ap_bus   |        data1       |    pointer   |
|data1_rsp_read     | out |    1|   ap_bus   |        data1       |    pointer   |
|data1_address      | out |   32|   ap_bus   |        data1       |    pointer   |
|data1_datain       |  in |   32|   ap_bus   |        data1       |    pointer   |
|data1_dataout      | out |   32|   ap_bus   |        data1       |    pointer   |
|data1_size         | out |   32|   ap_bus   |        data1       |    pointer   |
|empty_address0     | out |    8|  ap_memory |        empty       |     array    |
|empty_ce0          | out |    1|  ap_memory |        empty       |     array    |
|empty_q0           |  in |   32|  ap_memory |        empty       |     array    |
|empty_address1     | out |    8|  ap_memory |        empty       |     array    |
|empty_ce1          | out |    1|  ap_memory |        empty       |     array    |
|empty_q1           |  in |   32|  ap_memory |        empty       |     array    |
|p_read             |  in |   32|   ap_none  |       p_read       |    scalar    |
|p_read1            |  in |   32|   ap_none  |       p_read1      |    scalar    |
|p_read2            |  in |   32|   ap_none  |       p_read2      |    scalar    |
|p_read3            |  in |   32|   ap_none  |       p_read3      |    scalar    |
|p_read4            |  in |   32|   ap_none  |       p_read4      |    scalar    |
|p_read5            |  in |   32|   ap_none  |       p_read5      |    scalar    |
|p_read6            |  in |   32|   ap_none  |       p_read6      |    scalar    |
|p_read7            |  in |   32|   ap_none  |       p_read7      |    scalar    |
|p_read8            |  in |   32|   ap_none  |       p_read8      |    scalar    |
|p_read9            |  in |   32|   ap_none  |       p_read9      |    scalar    |
|p_read10           |  in |   32|   ap_none  |      p_read10      |    scalar    |
|p_read11           |  in |   32|   ap_none  |      p_read11      |    scalar    |
|p_read12           |  in |   32|   ap_none  |      p_read12      |    scalar    |
|p_read13           |  in |   32|   ap_none  |      p_read13      |    scalar    |
|p_read14           |  in |   32|   ap_none  |      p_read14      |    scalar    |
|p_read15           |  in |   32|   ap_none  |      p_read15      |    scalar    |
|p_read16           |  in |   32|   ap_none  |      p_read16      |    scalar    |
|p_read17           |  in |   32|   ap_none  |      p_read17      |    scalar    |
|p_read18           |  in |   32|   ap_none  |      p_read18      |    scalar    |
|p_read19           |  in |   32|   ap_none  |      p_read19      |    scalar    |
|p_read20           |  in |   32|   ap_none  |      p_read20      |    scalar    |
|p_read21           |  in |   32|   ap_none  |      p_read21      |    scalar    |
|p_read22           |  in |   32|   ap_none  |      p_read22      |    scalar    |
|p_read23           |  in |   32|   ap_none  |      p_read23      |    scalar    |
|p_read24           |  in |   32|   ap_none  |      p_read24      |    scalar    |
|p_read25           |  in |   32|   ap_none  |      p_read25      |    scalar    |
|p_read26           |  in |   32|   ap_none  |      p_read26      |    scalar    |
|p_read27           |  in |   32|   ap_none  |      p_read27      |    scalar    |
|p_read28           |  in |   32|   ap_none  |      p_read28      |    scalar    |
|p_read29           |  in |   32|   ap_none  |      p_read29      |    scalar    |
|p_read30           |  in |   32|   ap_none  |      p_read30      |    scalar    |
|p_read31           |  in |   32|   ap_none  |      p_read31      |    scalar    |
|p_read32           |  in |   32|   ap_none  |      p_read32      |    scalar    |
|p_read33           |  in |   32|   ap_none  |      p_read33      |    scalar    |
|p_read34           |  in |   32|   ap_none  |      p_read34      |    scalar    |
|p_read35           |  in |   32|   ap_none  |      p_read35      |    scalar    |
|p_read36           |  in |   32|   ap_none  |      p_read36      |    scalar    |
|p_read37           |  in |   32|   ap_none  |      p_read37      |    scalar    |
|p_read38           |  in |   32|   ap_none  |      p_read38      |    scalar    |
|p_read39           |  in |   32|   ap_none  |      p_read39      |    scalar    |
|p_read40           |  in |   32|   ap_none  |      p_read40      |    scalar    |
|p_read41           |  in |   32|   ap_none  |      p_read41      |    scalar    |
|p_read42           |  in |   32|   ap_none  |      p_read42      |    scalar    |
|p_read43           |  in |   32|   ap_none  |      p_read43      |    scalar    |
|p_read44           |  in |   32|   ap_none  |      p_read44      |    scalar    |
|p_read45           |  in |   32|   ap_none  |      p_read45      |    scalar    |
|p_read46           |  in |   32|   ap_none  |      p_read46      |    scalar    |
|p_read47           |  in |   32|   ap_none  |      p_read47      |    scalar    |
|p_read48           |  in |   32|   ap_none  |      p_read48      |    scalar    |
|p_read49           |  in |   32|   ap_none  |      p_read49      |    scalar    |
|p_read50           |  in |   32|   ap_none  |      p_read50      |    scalar    |
|p_read51           |  in |   32|   ap_none  |      p_read51      |    scalar    |
|p_read52           |  in |   32|   ap_none  |      p_read52      |    scalar    |
|p_read53           |  in |   32|   ap_none  |      p_read53      |    scalar    |
|p_read54           |  in |   32|   ap_none  |      p_read54      |    scalar    |
|p_read55           |  in |   32|   ap_none  |      p_read55      |    scalar    |
|p_read56           |  in |   32|   ap_none  |      p_read56      |    scalar    |
|p_read57           |  in |   32|   ap_none  |      p_read57      |    scalar    |
|p_read58           |  in |   32|   ap_none  |      p_read58      |    scalar    |
|p_read59           |  in |   32|   ap_none  |      p_read59      |    scalar    |
|p_read60           |  in |   32|   ap_none  |      p_read60      |    scalar    |
|p_read61           |  in |   32|   ap_none  |      p_read61      |    scalar    |
|p_read62           |  in |   32|   ap_none  |      p_read62      |    scalar    |
|p_read63           |  in |   32|   ap_none  |      p_read63      |    scalar    |
|p_read64           |  in |   32|   ap_none  |      p_read64      |    scalar    |
|p_read65           |  in |   32|   ap_none  |      p_read65      |    scalar    |
|p_read66           |  in |   32|   ap_none  |      p_read66      |    scalar    |
|p_read67           |  in |   32|   ap_none  |      p_read67      |    scalar    |
|p_read68           |  in |   32|   ap_none  |      p_read68      |    scalar    |
|p_read69           |  in |   32|   ap_none  |      p_read69      |    scalar    |
|p_read70           |  in |   32|   ap_none  |      p_read70      |    scalar    |
|p_read71           |  in |   32|   ap_none  |      p_read71      |    scalar    |
|p_read72           |  in |   32|   ap_none  |      p_read72      |    scalar    |
|p_read73           |  in |   32|   ap_none  |      p_read73      |    scalar    |
|p_read74           |  in |   32|   ap_none  |      p_read74      |    scalar    |
|p_read75           |  in |   32|   ap_none  |      p_read75      |    scalar    |
|p_read76           |  in |   32|   ap_none  |      p_read76      |    scalar    |
|p_read77           |  in |   32|   ap_none  |      p_read77      |    scalar    |
|p_read78           |  in |   32|   ap_none  |      p_read78      |    scalar    |
|p_read79           |  in |   32|   ap_none  |      p_read79      |    scalar    |
|p_read80           |  in |   32|   ap_none  |      p_read80      |    scalar    |
|p_read81           |  in |   32|   ap_none  |      p_read81      |    scalar    |
|p_read82           |  in |   32|   ap_none  |      p_read82      |    scalar    |
|p_read83           |  in |   32|   ap_none  |      p_read83      |    scalar    |
|p_read84           |  in |   32|   ap_none  |      p_read84      |    scalar    |
|p_read85           |  in |   32|   ap_none  |      p_read85      |    scalar    |
|p_read86           |  in |   32|   ap_none  |      p_read86      |    scalar    |
|p_read87           |  in |   32|   ap_none  |      p_read87      |    scalar    |
|p_read88           |  in |   32|   ap_none  |      p_read88      |    scalar    |
|p_read89           |  in |   32|   ap_none  |      p_read89      |    scalar    |
|p_read90           |  in |   32|   ap_none  |      p_read90      |    scalar    |
|p_read91           |  in |   32|   ap_none  |      p_read91      |    scalar    |
|p_read92           |  in |   32|   ap_none  |      p_read92      |    scalar    |
|p_read93           |  in |   32|   ap_none  |      p_read93      |    scalar    |
|p_read94           |  in |   32|   ap_none  |      p_read94      |    scalar    |
|p_read95           |  in |   32|   ap_none  |      p_read95      |    scalar    |
|p_read96           |  in |   32|   ap_none  |      p_read96      |    scalar    |
|p_read97           |  in |   32|   ap_none  |      p_read97      |    scalar    |
|p_read98           |  in |   32|   ap_none  |      p_read98      |    scalar    |
|p_read99           |  in |   32|   ap_none  |      p_read99      |    scalar    |
|p_read100          |  in |   32|   ap_none  |      p_read100     |    scalar    |
|p_read101          |  in |   32|   ap_none  |      p_read101     |    scalar    |
|p_read102          |  in |   32|   ap_none  |      p_read102     |    scalar    |
|p_read103          |  in |   32|   ap_none  |      p_read103     |    scalar    |
|p_read104          |  in |   32|   ap_none  |      p_read104     |    scalar    |
|p_read105          |  in |   32|   ap_none  |      p_read105     |    scalar    |
|p_read106          |  in |   32|   ap_none  |      p_read106     |    scalar    |
|p_read107          |  in |   32|   ap_none  |      p_read107     |    scalar    |
|p_read108          |  in |   32|   ap_none  |      p_read108     |    scalar    |
|p_read109          |  in |   32|   ap_none  |      p_read109     |    scalar    |
|p_read110          |  in |   32|   ap_none  |      p_read110     |    scalar    |
|p_read111          |  in |   32|   ap_none  |      p_read111     |    scalar    |
|p_read112          |  in |   32|   ap_none  |      p_read112     |    scalar    |
|p_read113          |  in |   32|   ap_none  |      p_read113     |    scalar    |
|p_read114          |  in |   32|   ap_none  |      p_read114     |    scalar    |
|p_read115          |  in |   32|   ap_none  |      p_read115     |    scalar    |
|p_read116          |  in |   32|   ap_none  |      p_read116     |    scalar    |
|p_read117          |  in |   32|   ap_none  |      p_read117     |    scalar    |
|p_read118          |  in |   32|   ap_none  |      p_read118     |    scalar    |
|p_read119          |  in |   32|   ap_none  |      p_read119     |    scalar    |
|p_read120          |  in |   32|   ap_none  |      p_read120     |    scalar    |
|p_read121          |  in |   32|   ap_none  |      p_read121     |    scalar    |
|p_read122          |  in |   32|   ap_none  |      p_read122     |    scalar    |
|p_read123          |  in |   32|   ap_none  |      p_read123     |    scalar    |
|p_read124          |  in |   32|   ap_none  |      p_read124     |    scalar    |
|p_read125          |  in |   32|   ap_none  |      p_read125     |    scalar    |
|p_read126          |  in |   32|   ap_none  |      p_read126     |    scalar    |
|p_read127          |  in |   32|   ap_none  |      p_read127     |    scalar    |
|p_read128          |  in |   32|   ap_none  |      p_read128     |    scalar    |
|p_read129          |  in |   32|   ap_none  |      p_read129     |    scalar    |
|p_read130          |  in |   32|   ap_none  |      p_read130     |    scalar    |
|p_read131          |  in |   32|   ap_none  |      p_read131     |    scalar    |
|p_read132          |  in |   32|   ap_none  |      p_read132     |    scalar    |
|p_read133          |  in |   32|   ap_none  |      p_read133     |    scalar    |
|p_read134          |  in |   32|   ap_none  |      p_read134     |    scalar    |
|p_read135          |  in |   32|   ap_none  |      p_read135     |    scalar    |
|p_read136          |  in |   32|   ap_none  |      p_read136     |    scalar    |
|p_read137          |  in |   32|   ap_none  |      p_read137     |    scalar    |
|p_read138          |  in |   32|   ap_none  |      p_read138     |    scalar    |
|p_read139          |  in |   32|   ap_none  |      p_read139     |    scalar    |
|p_read140          |  in |   32|   ap_none  |      p_read140     |    scalar    |
|p_read141          |  in |   32|   ap_none  |      p_read141     |    scalar    |
|p_read142          |  in |   32|   ap_none  |      p_read142     |    scalar    |
|p_read143          |  in |   32|   ap_none  |      p_read143     |    scalar    |
|p_read144          |  in |   32|   ap_none  |      p_read144     |    scalar    |
|p_read145          |  in |   32|   ap_none  |      p_read145     |    scalar    |
|p_read146          |  in |   32|   ap_none  |      p_read146     |    scalar    |
|p_read147          |  in |   32|   ap_none  |      p_read147     |    scalar    |
|p_read148          |  in |   32|   ap_none  |      p_read148     |    scalar    |
|p_read149          |  in |   32|   ap_none  |      p_read149     |    scalar    |
|p_read150          |  in |   32|   ap_none  |      p_read150     |    scalar    |
|p_read151          |  in |   32|   ap_none  |      p_read151     |    scalar    |
|p_read152          |  in |   32|   ap_none  |      p_read152     |    scalar    |
|p_read153          |  in |   32|   ap_none  |      p_read153     |    scalar    |
|p_read154          |  in |   32|   ap_none  |      p_read154     |    scalar    |
|p_read155          |  in |   32|   ap_none  |      p_read155     |    scalar    |
|p_read156          |  in |   32|   ap_none  |      p_read156     |    scalar    |
|p_read157          |  in |   32|   ap_none  |      p_read157     |    scalar    |
|p_read158          |  in |   32|   ap_none  |      p_read158     |    scalar    |
|p_read159          |  in |   32|   ap_none  |      p_read159     |    scalar    |
|p_read160          |  in |   32|   ap_none  |      p_read160     |    scalar    |
|p_read161          |  in |   32|   ap_none  |      p_read161     |    scalar    |
|p_read162          |  in |   32|   ap_none  |      p_read162     |    scalar    |
|p_read163          |  in |   32|   ap_none  |      p_read163     |    scalar    |
|p_read164          |  in |   32|   ap_none  |      p_read164     |    scalar    |
|p_read165          |  in |   32|   ap_none  |      p_read165     |    scalar    |
|p_read166          |  in |   32|   ap_none  |      p_read166     |    scalar    |
|p_read167          |  in |   32|   ap_none  |      p_read167     |    scalar    |
|p_read168          |  in |   32|   ap_none  |      p_read168     |    scalar    |
|p_read169          |  in |   32|   ap_none  |      p_read169     |    scalar    |
|p_read170          |  in |   32|   ap_none  |      p_read170     |    scalar    |
|p_read171          |  in |   32|   ap_none  |      p_read171     |    scalar    |
|p_read172          |  in |   32|   ap_none  |      p_read172     |    scalar    |
|p_read173          |  in |   32|   ap_none  |      p_read173     |    scalar    |
|p_read174          |  in |   32|   ap_none  |      p_read174     |    scalar    |
|p_read175          |  in |   32|   ap_none  |      p_read175     |    scalar    |
|p_read176          |  in |   32|   ap_none  |      p_read176     |    scalar    |
|p_read177          |  in |   32|   ap_none  |      p_read177     |    scalar    |
|p_read178          |  in |   32|   ap_none  |      p_read178     |    scalar    |
|p_read179          |  in |   32|   ap_none  |      p_read179     |    scalar    |
|p_read180          |  in |   32|   ap_none  |      p_read180     |    scalar    |
|p_read181          |  in |   32|   ap_none  |      p_read181     |    scalar    |
|p_read182          |  in |   32|   ap_none  |      p_read182     |    scalar    |
|p_read183          |  in |   32|   ap_none  |      p_read183     |    scalar    |
|p_read184          |  in |   32|   ap_none  |      p_read184     |    scalar    |
|p_read185          |  in |   32|   ap_none  |      p_read185     |    scalar    |
|p_read186          |  in |   32|   ap_none  |      p_read186     |    scalar    |
|p_read187          |  in |   32|   ap_none  |      p_read187     |    scalar    |
|p_read188          |  in |   32|   ap_none  |      p_read188     |    scalar    |
|p_read189          |  in |   32|   ap_none  |      p_read189     |    scalar    |
|p_read190          |  in |   32|   ap_none  |      p_read190     |    scalar    |
|p_read191          |  in |   32|   ap_none  |      p_read191     |    scalar    |
|p_read192          |  in |   32|   ap_none  |      p_read192     |    scalar    |
|p_read193          |  in |   32|   ap_none  |      p_read193     |    scalar    |
|p_read194          |  in |   32|   ap_none  |      p_read194     |    scalar    |
|p_read195          |  in |   32|   ap_none  |      p_read195     |    scalar    |
|p_read196          |  in |   32|   ap_none  |      p_read196     |    scalar    |
|p_read197          |  in |   32|   ap_none  |      p_read197     |    scalar    |
|p_read198          |  in |   32|   ap_none  |      p_read198     |    scalar    |
|p_read199          |  in |   32|   ap_none  |      p_read199     |    scalar    |
|p_read200          |  in |   32|   ap_none  |      p_read200     |    scalar    |
|p_read201          |  in |   32|   ap_none  |      p_read201     |    scalar    |
|p_read202          |  in |   32|   ap_none  |      p_read202     |    scalar    |
|p_read203          |  in |   32|   ap_none  |      p_read203     |    scalar    |
|p_read204          |  in |   32|   ap_none  |      p_read204     |    scalar    |
|p_read205          |  in |   32|   ap_none  |      p_read205     |    scalar    |
|p_read206          |  in |   32|   ap_none  |      p_read206     |    scalar    |
|p_read207          |  in |   32|   ap_none  |      p_read207     |    scalar    |
|p_read208          |  in |   32|   ap_none  |      p_read208     |    scalar    |
|p_read209          |  in |   32|   ap_none  |      p_read209     |    scalar    |
|p_read210          |  in |   32|   ap_none  |      p_read210     |    scalar    |
|p_read211          |  in |   32|   ap_none  |      p_read211     |    scalar    |
|p_read212          |  in |   32|   ap_none  |      p_read212     |    scalar    |
|p_read213          |  in |   32|   ap_none  |      p_read213     |    scalar    |
|p_read214          |  in |   32|   ap_none  |      p_read214     |    scalar    |
|p_read215          |  in |   32|   ap_none  |      p_read215     |    scalar    |
|p_read216          |  in |   32|   ap_none  |      p_read216     |    scalar    |
|p_read217          |  in |   32|   ap_none  |      p_read217     |    scalar    |
|p_read218          |  in |   32|   ap_none  |      p_read218     |    scalar    |
|p_read219          |  in |   32|   ap_none  |      p_read219     |    scalar    |
|p_read220          |  in |   32|   ap_none  |      p_read220     |    scalar    |
|p_read221          |  in |   32|   ap_none  |      p_read221     |    scalar    |
|p_read222          |  in |   32|   ap_none  |      p_read222     |    scalar    |
|p_read223          |  in |   32|   ap_none  |      p_read223     |    scalar    |
|p_read224          |  in |   32|   ap_none  |      p_read224     |    scalar    |
|p_read225          |  in |   32|   ap_none  |      p_read225     |    scalar    |
|p_read226          |  in |   32|   ap_none  |      p_read226     |    scalar    |
|p_read227          |  in |   32|   ap_none  |      p_read227     |    scalar    |
|p_read228          |  in |   32|   ap_none  |      p_read228     |    scalar    |
|p_read229          |  in |   32|   ap_none  |      p_read229     |    scalar    |
|p_read230          |  in |   32|   ap_none  |      p_read230     |    scalar    |
|p_read231          |  in |   32|   ap_none  |      p_read231     |    scalar    |
|p_read232          |  in |   32|   ap_none  |      p_read232     |    scalar    |
|p_read233          |  in |   32|   ap_none  |      p_read233     |    scalar    |
|p_read234          |  in |   32|   ap_none  |      p_read234     |    scalar    |
|p_read235          |  in |   32|   ap_none  |      p_read235     |    scalar    |
|p_read236          |  in |   32|   ap_none  |      p_read236     |    scalar    |
|p_read237          |  in |   32|   ap_none  |      p_read237     |    scalar    |
|p_read238          |  in |   32|   ap_none  |      p_read238     |    scalar    |
|p_read239          |  in |   32|   ap_none  |      p_read239     |    scalar    |
|p_read240          |  in |   32|   ap_none  |      p_read240     |    scalar    |
|p_read241          |  in |   32|   ap_none  |      p_read241     |    scalar    |
|p_read242          |  in |   32|   ap_none  |      p_read242     |    scalar    |
|p_read243          |  in |   32|   ap_none  |      p_read243     |    scalar    |
|p_read244          |  in |   32|   ap_none  |      p_read244     |    scalar    |
|p_read245          |  in |   32|   ap_none  |      p_read245     |    scalar    |
|p_read246          |  in |   32|   ap_none  |      p_read246     |    scalar    |
|p_read247          |  in |   32|   ap_none  |      p_read247     |    scalar    |
|p_read248          |  in |   32|   ap_none  |      p_read248     |    scalar    |
|p_read249          |  in |   32|   ap_none  |      p_read249     |    scalar    |
|data2_req_din      | out |    1|   ap_bus   |        data2       |    pointer   |
|data2_req_full_n   |  in |    1|   ap_bus   |        data2       |    pointer   |
|data2_req_write    | out |    1|   ap_bus   |        data2       |    pointer   |
|data2_rsp_empty_n  |  in |    1|   ap_bus   |        data2       |    pointer   |
|data2_rsp_read     | out |    1|   ap_bus   |        data2       |    pointer   |
|data2_address      | out |   32|   ap_bus   |        data2       |    pointer   |
|data2_datain       |  in |   32|   ap_bus   |        data2       |    pointer   |
|data2_dataout      | out |   32|   ap_bus   |        data2       |    pointer   |
|data2_size         | out |   32|   ap_bus   |        data2       |    pointer   |
+-------------------+-----+-----+------------+--------------------+--------------+

