(c) Copyright 2012-2018 Xilinx, Inc. All Rights Reserved.
#-----------------------------------------------------------
# Tool version  : sdscc 2018.3 SW Build 2405991 on Thu Dec  6 23:37:15 MST 2018
# Start time    : Wed Dec 11 00:55:18 EET 2019
# Command line  : sdscc -Wall -O0 -g -I../src -c -fmessage-length=0 -MTsrc/myAccel.o -MMD -MP -MFsrc/myAccel.d -MTsrc/myAccel.o -o src/myAccel.o ../src/myAccel.c -sds-hw myFuncAccel myAccel.c -clkid 2 -sds-end -sds-sys-config linux -sds-proc linux -sds-pf zed
# Log file      : /home/skalogerakis/TUC_Projects/TUC_HLS/MyCode/MIlestone3/SDSOC_Accel/Algo_4/Debug/_sds/reports/sds_myAccel.log
# Journal file  : /home/skalogerakis/TUC_Projects/TUC_HLS/MyCode/MIlestone3/SDSOC_Accel/Algo_4/Debug/_sds/reports/sds_myAccel.jou
# Report file   : /home/skalogerakis/TUC_Projects/TUC_HLS/MyCode/MIlestone3/SDSOC_Accel/Algo_4/Debug/_sds/reports/sds_myAccel.rpt
#-----------------------------------------------------------

Analyzing source for RTL template usage
/toolsViv/Xilinx/SDx/2018.3/bin/rtl_template_extract  /home/skalogerakis/TUC_Projects/TUC_HLS/MyCode/MIlestone3/SDSOC_Accel/Algo_4/src/myAccel.c  -save-query /home/skalogerakis/TUC_Projects/TUC_HLS/MyCode/MIlestone3/SDSOC_Accel/Algo_4/Debug/_sds/.llvm/src/myAccel.rtlx  --  -c  -I../src  -Wall -g -fmessage-length=0 -MMD -MP -D __SDSCC__  
    -target arm-linux-gnueabihf -mcpu=cortex-a9 -mfpu=vfpv3 -mfloat-abi=hard -O0 -g -w      -I /toolsViv/Xilinx/SDx/2018.3/target/aarch32-linux/include  -D HLS_NO_XIL_FPO_LIB  -I /toolsViv/Xilinx/Vivado/2018.3/include   -I/toolsViv/Xilinx/SDK/2018.3/gnu/aarch32/lin/gcc-arm-linux-gnueabi/lib/gcc/arm-linux-gnueabihf/7.3.1/include -I/toolsViv/Xilinx/SDK/2018.3/gnu/aarch32/lin/gcc-arm-linux-gnueabi/lib/gcc/arm-linux-gnueabihf/7.3.1/include-fixed -I/toolsViv/Xilinx/SDK/2018.3/gnu/aarch32/lin/gcc-arm-linux-gnueabi/arm-linux-gnueabihf/include -I/toolsViv/Xilinx/SDK/2018.3/gnu/aarch32/lin/gcc-arm-linux-gnueabi/arm-linux-gnueabihf/libc/usr/include
Create data motion intermediate representation
/toolsViv/Xilinx/SDx/2018.3/bin/clang_wrapper  -I../src  -Wall -g -fmessage-length=0 -MMD -MP -D __SDSCC__  -target arm-linux-gnueabihf -mcpu=cortex-a9 -mfpu=vfpv3 -mfloat-abi=hard -O0 -g       -I /toolsViv/Xilinx/SDx/2018.3/target/aarch32-linux/include  -D HLS_NO_XIL_FPO_LIB  -I /toolsViv/Xilinx/Vivado/2018.3/include   -I/toolsViv/Xilinx/SDK/2018.3/gnu/aarch32/lin/gcc-arm-linux-gnueabi/lib/gcc/arm-linux-gnueabihf/7.3.1/include -I/toolsViv/Xilinx/SDK/2018.3/gnu/aarch32/lin/gcc-arm-linux-gnueabi/lib/gcc/arm-linux-gnueabihf/7.3.1/include-fixed -I/toolsViv/Xilinx/SDK/2018.3/gnu/aarch32/lin/gcc-arm-linux-gnueabi/arm-linux-gnueabihf/include -I/toolsViv/Xilinx/SDK/2018.3/gnu/aarch32/lin/gcc-arm-linux-gnueabi/arm-linux-gnueabihf/libc/usr/include  -emit-llvm -S /home/skalogerakis/TUC_Projects/TUC_HLS/MyCode/MIlestone3/SDSOC_Accel/Algo_4/src/myAccel.c -o /home/skalogerakis/TUC_Projects/TUC_HLS/MyCode/MIlestone3/SDSOC_Accel/Algo_4/Debug/_sds/.llvm/src/myAccel.s
/home/skalogerakis/TUC_Projects/TUC_HLS/MyCode/MIlestone3/SDSOC_Accel/Algo_4/src/myAccel.c:43:1: warning: unused label 'copyLoop' [-Wunused-label]
copyLoop: for ( i = 0 ; i < dim ; i++){
^~~~~~~~~~
/home/skalogerakis/TUC_Projects/TUC_HLS/MyCode/MIlestone3/SDSOC_Accel/Algo_4/src/myAccel.c:59:1: warning: unused label 'initLoop' [-Wunused-label]
initLoop:       for ( k = 0 ; k < dim ; k ++ )
^~~~~~~~~~~~~~~~
/home/skalogerakis/TUC_Projects/TUC_HLS/MyCode/MIlestone3/SDSOC_Accel/Algo_4/src/myAccel.c:66:1: warning: unused label 'valueAsn' [-Wunused-label]
valueAsn:       for ( k = 0 ; k < dim ; k ++ )
^~~~~~~~~~~~~~~~
/home/skalogerakis/TUC_Projects/TUC_HLS/MyCode/MIlestone3/SDSOC_Accel/Algo_4/src/myAccel.c:88:1: warning: unused label 'zeroAsn' [-Wunused-label]
zeroAsn:        for ( l = 0 ;l < dim ; l ++ )
^~~~~~~~~~~~~~~~
/home/skalogerakis/TUC_Projects/TUC_HLS/MyCode/MIlestone3/SDSOC_Accel/Algo_4/src/myAccel.c:52:1: warning: unused label 'sizeLoop' [-Wunused-label]
sizeLoop:
^~~~~~~~~
Performing accelerator source linting for myFuncAccel
/toolsViv/Xilinx/SDx/2018.3/bin/sdslint -target cortex-a9 -func "myFuncAccel" /home/skalogerakis/TUC_Projects/TUC_HLS/MyCode/MIlestone3/SDSOC_Accel/Algo_4/src/myAccel.c -- -c -I../src -Wall -g -fmessage-length=0 -MMD -MP -D __SDSCC__ -target arm-linux-gnueabihf -mcpu=cortex-a9 -mfpu=vfpv3 -mfloat-abi=hard -O0 -g -w      -I /toolsViv/Xilinx/SDx/2018.3/target/aarch32-linux/include  -D HLS_NO_XIL_FPO_LIB  -I /toolsViv/Xilinx/Vivado/2018.3/include   -I/toolsViv/Xilinx/SDK/2018.3/gnu/aarch32/lin/gcc-arm-linux-gnueabi/lib/gcc/arm-linux-gnueabihf/7.3.1/include -I/toolsViv/Xilinx/SDK/2018.3/gnu/aarch32/lin/gcc-arm-linux-gnueabi/lib/gcc/arm-linux-gnueabihf/7.3.1/include-fixed -I/toolsViv/Xilinx/SDK/2018.3/gnu/aarch32/lin/gcc-arm-linux-gnueabi/arm-linux-gnueabihf/include -I/toolsViv/Xilinx/SDK/2018.3/gnu/aarch32/lin/gcc-arm-linux-gnueabi/arm-linux-gnueabihf/libc/usr/include
arm-linux-gnueabihf-gcc -c /home/skalogerakis/TUC_Projects/TUC_HLS/MyCode/MIlestone3/SDSOC_Accel/Algo_4/Debug/_sds/swstubs/myAccel.cpp -o /home/skalogerakis/TUC_Projects/TUC_HLS/MyCode/MIlestone3/SDSOC_Accel/Algo_4/Debug/_sds/swstubs/myAccel.o
arm-linux-gnueabihf-objcopy --add-section .xdinfo=/home/skalogerakis/TUC_Projects/TUC_HLS/MyCode/MIlestone3/SDSOC_Accel/Algo_4/Debug/_sds/swstubs/myAccel.o.xml /home/skalogerakis/TUC_Projects/TUC_HLS/MyCode/MIlestone3/SDSOC_Accel/Algo_4/Debug/_sds/swstubs/myAccel.o
Performing pragma generation
/toolsViv/Xilinx/SDx/2018.3/bin/clang_wrapper -E -I/home/skalogerakis/TUC_Projects/TUC_HLS/MyCode/MIlestone3/SDSOC_Accel/Algo_4/src -Wall -g -fmessage-length=0 -MMD -MP -D __SDSCC__ -m32 -D HLS_NO_XIL_FPO_LIB -I /toolsViv/Xilinx/SDx/2018.3/target/aarch32-linux/include -I/home/skalogerakis/TUC_Projects/TUC_HLS/MyCode/MIlestone3/SDSOC_Accel/Algo_4/src -D __SDSVHLS__ -target arm-linux-gnueabihf -mcpu=cortex-a9 -mfpu=vfpv3 -mfloat-abi=hard -O0 -g -w      -I /toolsViv/Xilinx/SDx/2018.3/target/aarch32-linux/include  -D HLS_NO_XIL_FPO_LIB  -I /toolsViv/Xilinx/Vivado/2018.3/include   -I/toolsViv/Xilinx/SDK/2018.3/gnu/aarch32/lin/gcc-arm-linux-gnueabi/lib/gcc/arm-linux-gnueabihf/7.3.1/include -I/toolsViv/Xilinx/SDK/2018.3/gnu/aarch32/lin/gcc-arm-linux-gnueabi/lib/gcc/arm-linux-gnueabihf/7.3.1/include-fixed -I/toolsViv/Xilinx/SDK/2018.3/gnu/aarch32/lin/gcc-arm-linux-gnueabi/arm-linux-gnueabihf/include -I/toolsViv/Xilinx/SDK/2018.3/gnu/aarch32/lin/gcc-arm-linux-gnueabi/arm-linux-gnueabihf/libc/usr/include /home/skalogerakis/TUC_Projects/TUC_HLS/MyCode/MIlestone3/SDSOC_Accel/Algo_4/src/myAccel.c -o /home/skalogerakis/TUC_Projects/TUC_HLS/MyCode/MIlestone3/SDSOC_Accel/Algo_4/Debug/_sds/vhls/myAccel_pp.c
/toolsViv/Xilinx/SDx/2018.3/bin/pragma_gen  -func "myFuncAccel"   -tcl /home/skalogerakis/TUC_Projects/TUC_HLS/MyCode/MIlestone3/SDSOC_Accel/Algo_4/Debug/_sds/vhls/myFuncAccel.tcl   /home/skalogerakis/TUC_Projects/TUC_HLS/MyCode/MIlestone3/SDSOC_Accel/Algo_4/Debug/_sds/vhls/myAccel_pp.c -multi_aximm   --  -c  -D __SDSVHLS__ -I/home/skalogerakis/TUC_Projects/TUC_HLS/MyCode/MIlestone3/SDSOC_Accel/Algo_4/src -Wall -O0 -g -fmessage-length=0 -MMD -MP -D __SDSCC__ -m32      -D HLS_NO_XIL_FPO_LIB  -I /toolsViv/Xilinx/SDx/2018.3/target/aarch32-linux/include -I/home/skalogerakis/TUC_Projects/TUC_HLS/MyCode/MIlestone3/SDSOC_Accel/Algo_4/src  -target arm-linux-gnueabihf -mcpu=cortex-a9 -mfpu=vfpv3 -mfloat-abi=hard -O0 -g -w      -I /toolsViv/Xilinx/SDx/2018.3/target/aarch32-linux/include  -D HLS_NO_XIL_FPO_LIB  -I /toolsViv/Xilinx/Vivado/2018.3/include   -I/toolsViv/Xilinx/SDK/2018.3/gnu/aarch32/lin/gcc-arm-linux-gnueabi/lib/gcc/arm-linux-gnueabihf/7.3.1/include -I/toolsViv/Xilinx/SDK/2018.3/gnu/aarch32/lin/gcc-arm-linux-gnueabi/lib/gcc/arm-linux-gnueabihf/7.3.1/include-fixed -I/toolsViv/Xilinx/SDK/2018.3/gnu/aarch32/lin/gcc-arm-linux-gnueabi/arm-linux-gnueabihf/include -I/toolsViv/Xilinx/SDK/2018.3/gnu/aarch32/lin/gcc-arm-linux-gnueabi/arm-linux-gnueabihf/libc/usr/include
INFO: [PragmaGen 83-3231] Successfully generated tcl script: /home/skalogerakis/TUC_Projects/TUC_HLS/MyCode/MIlestone3/SDSOC_Accel/Algo_4/Debug/_sds/vhls/myFuncAccel.tcl
Moving function myFuncAccel to Programmable Logic
/toolsViv/Xilinx/Vivado/2018.3/bin/vivado_hls /home/skalogerakis/TUC_Projects/TUC_HLS/MyCode/MIlestone3/SDSOC_Accel/Algo_4/Debug/_sds/vhls/myFuncAccel_run.tcl -l myFuncAccel_vivado_hls.log

****** Vivado(TM) HLS - High-Level Synthesis from C, C++ and SystemC v2018.3 (64-bit)
  **** SW Build 2405991 on Thu Dec  6 23:36:41 MST 2018
  **** IP Build 2404404 on Fri Dec  7 01:43:56 MST 2018
    ** Copyright 1986-2018 Xilinx, Inc. All Rights Reserved.

source /toolsViv/Xilinx/Vivado/2018.3/scripts/vivado_hls/hls.tcl -notrace
INFO: [HLS 200-10] Running '/toolsViv/Xilinx/Vivado/2018.3/bin/unwrapped/lnx64.o/vivado_hls'
INFO: [HLS 200-10] For user 'root' on host 'skl' (Linux_x86_64 version 5.0.0-37-generic) on Wed Dec 11 00:55:22 EET 2019
INFO: [HLS 200-10] On os Ubuntu 18.04.3 LTS
INFO: [HLS 200-10] In directory '/home/skalogerakis/TUC_Projects/TUC_HLS/MyCode/MIlestone3/SDSOC_Accel/Algo_4/Debug/_sds/vhls'
INFO: [HLS 200-10] Creating and opening project '/home/skalogerakis/TUC_Projects/TUC_HLS/MyCode/MIlestone3/SDSOC_Accel/Algo_4/Debug/_sds/vhls/myFuncAccel'.
INFO: [HLS 200-10] Adding design file '/home/skalogerakis/TUC_Projects/TUC_HLS/MyCode/MIlestone3/SDSOC_Accel/Algo_4/src/myAccel.c' to the project
INFO: [HLS 200-10] Creating and opening solution '/home/skalogerakis/TUC_Projects/TUC_HLS/MyCode/MIlestone3/SDSOC_Accel/Algo_4/Debug/_sds/vhls/myFuncAccel/solution'.
INFO: [HLS 200-10] Cleaning up the solution database.
INFO: [HLS 200-10] Setting target device to ' xc7z020clg484-1 '
INFO: [SYN 201-201] Setting up clock 'default' with a period of 10ns.
INFO: [HLS 200-435] Setting 'config_sdx -target' configuration: config_sdx -optimization_level=0
INFO: [HLS 200-435] Setting 'config_sdx -optimization_level' configuration: config_export -vivado_phys_opt=none
INFO: [HLS 200-435] Setting 'config_sdx -optimization_level' configuration: config_bind -effort=medium
INFO: [HLS 200-435] Setting 'config_sdx -optimization_level' configuration: config_schedule -effort=medium
INFO: [HLS 200-435] Setting 'config_sdx -target' configuration: config_schedule -relax_ii_for_timing=0
INFO: [HLS 200-435] Setting 'config_sdx -target' configuration: config_rtl -auto_prefix=1
INFO: [HLS 200-435] Setting 'config_sdx -target' configuration: set_clock_uncertainty 27%
INFO: [SYN 201-201] Setting up clock 'default' with an uncertainty of 2.7ns.
INFO: [HLS 200-10] Analyzing design file '/home/skalogerakis/TUC_Projects/TUC_HLS/MyCode/MIlestone3/SDSOC_Accel/Algo_4/src/myAccel.c' ... 
WARNING: [HLS 214-114] Since the only kind of statements allowed in a dataflow region are variable declarations and function calls, the compiler may not be able to correctly handle the region: /home/skalogerakis/TUC_Projects/TUC_HLS/MyCode/MIlestone3/SDSOC_Accel/Algo_4/src/myAccel.c:35:2
WARNING: [HLS 200-471] Dataflow form checks found 1 issue(s) in file /home/skalogerakis/TUC_Projects/TUC_HLS/MyCode/MIlestone3/SDSOC_Accel/Algo_4/src/myAccel.c
INFO: [HLS 200-111] Finished Linking Time (s): cpu = 00:00:06 ; elapsed = 00:00:07 . Memory (MB): peak = 452.828 ; gain = 8.004 ; free physical = 2162 ; free virtual = 5440
INFO: [HLS 200-111] Finished Checking Pragmas Time (s): cpu = 00:00:06 ; elapsed = 00:00:07 . Memory (MB): peak = 452.828 ; gain = 8.004 ; free physical = 2162 ; free virtual = 5440
INFO: [HLS 200-10] Starting code transformations ...
INFO: [XFORM 203-501] Unrolling loop 'copyLoop' (/home/skalogerakis/TUC_Projects/TUC_HLS/MyCode/MIlestone3/SDSOC_Accel/Algo_4/src/myAccel.c:43) in function 'myFuncAccel': changing partial unrolling into complete unrolling since the unrolling factor (=4) is no less than the loop trip count (=4).
INFO: [HLS 200-111] Finished Standard Transforms Time (s): cpu = 00:00:07 ; elapsed = 00:00:08 . Memory (MB): peak = 452.828 ; gain = 8.004 ; free physical = 2150 ; free virtual = 5437
INFO: [HLS 200-10] Checking synthesizability ...
INFO: [HLS 200-111] Finished Checking Synthesizability Time (s): cpu = 00:00:07 ; elapsed = 00:00:08 . Memory (MB): peak = 452.828 ; gain = 8.004 ; free physical = 2150 ; free virtual = 5438
INFO: [XFORM 203-502] Unrolling all sub-loops inside loop 'sizeLoop' (/home/skalogerakis/TUC_Projects/TUC_HLS/MyCode/MIlestone3/SDSOC_Accel/Algo_4/src/myAccel.c:55) in function 'myFuncAccel' for pipelining.
INFO: [XFORM 203-501] Unrolling loop 'copyLoop' (/home/skalogerakis/TUC_Projects/TUC_HLS/MyCode/MIlestone3/SDSOC_Accel/Algo_4/src/myAccel.c:43) in function 'myFuncAccel': changing partial unrolling into complete unrolling since the unrolling factor (=4) is no less than the loop trip count (=4).
INFO: [HLS 200-489] Unrolling loop 'copyLoop' (/home/skalogerakis/TUC_Projects/TUC_HLS/MyCode/MIlestone3/SDSOC_Accel/Algo_4/src/myAccel.c:43) in function 'myFuncAccel' completely with a factor of 4.
INFO: [HLS 200-489] Unrolling loop 'initLoop' (/home/skalogerakis/TUC_Projects/TUC_HLS/MyCode/MIlestone3/SDSOC_Accel/Algo_4/src/myAccel.c:60) in function 'myFuncAccel' completely with a factor of 4.
INFO: [HLS 200-489] Unrolling loop 'valueAsn' (/home/skalogerakis/TUC_Projects/TUC_HLS/MyCode/MIlestone3/SDSOC_Accel/Algo_4/src/myAccel.c:67) in function 'myFuncAccel' completely with a factor of 4.
INFO: [HLS 200-489] Unrolling loop 'Loop-2.2.1' (/home/skalogerakis/TUC_Projects/TUC_HLS/MyCode/MIlestone3/SDSOC_Accel/Algo_4/src/myAccel.c:70) in function 'myFuncAccel' completely with a factor of 4.
INFO: [HLS 200-489] Unrolling loop 'Loop-2.2.2' (/home/skalogerakis/TUC_Projects/TUC_HLS/MyCode/MIlestone3/SDSOC_Accel/Algo_4/src/myAccel.c:76) in function 'myFuncAccel' completely with a factor of 4.
INFO: [HLS 200-489] Unrolling loop 'zeroAsn' (/home/skalogerakis/TUC_Projects/TUC_HLS/MyCode/MIlestone3/SDSOC_Accel/Algo_4/src/myAccel.c:89) in function 'myFuncAccel' completely with a factor of 4.
INFO: [HLS 200-489] Unrolling loop 'Loop-2.3.1' (/home/skalogerakis/TUC_Projects/TUC_HLS/MyCode/MIlestone3/SDSOC_Accel/Algo_4/src/myAccel.c:92) in function 'myFuncAccel' completely with a factor of 4.
INFO: [XFORM 203-721] Changing loop 'Loop_sizeLoop_proc' (/home/skalogerakis/TUC_Projects/TUC_HLS/MyCode/MIlestone3/SDSOC_Accel/Algo_4/src/myAccel.c:55) to a process function for dataflow in function 'myFuncAccel'.
INFO: [XFORM 203-712] Applying dataflow to function 'myFuncAccel', detected/extracted 2 process function(s): 
	 'Block_codeRepl49_proc14'
	 'Loop_sizeLoop_proc'.
INFO: [HLS 200-111] Finished Pre-synthesis Time (s): cpu = 00:00:07 ; elapsed = 00:00:08 . Memory (MB): peak = 580.828 ; gain = 136.004 ; free physical = 2132 ; free virtual = 5418
WARNING: [XFORM 203-631] Renaming function 'Block_codeRepl49_proc14' to 'Block_codeRepl49_pro' (/home/skalogerakis/TUC_Projects/TUC_HLS/MyCode/MIlestone3/SDSOC_Accel/Algo_4/src/myAccel.c:46:5)
INFO: [HLS 200-111] Finished Architecture Synthesis Time (s): cpu = 00:00:07 ; elapsed = 00:00:08 . Memory (MB): peak = 580.828 ; gain = 136.004 ; free physical = 2118 ; free virtual = 5409
INFO: [HLS 200-10] Starting hardware synthesis ...
INFO: [HLS 200-10] Synthesizing 'myFuncAccel' ...
INFO: [HLS 200-10] ----------------------------------------------------------------
INFO: [HLS 200-42] -- Implementing module 'Block_codeRepl49_pro' 
INFO: [HLS 200-10] ----------------------------------------------------------------
INFO: [SCHED 204-11] Starting scheduling ...
INFO: [SCHED 204-11] Finished scheduling.
INFO: [HLS 200-111]  Elapsed time: 8.97 seconds; current allocated memory: 82.899 MB.
INFO: [BIND 205-100] Starting micro-architecture generation ...
INFO: [BIND 205-101] Performing variable lifetime analysis.
INFO: [BIND 205-101] Exploring resource sharing.
INFO: [BIND 205-101] Binding ...
INFO: [BIND 205-100] Finished micro-architecture generation.
INFO: [HLS 200-111]  Elapsed time: 0.02 seconds; current allocated memory: 83.070 MB.
INFO: [HLS 200-10] ----------------------------------------------------------------
INFO: [HLS 200-42] -- Implementing module 'Loop_sizeLoop_proc' 
INFO: [HLS 200-10] ----------------------------------------------------------------
INFO: [SCHED 204-11] Starting scheduling ...
INFO: [SCHED 204-61] Pipelining loop 'sizeLoop'.
INFO: [SCHED 204-61] Pipelining result : Target II = 4, Final II = 4, Depth = 38.
INFO: [SCHED 204-11] Finished scheduling.
INFO: [HLS 200-111]  Elapsed time: 0.69 seconds; current allocated memory: 83.771 MB.
INFO: [BIND 205-100] Starting micro-architecture generation ...
INFO: [BIND 205-101] Performing variable lifetime analysis.
INFO: [BIND 205-101] Exploring resource sharing.
INFO: [BIND 205-101] Binding ...
INFO: [BIND 205-100] Finished micro-architecture generation.
INFO: [HLS 200-111]  Elapsed time: 0.46 seconds; current allocated memory: 84.723 MB.
INFO: [HLS 200-10] ----------------------------------------------------------------
INFO: [HLS 200-42] -- Implementing module 'myFuncAccel' 
INFO: [HLS 200-10] ----------------------------------------------------------------
INFO: [SCHED 204-11] Starting scheduling ...
WARNING: [SCHED 204-71] Latency directive discarded for region myFuncAccel since region contains function calls with variable latency.
INFO: [SCHED 204-11] Finished scheduling.
INFO: [HLS 200-111]  Elapsed time: 0.26 seconds; current allocated memory: 84.939 MB.
INFO: [BIND 205-100] Starting micro-architecture generation ...
INFO: [BIND 205-101] Performing variable lifetime analysis.
INFO: [BIND 205-101] Exploring resource sharing.
INFO: [BIND 205-101] Binding ...
INFO: [BIND 205-100] Finished micro-architecture generation.
INFO: [HLS 200-111]  Elapsed time: 0.09 seconds; current allocated memory: 85.154 MB.
INFO: [HLS 200-10] ----------------------------------------------------------------
INFO: [HLS 200-10] -- Generating RTL for module 'Block_codeRepl49_pro' 
INFO: [HLS 200-10] ----------------------------------------------------------------
INFO: [RTGEN 206-100] Finished creating RTL model for 'Block_codeRepl49_pro'.
INFO: [HLS 200-111]  Elapsed time: 0.22 seconds; current allocated memory: 86.152 MB.
INFO: [HLS 200-10] ----------------------------------------------------------------
INFO: [HLS 200-10] -- Generating RTL for module 'Loop_sizeLoop_proc' 
INFO: [HLS 200-10] ----------------------------------------------------------------
INFO: [RTGEN 206-100] Generating core module 'myFuncAccel_fadd_32ns_32ns_32_5_full_dsp_1': 4 instance(s).
INFO: [RTGEN 206-100] Generating core module 'myFuncAccel_fcmp_32ns_32ns_1_1_1': 1 instance(s).
INFO: [RTGEN 206-100] Generating core module 'myFuncAccel_fmul_32ns_32ns_32_4_max_dsp_1': 5 instance(s).
INFO: [RTGEN 206-100] Finished creating RTL model for 'Loop_sizeLoop_proc'.
INFO: [HLS 200-111]  Elapsed time: 0.13 seconds; current allocated memory: 88.264 MB.
INFO: [HLS 200-10] ----------------------------------------------------------------
INFO: [HLS 200-10] -- Generating RTL for module 'myFuncAccel' 
INFO: [HLS 200-10] ----------------------------------------------------------------
INFO: [RTGEN 206-500] Setting interface mode on port 'myFuncAccel/size' to 'ap_none'.
INFO: [RTGEN 206-500] Setting interface mode on port 'myFuncAccel/dim' to 'ap_none'.
INFO: [RTGEN 206-500] Setting interface mode on port 'myFuncAccel/threshold' to 'ap_none'.
INFO: [RTGEN 206-500] Setting interface mode on port 'myFuncAccel/data0' to 'ap_fifo'.
INFO: [RTGEN 206-500] Setting interface mode on port 'myFuncAccel/data1' to 'ap_fifo'.
INFO: [RTGEN 206-500] Setting interface mode on port 'myFuncAccel/data2' to 'ap_fifo'.
INFO: [RTGEN 206-500] Setting interface mode on function 'myFuncAccel' to 'ap_ctrl_hs'.
WARNING: [RTGEN 206-101] Port 'myFuncAccel/dim' has no fanin or fanout and is left dangling.
               Please use C simulation to confirm this function argument can be read from or written to.
INFO: [RTGEN 206-100] Finished creating RTL model for 'myFuncAccel'.
INFO: [HLS 200-111]  Elapsed time: 0.65 seconds; current allocated memory: 91.248 MB.
INFO: [RTMG 210-285] Implementing FIFO 'size_c_U(a0_fifo_w32_d2_A)' using Shift Registers.
INFO: [RTMG 210-285] Implementing FIFO 'threshold_c_U(a0_fifo_w32_d2_A)' using Shift Registers.
INFO: [RTMG 210-285] Implementing FIFO 'data0_load_loc_chann_U(a0_fifo_w32_d2_A)' using Shift Registers.
INFO: [RTMG 210-285] Implementing FIFO 'data0_load_1_loc_cha_U(a0_fifo_w32_d2_A)' using Shift Registers.
INFO: [RTMG 210-285] Implementing FIFO 'data0_load_2_loc_cha_U(a0_fifo_w32_d2_A)' using Shift Registers.
INFO: [RTMG 210-285] Implementing FIFO 'data0_load_3_loc_cha_U(a0_fifo_w32_d2_A)' using Shift Registers.
INFO: [RTMG 210-285] Implementing FIFO 'data0_load_4_loc_cha_U(a0_fifo_w32_d2_A)' using Shift Registers.
INFO: [RTMG 210-285] Implementing FIFO 'data0_load_5_loc_cha_U(a0_fifo_w32_d2_A)' using Shift Registers.
INFO: [RTMG 210-285] Implementing FIFO 'data0_load_6_loc_cha_U(a0_fifo_w32_d2_A)' using Shift Registers.
INFO: [RTMG 210-285] Implementing FIFO 'data0_load_7_loc_cha_U(a0_fifo_w32_d2_A)' using Shift Registers.
INFO: [RTMG 210-285] Implementing FIFO 'data0_load_8_loc_cha_U(a0_fifo_w32_d2_A)' using Shift Registers.
INFO: [RTMG 210-285] Implementing FIFO 'data0_load_9_loc_cha_U(a0_fifo_w32_d2_A)' using Shift Registers.
INFO: [RTMG 210-285] Implementing FIFO 'data0_load_10_loc_ch_U(a0_fifo_w32_d2_A)' using Shift Registers.
INFO: [RTMG 210-285] Implementing FIFO 'data0_load_11_loc_ch_U(a0_fifo_w32_d2_A)' using Shift Registers.
INFO: [RTMG 210-285] Implementing FIFO 'data0_load_12_loc_ch_U(a0_fifo_w32_d2_A)' using Shift Registers.
INFO: [RTMG 210-285] Implementing FIFO 'data0_load_13_loc_ch_U(a0_fifo_w32_d2_A)' using Shift Registers.
INFO: [RTMG 210-285] Implementing FIFO 'data0_load_14_loc_ch_U(a0_fifo_w32_d2_A)' using Shift Registers.
INFO: [RTMG 210-285] Implementing FIFO 'data0_load_15_loc_ch_U(a0_fifo_w32_d2_A)' using Shift Registers.
INFO: [HLS 200-111] Finished generating all RTL models Time (s): cpu = 00:00:11 ; elapsed = 00:00:14 . Memory (MB): peak = 580.828 ; gain = 136.004 ; free physical = 2096 ; free virtual = 5391
INFO: [SYSC 207-301] Generating SystemC RTL for myFuncAccel with prefix a0_.
INFO: [VHDL 208-304] Generating VHDL RTL for myFuncAccel with prefix a0_.
INFO: [VLOG 209-307] Generating Verilog RTL for myFuncAccel with prefix a0_.
INFO: [IMPL 213-8] Exporting RTL as a Vivado IP.

****** Vivado v2018.3 (64-bit)
  **** SW Build 2405991 on Thu Dec  6 23:36:41 MST 2018
  **** IP Build 2404404 on Fri Dec  7 01:43:56 MST 2018
    ** Copyright 1986-2018 Xilinx, Inc. All Rights Reserved.

source run_ippack.tcl -notrace
INFO: [IP_Flow 19-234] Refreshing IP repositories
INFO: [IP_Flow 19-1704] No user IP repositories specified
INFO: [IP_Flow 19-2313] Loaded Vivado IP repository '/toolsViv/Xilinx/Vivado/2018.3/data/ip'.
WARNING: [IP_Flow 19-4832] The IP name 'a0_myFuncAccel_ap_fadd_3_full_dsp_32' you have specified is long. The Windows operating system has path length limitations. It is recommended you use shorter names to reduce the likelihood of issues.
INFO: [IP_Flow 19-1686] Generating 'Synthesis' target for IP 'a0_myFuncAccel_ap_fadd_3_full_dsp_32'...
INFO: [IP_Flow 19-1686] Generating 'Simulation' target for IP 'a0_myFuncAccel_ap_fadd_3_full_dsp_32'...
WARNING: [IP_Flow 19-4832] The IP name 'a0_myFuncAccel_ap_fcmp_0_no_dsp_32' you have specified is long. The Windows operating system has path length limitations. It is recommended you use shorter names to reduce the likelihood of issues.
INFO: [IP_Flow 19-1686] Generating 'Synthesis' target for IP 'a0_myFuncAccel_ap_fcmp_0_no_dsp_32'...
INFO: [IP_Flow 19-1686] Generating 'Simulation' target for IP 'a0_myFuncAccel_ap_fcmp_0_no_dsp_32'...
WARNING: [IP_Flow 19-4832] The IP name 'a0_myFuncAccel_ap_fmul_2_max_dsp_32' you have specified is long. The Windows operating system has path length limitations. It is recommended you use shorter names to reduce the likelihood of issues.
INFO: [IP_Flow 19-1686] Generating 'Synthesis' target for IP 'a0_myFuncAccel_ap_fmul_2_max_dsp_32'...
INFO: [IP_Flow 19-1686] Generating 'Simulation' target for IP 'a0_myFuncAccel_ap_fmul_2_max_dsp_32'...
INFO: [IP_Flow 19-234] Refreshing IP repositories
INFO: [IP_Flow 19-1704] No user IP repositories specified
INFO: [IP_Flow 19-2313] Loaded Vivado IP repository '/toolsViv/Xilinx/Vivado/2018.3/data/ip'.
INFO: [Common 17-206] Exiting Vivado at Wed Dec 11 00:56:00 2019...
INFO: [HLS 200-112] Total elapsed time: 38.58 seconds; peak allocated memory: 91.248 MB.
INFO: [Common 17-206] Exiting vivado_hls at Wed Dec 11 00:56:00 2019...
/bin/sed -i -e {s/xilinx\.com\/xidane/xilinx\.com\/xd/g} /home/skalogerakis/TUC_Projects/TUC_HLS/MyCode/MIlestone3/SDSOC_Accel/Algo_4/Debug/_sds/vhls/myFuncAccel/solution/impl/ip/auxiliary.xml
/toolsViv/Xilinx/SDx/2018.3/bin/xsltproc  --output /home/skalogerakis/TUC_Projects/TUC_HLS/MyCode/MIlestone3/SDSOC_Accel/Algo_4/Debug/_sds/.llvm/myFuncAccel.hlsmap1.xml  --stringparam P_CLKID 2  --stringparam P_HLS_TYPE hls   /toolsViv/Xilinx/SDx/2018.3/scripts/xsd/xdHlsmapRenameAttr.xsl  /home/skalogerakis/TUC_Projects/TUC_HLS/MyCode/MIlestone3/SDSOC_Accel/Algo_4/Debug/_sds/.llvm/myFuncAccel_auxiliary.xml
/toolsViv/Xilinx/SDx/2018.3/bin/xsltproc  --output /home/skalogerakis/TUC_Projects/TUC_HLS/MyCode/MIlestone3/SDSOC_Accel/Algo_4/Debug/_sds/.llvm/myFuncAccel.hlsmap.xml  /toolsViv/Xilinx/SDx/2018.3/scripts/xsd/xdHlsmapAdapter.xsl  /home/skalogerakis/TUC_Projects/TUC_HLS/MyCode/MIlestone3/SDSOC_Accel/Algo_4/Debug/_sds/.llvm/myFuncAccel.hlsmap1.xml
/toolsViv/Xilinx/SDx/2018.3/bin/xsltproc    --output /home/skalogerakis/TUC_Projects/TUC_HLS/MyCode/MIlestone3/SDSOC_Accel/Algo_4/Debug/_sds/.llvm/myFuncAccel.fcnmap.xml  /toolsViv/Xilinx/SDx/2018.3/scripts/xsd/xdHlsmapAxi4.xsl  /home/skalogerakis/TUC_Projects/TUC_HLS/MyCode/MIlestone3/SDSOC_Accel/Algo_4/Debug/_sds/.llvm/myFuncAccel.hlsmap.xml
/toolsViv/Xilinx/SDx/2018.3/bin/xsltproc  --output /home/skalogerakis/TUC_Projects/TUC_HLS/MyCode/MIlestone3/SDSOC_Accel/Algo_4/Debug/_sds/.llvm/myFuncAccel_if.xml  --stringparam P_ADAPTER_COMPREF adapter_v3_0  /toolsViv/Xilinx/SDx/2018.3/scripts/xsd/xdHlsAdapterComp.xsl  /home/skalogerakis/TUC_Projects/TUC_HLS/MyCode/MIlestone3/SDSOC_Accel/Algo_4/Debug/_sds/.llvm/myFuncAccel.fcnmap.xml
arm-linux-gnueabihf-objcopy --add-section .xddata=/home/skalogerakis/TUC_Projects/TUC_HLS/MyCode/MIlestone3/SDSOC_Accel/Algo_4/Debug/_sds/swstubs/myFuncAccel.xml /home/skalogerakis/TUC_Projects/TUC_HLS/MyCode/MIlestone3/SDSOC_Accel/Algo_4/Debug/_sds/swstubs/myAccel.o
arm-linux-gnueabihf-objcopy --add-section .xdasm=/home/skalogerakis/TUC_Projects/TUC_HLS/MyCode/MIlestone3/SDSOC_Accel/Algo_4/Debug/_sds/.llvm/src/myAccel.s /home/skalogerakis/TUC_Projects/TUC_HLS/MyCode/MIlestone3/SDSOC_Accel/Algo_4/Debug/_sds/swstubs/myAccel.o
arm-linux-gnueabihf-gcc -E -I../src -Wall -O0 -g -fmessage-length=0 -MMD -MP -D __SDSCC__ -MT/home/skalogerakis/TUC_Projects/TUC_HLS/MyCode/MIlestone3/SDSOC_Accel/Algo_4/Debug/src/myAccel.o -MF/home/skalogerakis/TUC_Projects/TUC_HLS/MyCode/MIlestone3/SDSOC_Accel/Algo_4/Debug/src/myAccel.d -MT/home/skalogerakis/TUC_Projects/TUC_HLS/MyCode/MIlestone3/SDSOC_Accel/Algo_4/Debug/src/myAccel.o       -I /toolsViv/Xilinx/SDx/2018.3/target/aarch32-linux/include  -D HLS_NO_XIL_FPO_LIB  -I /toolsViv/Xilinx/Vivado/2018.3/include /home/skalogerakis/TUC_Projects/TUC_HLS/MyCode/MIlestone3/SDSOC_Accel/Algo_4/src/myAccel.c -o /home/skalogerakis/TUC_Projects/TUC_HLS/MyCode/MIlestone3/SDSOC_Accel/Algo_4/Debug/_sds/.pp/myAccel.ix
arm-linux-gnueabihf-objcopy --add-section .xdpp=/home/skalogerakis/TUC_Projects/TUC_HLS/MyCode/MIlestone3/SDSOC_Accel/Algo_4/Debug/_sds/.pp/myAccel.i /home/skalogerakis/TUC_Projects/TUC_HLS/MyCode/MIlestone3/SDSOC_Accel/Algo_4/Debug/_sds/swstubs/myAccel.o
arm-linux-gnueabihf-objcopy --add-section .xdfcnmap=/home/skalogerakis/TUC_Projects/TUC_HLS/MyCode/MIlestone3/SDSOC_Accel/Algo_4/Debug/_sds/.llvm/myFuncAccel.fcnmap.xml /home/skalogerakis/TUC_Projects/TUC_HLS/MyCode/MIlestone3/SDSOC_Accel/Algo_4/Debug/_sds/swstubs/myAccel.o
arm-linux-gnueabihf-objcopy --add-section .xdhlscore=/home/skalogerakis/TUC_Projects/TUC_HLS/MyCode/MIlestone3/SDSOC_Accel/Algo_4/Debug/_sds/vhls/myFuncAccel/solution/impl/ip/xilinx_com_hls_myFuncAccel_1_0.zip /home/skalogerakis/TUC_Projects/TUC_HLS/MyCode/MIlestone3/SDSOC_Accel/Algo_4/Debug/_sds/swstubs/myAccel.o
arm-linux-gnueabihf-objcopy --add-section .xdif=/home/skalogerakis/TUC_Projects/TUC_HLS/MyCode/MIlestone3/SDSOC_Accel/Algo_4/Debug/_sds/.llvm/myFuncAccel_if.xml /home/skalogerakis/TUC_Projects/TUC_HLS/MyCode/MIlestone3/SDSOC_Accel/Algo_4/Debug/_sds/swstubs/myAccel.o
sdscc log file saved as /home/skalogerakis/TUC_Projects/TUC_HLS/MyCode/MIlestone3/SDSOC_Accel/Algo_4/Debug/_sds/reports/sds_myAccel.log
sdscc completed at Wed Dec 11 00:56:00 EET 2019
