INFO-FLOW: Workspace /home/skalogerakis/TUC_Projects/TUC_HLS/MyCode/vHLS/algHLS/Optimization_1 opened at Mon Nov 18 09:35:40 EET 2019
Execute     config_clock -quiet -name default -period 10 -default=false 
INFO: [SYN 201-201] Setting up clock 'default' with a period of 10ns.
Execute     open_platform DefaultPlatform 
Execute     import_lib /tools/Xilinx/Vivado/2018.3/common/technology/xilinx/zynq/zynq 
Execute       source /tools/Xilinx/Vivado/2018.3/common/technology/xilinx/common/xilinx.lib 
Execute         source /tools/Xilinx/Vivado/2018.3/common/technology/xilinx/interface/xilinx_interface.lib 
Execute           source /tools/Xilinx/Vivado/2018.3/common/technology/xilinx/interface/plb46.lib 
Execute           source /tools/Xilinx/Vivado/2018.3/common/technology/xilinx/interface/fsl.lib 
Execute           source /tools/Xilinx/Vivado/2018.3/common/technology/xilinx/interface/axi4.lib 
Execute           source /tools/Xilinx/Vivado/2018.3/common/technology/xilinx/interface/maxi.lib 
Execute           source /tools/Xilinx/Vivado/2018.3/common/technology/xilinx/interface/saxilite.lib 
Execute         source /tools/Xilinx/Vivado/2018.3/common/technology/xilinx/common/dsp48.lib 
Execute         source /tools/Xilinx/Vivado/2018.3/common/technology/xilinx/ip/xfft.lib 
Execute         source /tools/Xilinx/Vivado/2018.3/common/technology/xilinx/ip/xfir.lib 
Execute         source /tools/Xilinx/Vivado/2018.3/common/technology/xilinx/ip/dds_compiler.lib 
Execute       source /tools/Xilinx/Vivado/2018.3/common/technology/xilinx/common/xilinx_old.lib 
Execute       source /tools/Xilinx/Vivado/2018.3/common/technology/xilinx/common/xilinx_vivado.lib 
Execute       source /tools/Xilinx/Vivado/2018.3/common/technology/xilinx/common/xilinx.hlp 
Execute         source /tools/Xilinx/Vivado/2018.3/common/technology/xilinx/common/target_info.tcl 
Execute         source /tools/Xilinx/Vivado/2018.3/common/technology/xilinx/interface/xilinx_interface.hlp 
Execute           source /tools/Xilinx/Vivado/2018.3/common/technology/xilinx/interface/maxi.hlp 
Execute           source /tools/Xilinx/Vivado/2018.3/common/technology/xilinx/interface/saxilite.hlp 
Execute         source /tools/Xilinx/Vivado/2018.3/common/technology/xilinx/common/dsp48.hlp 
Execute       source /tools/Xilinx/Vivado/2018.3/common/technology/xilinx/zynq/dsp48e1.hlp 
Execute       get_default_platform 
Execute       config_chip_info -quiet -resource  {SLICE 13300}  {LUT 53200}     {FF 106400} {DSP48E 220}   {BRAM 280}  
Execute       config_chip_info -quiet -speed medium 
Execute       source /tools/Xilinx/Vivado/2018.3/common/technology/xilinx/common/xilinx.hlp 
Execute         source /tools/Xilinx/Vivado/2018.3/common/technology/xilinx/common/target_info.tcl 
Execute         source /tools/Xilinx/Vivado/2018.3/common/technology/xilinx/interface/xilinx_interface.hlp 
Execute           source /tools/Xilinx/Vivado/2018.3/common/technology/xilinx/interface/maxi.hlp 
Execute           source /tools/Xilinx/Vivado/2018.3/common/technology/xilinx/interface/saxilite.hlp 
Execute         source /tools/Xilinx/Vivado/2018.3/common/technology/xilinx/common/dsp48.hlp 
Execute     source /tools/Xilinx/Vivado/2018.3/common/technology/xilinx/zynq/zynq.gen 
Execute       source /tools/Xilinx/Vivado/2018.3/common/technology/xilinx/common/virtex.gen 
Execute         source /tools/Xilinx/Vivado/2018.3/common/technology/xilinx/common/xilinx.gen 
Execute           source /tools/Xilinx/Vivado/2018.3/common/technology/xilinx/interface/plb46.gen 
Execute           source /tools/Xilinx/Vivado/2018.3/common/technology/xilinx/interface/fsl.gen 
Execute           source /tools/Xilinx/Vivado/2018.3/common/technology/xilinx/interface/axi4.gen 
Execute           source /tools/Xilinx/Vivado/2018.3/common/technology/xilinx/interface/nativeAXI4.gen 
Execute             source /tools/Xilinx/Vivado/2018.3/common/technology/xilinx/interface/saxilite.gen 
Execute             source /tools/Xilinx/Vivado/2018.3/common/technology/xilinx/interface/maxi.gen 
Execute           source /tools/Xilinx/Vivado/2018.3/common/technology/xilinx/scripts/xilinxcoregen.gen 
Execute           source /tools/Xilinx/Vivado/2018.3/common/technology/xilinx/interface/XilEDKCoreGen.gen 
Execute           source /tools/Xilinx/Vivado/2018.3/common/technology/xilinx/ip/dds_compiler.gen 
Execute           source /tools/Xilinx/Vivado/2018.3/common/technology/xilinx/ip/util.gen 
Execute           source /tools/Xilinx/Vivado/2018.3/common/technology/xilinx/ip/xfft.gen 
Execute           source /tools/Xilinx/Vivado/2018.3/common/technology/xilinx/ip/xfir.gen 
Command         ap_source done; 0.11 sec.
Execute         source /tools/Xilinx/Vivado/2018.3/common/technology/xilinx/common/dsp48.gen 
Command       ap_source done; 0.11 sec.
Command     ap_source done; 0.11 sec.
Execute     open_platform DefaultPlatform 
Execute     import_lib /tools/Xilinx/Vivado/2018.3/common/technology/xilinx/zynq/zynq_fpv6 
Execute       source /tools/Xilinx/Vivado/2018.3/common/technology/xilinx/common/xilinx_fpv7.lib 
Execute         source /tools/Xilinx/Vivado/2018.3/common/technology/xilinx/common/xilinx_hp.lib 
Execute       source /tools/Xilinx/Vivado/2018.3/common/technology/xilinx/common/xilinx_fpv.hlp 
Execute         source /tools/Xilinx/Vivado/2018.3/common/technology/xilinx/common/xilinx.hlp 
Execute           source /tools/Xilinx/Vivado/2018.3/common/technology/xilinx/common/target_info.tcl 
Execute           source /tools/Xilinx/Vivado/2018.3/common/technology/xilinx/interface/xilinx_interface.hlp 
Execute             source /tools/Xilinx/Vivado/2018.3/common/technology/xilinx/interface/maxi.hlp 
Execute             source /tools/Xilinx/Vivado/2018.3/common/technology/xilinx/interface/saxilite.hlp 
Execute           source /tools/Xilinx/Vivado/2018.3/common/technology/xilinx/common/dsp48.hlp 
Execute       source /tools/Xilinx/Vivado/2018.3/common/technology/xilinx/zynq/zynq_hp.hlp 
Execute     source /tools/Xilinx/Vivado/2018.3/common/technology/xilinx/zynq/zynq_fpv6.gen 
Execute       source /tools/Xilinx/Vivado/2018.3/common/technology/xilinx/common/xilinx_fpv6.gen 
Execute     set_part xc7z020clg484-1 
Execute       add_library xilinx/zynq/zynq:xc7z020:clg484:-1 
Execute         get_default_platform 
Execute         license_isbetapart xc7z020 
Command         license_isbetapart done; error code: 1; 
Execute         get_default_platform 
Execute         config_chip_info -quiet -resource  {SLICE 13300}  {LUT 53200}     {FF 106400} {DSP48E 220}   {BRAM 280}  
Execute         config_chip_info -quiet -speed slow 
Execute       add_library xilinx/zynq/zynq_fpv6 
Execute         get_default_platform 
INFO: [HLS 200-10] Setting target device to 'xc7z020clg484-1'
Execute       get_default_platform 
Execute     get_default_platform 
Execute     config_chip_info -quiet -resource  {SLICE 13300}  {LUT 53200}     {FF 106400} {DSP48E 220}   {BRAM 280}  
Execute     config_chip_info -quiet -speed slow 
Command   open_solution done; 0.19 sec.
Execute   set_part xc7z020clg484-1 
Execute     add_library xilinx/zynq/zynq:xc7z020:clg484:-1 
Execute       get_default_platform 
Execute       license_isbetapart xc7z020 
Command       license_isbetapart done; error code: 1; 
Execute       get_default_platform 
Execute       config_chip_info -quiet -resource  {SLICE 13300}  {LUT 53200}     {FF 106400} {DSP48E 220}   {BRAM 280}  
Execute       config_chip_info -quiet -speed slow 
Execute     add_library xilinx/zynq/zynq_fpv6 
Execute       get_default_platform 
Execute     get_default_platform 
Execute   create_clock -period 10 -name default 
Execute   csynth_design 
Execute     get_config_compile -effort 
Execute     get_config_compile -enable_clang39 
Execute     get_config_compile -g 
Execute     get_config_compile -lm 
Execute     get_config_compile -ng 
Execute     get_config_compile -opt_fp 
Execute     get_config_compile -skip_cdt 
Execute     get_config_compile -skip_syncheck 
Execute     get_config_compile -skip_transform 
Execute     config_compile -blackbox  
Execute     get_config_compile -keep_printf 
Execute     elaborate -effort=medium -skip_syncheck=0 -keep_printf=0 -lm=0 -skip_cdt=0 -skip_transform=0 -ng=0 -g=0 -opt_fp=0 -from_csynth_design=1 
Execute       get_config_schedule -relax_ii_for_timing 
INFO: [SCHED 204-61] Option 'relax_ii_for_timing' is enabled, will increase II to preserve clock frequency constraints.
Execute       get_config_schedule -suppress_dependence_error_break 
INFO: [HLS 200-10] Analyzing design file '../myAccel.c' ... 
INFO-FLOW: Compiling one TU...
Execute       is_m_axi_addr64 
INFO-FLOW: Handling ../myAccel.c as C
Execute       get_default_platform 
Execute       is_encrypted ../myAccel.c 
INFO-FLOW: Running: GCC PP
INFO-FLOW: Source preprocessing
Execute       clang  -fno-limit-debug-info -gcc-toolchain "/tools/Xilinx/Vivado/2018.3/lnx64/tools/gcc" -hls  -fno-exceptions  -D__llvm__  -E "../myAccel.c"     -fno-math-errno -c -emit-llvm -O0  -mllvm -disable-llvm-optzns -std=gnu89   -DAESL_SYN -D__SYNTHESIS__ -D__HLS_SYN__ -I "/tools/Xilinx/Vivado/2018.3/common/technology/autopilot" -I "/tools/Xilinx/Vivado/2018.3/common/technology/autopilot/ap_sysc" -include etc/autopilot_ssdm_op.h -D__DSP48E1__  -o "/home/skalogerakis/TUC_Projects/TUC_HLS/MyCode/vHLS/algHLS/Optimization_1/.autopilot/db/myAccel.pp.0.c" 
INFO-FLOW: exec /tools/Xilinx/Vivado/2018.3/lnx64/tools/clang/bin/clang -fno-limit-debug-info -gcc-toolchain /tools/Xilinx/Vivado/2018.3/lnx64/tools/gcc -hls -fno-exceptions -D__llvm__ -E ../myAccel.c -fno-math-errno -c -emit-llvm -O0 -mllvm -disable-llvm-optzns -std=gnu89 -DAESL_SYN -D__SYNTHESIS__ -D__HLS_SYN__ -I /tools/Xilinx/Vivado/2018.3/common/technology/autopilot -I /tools/Xilinx/Vivado/2018.3/common/technology/autopilot/ap_sysc -include etc/autopilot_ssdm_op.h -D__DSP48E1__ -o /home/skalogerakis/TUC_Projects/TUC_HLS/MyCode/vHLS/algHLS/Optimization_1/.autopilot/db/myAccel.pp.0.c
Command       clang done; 1.24 sec.
Execute       tidy_31 xilinx-xfmat-array-geometry /home/skalogerakis/TUC_Projects/TUC_HLS/MyCode/vHLS/algHLS/Optimization_1/.autopilot/db/myAccel.pp.0.c std=gnu89 
INFO-FLOW: exec /tools/Xilinx/Vivado/2018.3/lnx64/tools/clang-3.9-csynth/bin/tidy-3.1 -header-filter=.* -checks=-*,xilinx-xfmat-array-geometry -quiet -fix /home/skalogerakis/TUC_Projects/TUC_HLS/MyCode/vHLS/algHLS/Optimization_1/.autopilot/db/myAccel.pp.0.c -- -std=gnu89 -fhls -ferror-limit=0
INFO-FLOW: Syntax Checking before pre-processing...
Execute       clang -syntaxcheck -src /home/skalogerakis/TUC_Projects/TUC_HLS/MyCode/vHLS/algHLS/Optimization_1/.autopilot/db/myAccel.pp.0.c  -fno-limit-debug-info -gcc-toolchain "/tools/Xilinx/Vivado/2018.3/lnx64/tools/gcc" -hls    -fno-math-errno -c -emit-llvm -O0  -mllvm -disable-llvm-optzns -std=gnu89   -DAESL_SYN -D__SYNTHESIS__ -D__HLS_SYN__ -I "/tools/Xilinx/Vivado/2018.3/common/technology/autopilot" -I "/tools/Xilinx/Vivado/2018.3/common/technology/autopilot/ap_sysc" -include etc/autopilot_ssdm_op.h -D__DSP48E1__  "/home/skalogerakis/TUC_Projects/TUC_HLS/MyCode/vHLS/algHLS/Optimization_1/.autopilot/db/myAccel.pp.0.c"  -o "/home/skalogerakis/TUC_Projects/TUC_HLS/MyCode/vHLS/algHLS/Optimization_1/.autopilot/db/useless.bc"  
INFO-FLOW: exec /tools/Xilinx/Vivado/2018.3/lnx64/tools/clang/bin/clang -fno-limit-debug-info -gcc-toolchain /tools/Xilinx/Vivado/2018.3/lnx64/tools/gcc -hls -fno-math-errno -c -emit-llvm -O0 -mllvm -disable-llvm-optzns -std=gnu89 -DAESL_SYN -D__SYNTHESIS__ -D__HLS_SYN__ -I /tools/Xilinx/Vivado/2018.3/common/technology/autopilot -I /tools/Xilinx/Vivado/2018.3/common/technology/autopilot/ap_sysc -include etc/autopilot_ssdm_op.h -D__DSP48E1__ /home/skalogerakis/TUC_Projects/TUC_HLS/MyCode/vHLS/algHLS/Optimization_1/.autopilot/db/myAccel.pp.0.c -o /home/skalogerakis/TUC_Projects/TUC_HLS/MyCode/vHLS/algHLS/Optimization_1/.autopilot/db/useless.bc
Command       clang done; 1.24 sec.
INFO-FLOW: Done: GCC PP time: 2.5 seconds per iteration
Execute       list_core -type functional_unit 
Execute       tidy_31 xilinx-systemc-detector /home/skalogerakis/TUC_Projects/TUC_HLS/MyCode/vHLS/algHLS/Optimization_1/.autopilot/db/myAccel.pp.0.c std=gnu89 -directive=/home/skalogerakis/TUC_Projects/TUC_HLS/MyCode/vHLS/algHLS/Optimization_1/.autopilot/db/.systemc_flag 
INFO-FLOW: exec /tools/Xilinx/Vivado/2018.3/lnx64/tools/clang-3.9-csynth/bin/tidy-3.1 -header-filter=.* -checks=-*,xilinx-systemc-detector -import-directive=/home/skalogerakis/TUC_Projects/TUC_HLS/MyCode/vHLS/algHLS/Optimization_1/.autopilot/db/.systemc_flag -quiet -fix-errors /home/skalogerakis/TUC_Projects/TUC_HLS/MyCode/vHLS/algHLS/Optimization_1/.autopilot/db/myAccel.pp.0.c -- -std=gnu89 -fhls -ferror-limit=0
INFO-FLOW: Running: tidy-3.1 CDT preprocess
Execute       tidy_31 xilinx-directive2pragma /home/skalogerakis/TUC_Projects/TUC_HLS/MyCode/vHLS/algHLS/Optimization_1/.autopilot/db/myAccel.pp.0.c std=gnu89 -directive=/home/skalogerakis/TUC_Projects/TUC_HLS/MyCode/vHLS/algHLS/Optimization_1/.autopilot/db/all.directive.json 
INFO-FLOW: exec /tools/Xilinx/Vivado/2018.3/lnx64/tools/clang-3.9-csynth/bin/tidy-3.1 -header-filter=.* -checks=-*,xilinx-directive2pragma -import-directive=/home/skalogerakis/TUC_Projects/TUC_HLS/MyCode/vHLS/algHLS/Optimization_1/.autopilot/db/all.directive.json -quiet -fix-errors /home/skalogerakis/TUC_Projects/TUC_HLS/MyCode/vHLS/algHLS/Optimization_1/.autopilot/db/myAccel.pp.0.c -- -std=gnu89 -fhls -ferror-limit=0
Execute       get_config_dataflow -strict_mode 
Execute       ap_eval exec -ignorestderr /tools/Xilinx/Vivado/2018.3/lnx64/tools/clang-3.9-csynth/bin/xilinx-dataflow-lawyer -export-fixes=/home/skalogerakis/TUC_Projects/TUC_HLS/MyCode/vHLS/algHLS/Optimization_1/.autopilot/db/xilinx-dataflow-lawyer.myAccel.pp.0.c.diag.yml /home/skalogerakis/TUC_Projects/TUC_HLS/MyCode/vHLS/algHLS/Optimization_1/.autopilot/db/myAccel.pp.0.c -- -std=gnu99 -fhls -ferror-limit=0 -fstrict-dataflow > /home/skalogerakis/TUC_Projects/TUC_HLS/MyCode/vHLS/algHLS/Optimization_1/.autopilot/db/xilinx-dataflow-lawyer.myAccel.pp.0.c.out.log 2> /home/skalogerakis/TUC_Projects/TUC_HLS/MyCode/vHLS/algHLS/Optimization_1/.autopilot/db/xilinx-dataflow-lawyer.myAccel.pp.0.c.err.log 
Execute       tidy_31 -errorcheck xilinx-constantarray-param,xilinx-resource-pragma-transformer,xilinx-xfmat-array-geometry /home/skalogerakis/TUC_Projects/TUC_HLS/MyCode/vHLS/algHLS/Optimization_1/.autopilot/db/myAccel.pp.0.c std=gnu89 
Execute         ap_eval exec -ignorestderr /tools/Xilinx/Vivado/2018.3/lnx64/tools/clang-3.9-csynth/bin/tidy-3.1 -export-fixes=/home/skalogerakis/TUC_Projects/TUC_HLS/MyCode/vHLS/algHLS/Optimization_1/.autopilot/db/tidy-3.1.myAccel.pp.0.c.diag.yml -header-filter=.* -checks=-*,xilinx-constantarray-param,xilinx-resource-pragma-transformer,xilinx-xfmat-array-geometry -quiet -fix-errors /home/skalogerakis/TUC_Projects/TUC_HLS/MyCode/vHLS/algHLS/Optimization_1/.autopilot/db/myAccel.pp.0.c -- -std=gnu89 -fhls -ferror-limit=0 > /home/skalogerakis/TUC_Projects/TUC_HLS/MyCode/vHLS/algHLS/Optimization_1/.autopilot/db/tidy-3.1.myAccel.pp.0.c.out.log 2> /home/skalogerakis/TUC_Projects/TUC_HLS/MyCode/vHLS/algHLS/Optimization_1/.autopilot/db/tidy-3.1.myAccel.pp.0.c.err.log 
Execute         ap_eval exec -ignorestderr /tools/Xilinx/Vivado/2018.3/lnx64/tools/clang-3.9-csynth/bin/xilinx-legacy-rewriter /home/skalogerakis/TUC_Projects/TUC_HLS/MyCode/vHLS/algHLS/Optimization_1/.autopilot/db/myAccel.pp.0.c -- -std=gnu89 -fhls -ferror-limit=0 > /home/skalogerakis/TUC_Projects/TUC_HLS/MyCode/vHLS/algHLS/Optimization_1/.autopilot/db/xilinx-legacy-rewriter.myAccel.pp.0.c.out.log 2> /home/skalogerakis/TUC_Projects/TUC_HLS/MyCode/vHLS/algHLS/Optimization_1/.autopilot/db/xilinx-legacy-rewriter.myAccel.pp.0.c.err.log 
INFO-FLOW: Done: tidy-3.1 CDT preprocess time: 0.1 seconds per iteration
INFO-FLOW: Pragma Handling...
Execute       tidy_31 xilinx-ssdm-intrinsics-arguments /home/skalogerakis/TUC_Projects/TUC_HLS/MyCode/vHLS/algHLS/Optimization_1/.autopilot/db/myAccel.pragma.1.c std=gnu89 
INFO-FLOW: exec /tools/Xilinx/Vivado/2018.3/lnx64/tools/clang-3.9-csynth/bin/tidy-3.1 -header-filter=.* -checks=-*,xilinx-ssdm-intrinsics-arguments -quiet -fix-errors /home/skalogerakis/TUC_Projects/TUC_HLS/MyCode/vHLS/algHLS/Optimization_1/.autopilot/db/myAccel.pragma.1.c -- -std=gnu89 -fhls -ferror-limit=0
Execute       get_default_platform 
INFO-FLOW: Processing labels
Execute       clang -src /home/skalogerakis/TUC_Projects/TUC_HLS/MyCode/vHLS/algHLS/Optimization_1/.autopilot/db/myAccel.pragma.2.c  -fno-limit-debug-info -gcc-toolchain /tools/Xilinx/Vivado/2018.3/lnx64/tools/gcc -hls -hls-analyze-label -hls-analyze-pragma -fno-exceptions  -D__llvm__  -w  "/home/skalogerakis/TUC_Projects/TUC_HLS/MyCode/vHLS/algHLS/Optimization_1/.autopilot/db/myAccel.pragma.2.c"    -fno-math-errno -c -emit-llvm -O0  -mllvm -disable-llvm-optzns -std=gnu89  -DAESL_SYN -D__SYNTHESIS__ -D__HLS_SYN__ -I "/tools/Xilinx/Vivado/2018.3/common/technology/autopilot" -I "/tools/Xilinx/Vivado/2018.3/common/technology/autopilot/ap_sysc" -include etc/autopilot_ssdm_op.h -D__DSP48E1__ -g -o "/home/skalogerakis/TUC_Projects/TUC_HLS/MyCode/vHLS/algHLS/Optimization_1/.autopilot/db/myAccel.bc" 
INFO-FLOW: exec /tools/Xilinx/Vivado/2018.3/lnx64/tools/clang/bin/clang -fno-limit-debug-info -gcc-toolchain /tools/Xilinx/Vivado/2018.3/lnx64/tools/gcc -hls -hls-analyze-label -hls-analyze-pragma -fno-exceptions -D__llvm__ -w /home/skalogerakis/TUC_Projects/TUC_HLS/MyCode/vHLS/algHLS/Optimization_1/.autopilot/db/myAccel.pragma.2.c -fno-math-errno -c -emit-llvm -O0 -mllvm -disable-llvm-optzns -std=gnu89 -DAESL_SYN -D__SYNTHESIS__ -D__HLS_SYN__ -I /tools/Xilinx/Vivado/2018.3/common/technology/autopilot -I /tools/Xilinx/Vivado/2018.3/common/technology/autopilot/ap_sysc -include etc/autopilot_ssdm_op.h -D__DSP48E1__ -g -o /home/skalogerakis/TUC_Projects/TUC_HLS/MyCode/vHLS/algHLS/Optimization_1/.autopilot/db/myAccel.bc
Command       clang done; 1.24 sec.
INFO-FLOW: Linking Debug ...
Execute       llvm-ld /home/skalogerakis/TUC_Projects/TUC_HLS/MyCode/vHLS/algHLS/Optimization_1/.autopilot/db/myAccel.g.bc -hls-opt -except-internalize myFuncAccel -L/tools/Xilinx/Vivado/2018.3/lnx64/lib -lhlsm -lhlsmc++ -o /home/skalogerakis/TUC_Projects/TUC_HLS/MyCode/vHLS/algHLS/Optimization_1/.autopilot/db/a.g 
Command       llvm-ld done; 0.63 sec.
INFO: [HLS 200-111] Finished Linking Time (s): cpu = 00:00:05 ; elapsed = 00:00:05 . Memory (MB): peak = 444.914 ; gain = 0.098 ; free physical = 845 ; free virtual = 5023
INFO: [HLS 200-111] Finished Checking Pragmas Time (s): cpu = 00:00:05 ; elapsed = 00:00:05 . Memory (MB): peak = 444.914 ; gain = 0.098 ; free physical = 845 ; free virtual = 5023
Execute       get_config_sdx -target 
Execute       opt_and_import_c a -opt_level=2 -skip_syncheck=0 -ng=0 -keep_printf=0 
Execute         cleanup_all_models 
INFO: [HLS 200-10] Starting code transformations ...
Execute         transform -promote-dbg-pointer /home/skalogerakis/TUC_Projects/TUC_HLS/MyCode/vHLS/algHLS/Optimization_1/.autopilot/db/a.pp.bc -o /home/skalogerakis/TUC_Projects/TUC_HLS/MyCode/vHLS/algHLS/Optimization_1/.autopilot/db/a.pp.0.bc -f 
Execute         llvm-ld /home/skalogerakis/TUC_Projects/TUC_HLS/MyCode/vHLS/algHLS/Optimization_1/.autopilot/db/a.pp.0.bc -disable-opt -L/tools/Xilinx/Vivado/2018.3/lnx64/lib -lfloatconversion -o /home/skalogerakis/TUC_Projects/TUC_HLS/MyCode/vHLS/algHLS/Optimization_1/.autopilot/db/a.g.0 
Command         llvm-ld done; 0.64 sec.
INFO-FLOW: Running Standard Transforms...
Execute         transform -hls -share-std-xform -demangle-name -inline-byval-memcpy -always-inline -promote-dbg-pointer -interface-preproc -mem2reg -lower-blackbox -scalarrepl -mem2reg -keep-read-access -instcombine -dce -promote-dbg-pointer -bitop-raise -loop-simplify -indvarspre -indvars -loop-simplify -xunroll -constprop -instcombine -simplifycfg -indvars -simplifycfg -dce -globaldce -basicaa -simplifycfg -mem2reg -globalopt -global-constprop -deadargelim -instcombine -simplifycfg -prune-eh -simplifycfg -scalarrepl -instcombine -reassociate -licm -simplifycfg -loop-simplify -indvars -instcombine -simplifycfg -mem2reg -loop-simplify -indvars -instcombine -gvn -gvn -instcombine -adce -break-crit-edges -simplifycfg -loop-delete -global-array-opt -dce -dse -adce -find-syn-modules -top myFuncAccel -deadargelim -mem2reg -instcombine -dce -presyn-prepare -auto-rom-infer -interface-preproc -syn-check -check-rec-only -find-region -simplifycfg -func-extr -function-inline -globaldce -mem2reg -instcombine -dce -gvn -globaldce -adce -adse -constprop -instcombine -bit-constprop -instcombine -dce -simplifycfg -bitop-raise -simplifycfg -dce -loop-delete -reassociate -globalopt -global-privatize -mem2reg -dce -global-constprop -pointer-simplify -constprop -dce -func-inst -deadargelim -auto-shift-reg-idiom -promote-dbg-pointer -norm-name /home/skalogerakis/TUC_Projects/TUC_HLS/MyCode/vHLS/algHLS/Optimization_1/.autopilot/db/a.g.0.bc -o /home/skalogerakis/TUC_Projects/TUC_HLS/MyCode/vHLS/algHLS/Optimization_1/.autopilot/db/a.g.1.bc -f -phase std-opt 
INFO: [XFORM 203-501] Unrolling loop 'initLoop' (../myAccel.c:27) in function 'myFuncAccel': changing partial unrolling into complete unrolling since the unrolling factor (=4) is no less than the loop trip count (=4).
INFO: [XFORM 203-501] Unrolling loop 'valueAsnInner' (../myAccel.c:41) in function 'myFuncAccel': changing partial unrolling into complete unrolling since the unrolling factor (=4) is no less than the loop trip count (=4).
INFO: [XFORM 203-501] Unrolling loop 'zeroAsn' (../myAccel.c:94) in function 'myFuncAccel': changing partial unrolling into complete unrolling since the unrolling factor (=4) is no less than the loop trip count (=4).
INFO: [HLS 200-111] Finished Standard Transforms Time (s): cpu = 00:00:05 ; elapsed = 00:00:06 . Memory (MB): peak = 444.914 ; gain = 0.098 ; free physical = 843 ; free virtual = 5024
INFO: [HLS 200-10] Checking synthesizability ...
INFO-FLOW: Checking Synthesizability 1/2..
Execute         transform -hls -syn-check -check-rec-only -disaggr -scalarrepl -norm-name -dce -mem2reg -instcombine -function-uniquify -directive-preproc -mem2reg -dse -dce -auto-rom-infer -dce -pag -array-normalize -instcombine -dce -warn-fifo-pointer -array-seg-normalize -instcombine -dce -array-flatten -instcombine -dce -array-burst -dce -deadargelim -promote-global-argument -simplifycfg -mem2reg -globaldce -resolve-double-ptr -dce -deadargelim -dce -instcombine -function-inline -globaldce -dce -doublePtrSimplify -doublePtrElim -dce -doublePtrSimplify -promote-dbg-pointer -dce -scalarrepl -dse -adse -instcombine -ptrLegalization -simplifycfg -dce -instcombine -pointer-simplify -ptrArgReplace -dce -instcombine -disaggr -scalarrepl -norm-name -dce -mem2reg -instcombine -ptrLegalization -simplifycfg -deadargelim -instcombine -dce -inst-simplify -function-uniquify -directive-preproc -mem2reg -dse -dce -globaldce -check-dspbuiltin /home/skalogerakis/TUC_Projects/TUC_HLS/MyCode/vHLS/algHLS/Optimization_1/.autopilot/db/a.g.1.bc -o /home/skalogerakis/TUC_Projects/TUC_HLS/MyCode/vHLS/algHLS/Optimization_1/.autopilot/db/a.g.2.prechk.bc -f 
INFO-FLOW: Checking Synthesizability 2/2..
Execute         transform -syn-check /home/skalogerakis/TUC_Projects/TUC_HLS/MyCode/vHLS/algHLS/Optimization_1/.autopilot/db/a.g.2.prechk.bc -o /home/skalogerakis/TUC_Projects/TUC_HLS/MyCode/vHLS/algHLS/Optimization_1/.autopilot/db/a.g.2.bc -f -phase syn-check 
INFO: [HLS 200-111] Finished Checking Synthesizability Time (s): cpu = 00:00:05 ; elapsed = 00:00:06 . Memory (MB): peak = 444.914 ; gain = 0.098 ; free physical = 842 ; free virtual = 5024
INFO-FLOW: Compiler optimizing ...
INFO-FLOW: Share syncheck's 1.bc for syn flow: copy /home/skalogerakis/TUC_Projects/TUC_HLS/MyCode/vHLS/algHLS/Optimization_1/.autopilot/db/a.g.1.bc to /home/skalogerakis/TUC_Projects/TUC_HLS/MyCode/vHLS/algHLS/Optimization_1/.autopilot/db/a.o.1.bc
INFO-FLOW: Presyn 1...
Execute         transform -hls -tmp /home/skalogerakis/TUC_Projects/TUC_HLS/MyCode/vHLS/algHLS/Optimization_1/.autopilot/db -interface-port-rename -type-info -function-uniquify -directive-preproc -mem2reg -dse -dce -disaggr -scalarrepl -norm-name -deadargelim -mem2reg -instcombine -dce -simplifycfg -auto-rom-infer -dce -function-uniquify -resource-proc -simplifycfg -mem2reg -globaldce -resolve-double-ptr -dce -deadargelim -dce -instcombine -clib-intrinsic-prepare -dce -func-buffer -dce -pag -array-normalize -func-legal -instcombine -gvn -constprop -dce -ptrArgReplace -mem2reg -instcombine -dce -array-seg-normalize -deadargelim -instcombine -dce -pointer-simplify -dce -port-alignment -dce -interface-preproc -data-pack -instcombine -dce -basicaa -aggr-aa -aggrmodref-aa -aggr-aa -gvn -gvn -basicaa -aggr-aa -aggrmodref-aa -aggr-aa -dse -adse -adce -loop-simplify -indvars -instcombine -gvn -loop-simplify -mem2reg -dce -find-region -instcombine -auto-loop-pipeline -inst-simplify -interface-preproc -cfgopt -instcombine -indvars -auto-loop-unroll -loop-simplify -loop-bound -xunroll -constprop -instcombine -simplifycfg -indvars -simplifycfg -dce -globaldce -clean-region -attach-range -gvn -inst-simplify -constprop -simplifycfg -dce -pointer-simplify -dce -globalopt -constprop -dce -array-promote -constprop -instcombine -dce -ptrArgReplace -mem2reg -instcombine -simplifycfg -dce -auto-par -instcombine -dce -array-transform-check -array-reshape -instcombine -simplifycfg -dce -ptrArgReplace -deadargelim -mem2reg -instcombine -simplifycfg -dce -indvars -loop-simplify -loop-bound -xunroll -constprop -instcombine -simplifycfg -indvars -simplifycfg -dce -globaldce -basicaa -aggr-aa -aggrmodref-aa -aggr-aa -dse -duplicate-dataflow-processes -globaldce -instcombine -array-partition -instcombine -simplifycfg -dce -ptrArgReplace -global-constprop -deadargelim -mem2reg -func-legal -instcombine -dce -global-constprop -deadargelim -mem2reg -instcombine -simplifycfg -dce -merge-param -deadargelim -globalopt -constprop -dce -array-promote -constprop -instcombine -dce -ptrArgReplace -mem2reg -instcombine -simplifycfg -dce -mem-intrinsic-preproc -dce -global-internalize -global-privatize -mem2reg -globaldce -promote-global-argument -ptrArgReplace -mem2reg -instcombine -dce -globalopt -mergereturn -simplify-global-access -mem2reg -dce -pointer-simplify -dce -functionattrs -basicaa -aggr-aa -aggrmodref-aa -aggr-aa -gvn -gvn -basicaa -aggr-aa -aggrmodref-aa -aggr-aa -dse -adse -adce -inst-simplify -dce -norm-name -function-inline -globaldce -func-inst -constprop -instcombine -simplifycfg -dce -func-legal -dce -loop-bound -arraycheck -bitwidthmin -on-by-dataflow -loop-delete -instcombine -simplifycfg -globaldce -dce -gvn -deadargelim -dce -loop-simplify -clean-region -simplifycfg -propagate-stable-arguments -loop-stream -instcombine -simplifycfg -dce -globaldce -duplicate-dataflow-processes -stream-intrinsic-preproc -dce -check-ap-stream -loop-simplify -eliminate-keepreads -extract-dataflow-in-loop -loop-simplify -dce -gvn -deadargelim -dse -check-dataflow-syntax -legalize-stream-variable -legalize-global -extract-subproc -dce -dead-channel-elimination -canonicalize-gep -globaldce -dce -gvn -deadargelim -annotate-dataflow-channels -scalar-propagation -deadargelim -globaldce -mem2reg -check-dataflow-channels -function-stream -dce -globaldce -prop-fifo-spec -internal-stream-gen -canonicalize-gep -globaldce -dce -gvn -deadargelim -mergereturn -indvars -loop-simplify -instcombine -array-stream -array-seg-normalize -array-partition -func-legal -instcombine -simplifycfg -dce -bundle-memfifo-ops -deadargelim -function-uniquify -directive-preproc -mem2reg -dse -dce -group-axi-access -licm -simplifycfg -dce -loop-delete -norm-name /home/skalogerakis/TUC_Projects/TUC_HLS/MyCode/vHLS/algHLS/Optimization_1/.autopilot/db/a.o.1.bc -o /home/skalogerakis/TUC_Projects/TUC_HLS/MyCode/vHLS/algHLS/Optimization_1/.autopilot/db/a.o.1.tmp.bc -f 
INFO: [XFORM 203-502] Unrolling all sub-loops inside loop 'sizeLoop' (../myAccel.c:24) in function 'myFuncAccel' for pipelining.
WARNING: [XFORM 203-503] Ignored partial unroll directive for loop 'initLoop' (../myAccel.c:27) because its parent loop or function is pipelined.
WARNING: [XFORM 203-503] Ignored partial unroll directive for loop 'valueAsnInner' (../myAccel.c:41) because its parent loop or function is pipelined.
WARNING: [XFORM 203-503] Ignored partial unroll directive for loop 'zeroAsn' (../myAccel.c:94) because its parent loop or function is pipelined.
INFO: [HLS 200-489] Unrolling loop 'initLoop' (../myAccel.c:27) in function 'myFuncAccel' completely with a factor of 4.
INFO: [HLS 200-489] Unrolling loop 'valueAsn' (../myAccel.c:34) in function 'myFuncAccel' completely with a factor of 4.
INFO: [HLS 200-489] Unrolling loop 'valueAsnInner' (../myAccel.c:41) in function 'myFuncAccel' completely with a factor of 4.
INFO: [HLS 200-489] Unrolling loop 'thresCheck' (../myAccel.c:67) in function 'myFuncAccel' completely with a factor of 4.
INFO: [HLS 200-489] Unrolling loop 'zeroAsn' (../myAccel.c:94) in function 'myFuncAccel' completely with a factor of 4.
INFO-FLOW: Presyn 2...
Execute         transform -hls -keep-callgraph -scalarrepl -mem2reg -port-alignment -attach-range -dce -pipe-mux-gen -indvars -loop-bound -inst-simplify -instcombine -dce -merge-array-access -mem2reg -dce -clean-region -mergereturn -if-conv -instcombine -dce -constprop -basicaa -aggr-aa -aggrmodref-aa -aggr-aa -gvn -gvn -basicaa -aggr-aa -aggrmodref-aa -aggr-aa -dse -adse -adce -scalarrepl -mem2reg -global-constprop -deadargelim -deadargelim -instcombine -dce -simplifycfg -ptrArgReplace -mem2reg -function-inline -globaldce -mem2reg -instcombine -dce -expr-balance -instcombine -dce -bitwidthmin -interface-preproc -directive-preproc -inst-rectify -instcombine -dce -functionattrs -constprop -instcombine -bit-constprop -simplify-global-access -globalopt -globaldce -inst-simplify -instcombine -elimdeaddata -dce -loop-delete -simplifycfg -loop-simplify -auto-burst -norm-name /home/skalogerakis/TUC_Projects/TUC_HLS/MyCode/vHLS/algHLS/Optimization_1/.autopilot/db/a.o.1.tmp.bc -o /home/skalogerakis/TUC_Projects/TUC_HLS/MyCode/vHLS/algHLS/Optimization_1/.autopilot/db/a.o.2.bc -f -phase presyn 
INFO: [XFORM 203-11] Balancing expressions in function 'myFuncAccel' (../myAccel.c:8)...3 expression(s) balanced.
INFO: [HLS 200-111] Finished Pre-synthesis Time (s): cpu = 00:00:06 ; elapsed = 00:00:06 . Memory (MB): peak = 572.816 ; gain = 128.000 ; free physical = 822 ; free virtual = 5004
INFO-FLOW: Building ssdm...
Execute         transform -hls -function-uniquify -auto-function-inline -globaldce -ptrArgReplace -mem2reg -instcombine -dce -reset-lda -loop-simplify -indvars -licm -loop-dep -loop-bound -licm -loop-simplify -flattenloopnest -array-flatten -gvn -instcombine -dce -array-map -dce -func-legal -gvn -adce -instcombine -cfgopt -simplifycfg -loop-simplify -array-burst -promote-global-argument -dce -axi4-lower -array-seg-normalize -basicaa -aggrmodref-aa -globalsmodref-aa -aggr-aa -gvn -gvn -basicaa -aggrmodref-aa -globalsmodref-aa -aggr-aa -dse -adse -adce -licm -inst-simplify -dce -globaldce -instcombine -array-stream -eliminate-keepreads -instcombine -dce -deadargelim -doublePtrSimplify -doublePtrElim -dce -doublePtrSimplify -promote-dbg-pointer -dce -scalarrepl -mem2reg -disaggr -norm-name -mem2reg -instcombine -dse -adse -adce -ptrLegalization -dce -auto-rom-infer -array-flatten -dce -instcombine -check-doubleptr -loop-rot -constprop -cfgopt -simplifycfg -loop-simplify -indvars -pointer-simplify -dce -loop-bound -loop-simplify -loop-preproc -constprop -global-constprop -gvn -mem2reg -instcombine -dce -loop-bound -loop-merge -dce -bitwidthmin -deadargelim -dce -canonicalize-dataflow -dce -scalar-propagation -deadargelim -globaldce -mem2reg -read-loop-dep -interface-preproc -directive-preproc -interface-gen -bram-byte-enable -deadargelim -inst-simplify -dce -gvn -mem2reg -instcombine -dce -adse -loop-bound -instcombine -cfgopt -simplifycfg -loop-simplify -clean-region -io-protocol -find-region -mem2reg -bitop-raise -inst-simplify -inst-rectify -instcombine -adce -deadargelim -loop-simplify -phi-opt -bitop-raise -cfgopt -simplifycfg -strip-dead-prototypes -interface-lower -bitop-lower -intrinsic-lower -auto-function-inline -basicaa -aggrmodref-aa -globalsmodref-aa -aggr-aa -inst-simplify -simplifycfg -loop-simplify -mergereturn -inst-simplify -inst-rectify -dce -load-elim -bitop-lower -loop-rewind -pointer-simplify -dce -cfgopt -dce -bitwidth -loop-bound -loop-dep -read-loop-dep -dce -check-stream -norm-name -legalize -validate-dataflow -inst-clarity -cdfg-build /home/skalogerakis/TUC_Projects/TUC_HLS/MyCode/vHLS/algHLS/Optimization_1/.autopilot/db/a.o.2.bc -o /home/skalogerakis/TUC_Projects/TUC_HLS/MyCode/vHLS/algHLS/Optimization_1/.autopilot/db/a.o.3.bc -f -phase build-ssdm 
INFO: [XFORM 203-811] Inferring bus burst read of length 16 on port 'data0' (../myAccel.c:45:2).
INFO: [XFORM 203-811] Inferring bus burst read of length 4 on port 'data1' (../myAccel.c:45:2).
INFO: [XFORM 203-811] Inferring bus burst write of length 4 on port 'data2' (../myAccel.c:49:5).
INFO: [XFORM 203-811] Inferring bus burst write of length 4 on port 'data2' (../myAccel.c:97:2).
INFO: [HLS 200-111] Finished Architecture Synthesis Time (s): cpu = 00:00:06 ; elapsed = 00:00:06 . Memory (MB): peak = 572.816 ; gain = 128.000 ; free physical = 829 ; free virtual = 5010
INFO-FLOW: Finish building internal data model.
Command       opt_and_import_c done; 0.91 sec.
Command     elaborate done; 5.44 sec.
Execute     autosyn -from_csynth_design=1 
INFO: [HLS 200-10] Starting hardware synthesis ...
INFO-FLOW: Synthesizing C/C++ design ...
INFO: [HLS 200-10] Synthesizing 'myFuncAccel' ...
Execute       ap_set_top_model myFuncAccel 
Execute       get_model_list myFuncAccel -filter all-wo-channel -topdown 
Execute       preproc_iomode -model myFuncAccel 
Execute       get_model_list myFuncAccel -filter all-wo-channel 
INFO-FLOW: Model list for configure: myFuncAccel
INFO-FLOW: Configuring Module : myFuncAccel ...
Execute       set_default_model myFuncAccel 
Execute       apply_spec_resource_limit myFuncAccel 
INFO-FLOW: Model list for preprocess: myFuncAccel
INFO-FLOW: Preprocessing Module: myFuncAccel ...
Execute       set_default_model myFuncAccel 
Execute       cdfg_preprocess -model myFuncAccel 
Execute       rtl_gen_preprocess myFuncAccel 
INFO-FLOW: Model list for synthesis: myFuncAccel
INFO: [HLS 200-10] ----------------------------------------------------------------
INFO: [HLS 200-42] -- Implementing module 'myFuncAccel' 
INFO: [HLS 200-10] ----------------------------------------------------------------
Execute       set_default_model myFuncAccel 
Execute       schedule -model myFuncAccel 
INFO: [SCHED 204-11] Starting scheduling ...
INFO: [SCHED 204-61] Pipelining loop 'sizeLoop'.
WARNING: [SCHED 204-68] The II Violation in module 'myFuncAccel': Unable to enforce a carried dependence constraint (II = 1, distance = 1, offset = 1)
   between bus read on port 'data0' (../myAccel.c:45) and bus read on port 'data0' (../myAccel.c:45).
WARNING: [SCHED 204-68] The II Violation in module 'myFuncAccel': Unable to enforce a carried dependence constraint (II = 2, distance = 1, offset = 1)
   between bus read on port 'data0' (../myAccel.c:45) and bus read on port 'data0' (../myAccel.c:45).
WARNING: [SCHED 204-68] The II Violation in module 'myFuncAccel': Unable to enforce a carried dependence constraint (II = 3, distance = 1, offset = 1)
   between bus read on port 'data0' (../myAccel.c:45) and bus read on port 'data0' (../myAccel.c:45).
WARNING: [SCHED 204-68] The II Violation in module 'myFuncAccel': Unable to enforce a carried dependence constraint (II = 4, distance = 1, offset = 1)
   between bus read on port 'data0' (../myAccel.c:45) and bus read on port 'data0' (../myAccel.c:45).
WARNING: [SCHED 204-68] The II Violation in module 'myFuncAccel': Unable to enforce a carried dependence constraint (II = 11, distance = 1, offset = 1)
   between bus read on port 'data0' (../myAccel.c:45) and bus read on port 'data0' (../myAccel.c:45).
WARNING: [SCHED 204-68] The II Violation in module 'myFuncAccel': Unable to enforce a carried dependence constraint (II = 15, distance = 1, offset = 1)
   between bus read on port 'data0' (../myAccel.c:45) and bus read on port 'data0' (../myAccel.c:45).
INFO: [SCHED 204-61] Pipelining result : Target II = 1, Final II = 16, Depth = 45.
INFO: [SCHED 204-11] Finished scheduling.
Command       schedule done; 0.36 sec.
INFO: [HLS 200-111]  Elapsed time: 6.29 seconds; current allocated memory: 63.899 MB.
Execute       report -o /home/skalogerakis/TUC_Projects/TUC_HLS/MyCode/vHLS/algHLS/Optimization_1/.autopilot/db/myFuncAccel.verbose.sched.rpt -verbose -f 
Command       report done; 0.16 sec.
Execute       db_write -o /home/skalogerakis/TUC_Projects/TUC_HLS/MyCode/vHLS/algHLS/Optimization_1/.autopilot/db/myFuncAccel.sched.adb -f 
INFO-FLOW: Finish scheduling myFuncAccel.
Execute       set_default_model myFuncAccel 
Execute       bind -model myFuncAccel 
BIND OPTION: fu_weight=[ 0.0 -- 1.0 ]
BIND OPTION: model=myFuncAccel
BIND OPTION: reg_weight=[ 0.0 -- 1.0 ]
INFO: [BIND 205-100] Starting micro-architecture generation ...
INFO: [BIND 205-101] Performing variable lifetime analysis.
INFO: [BIND 205-101] Exploring resource sharing.
INFO: [BIND 205-101] Binding ...
INFO: [BIND 205-100] Finished micro-architecture generation.
INFO: [HLS 200-111]  Elapsed time: 0.23 seconds; current allocated memory: 64.668 MB.
Execute       report -o /home/skalogerakis/TUC_Projects/TUC_HLS/MyCode/vHLS/algHLS/Optimization_1/.autopilot/db/myFuncAccel.verbose.bind.rpt -verbose -f 
Command       report done; 0.14 sec.
Execute       db_write -o /home/skalogerakis/TUC_Projects/TUC_HLS/MyCode/vHLS/algHLS/Optimization_1/.autopilot/db/myFuncAccel.bind.adb -f 
INFO-FLOW: Finish binding myFuncAccel.
Execute       get_model_list myFuncAccel -filter all-wo-channel 
INFO-FLOW: Preprocessing for RTLGen ...
Execute       rtl_gen_preprocess myFuncAccel 
INFO-FLOW: Model list for RTL generation: myFuncAccel
INFO: [HLS 200-10] ----------------------------------------------------------------
INFO: [HLS 200-10] -- Generating RTL for module 'myFuncAccel' 
INFO: [HLS 200-10] ----------------------------------------------------------------
Execute       get_config_rtl -prefix 
Execute       get_config_rtl -auto_prefix 
Execute       create_rtl_model myFuncAccel -vendor xilinx -mg_file /home/skalogerakis/TUC_Projects/TUC_HLS/MyCode/vHLS/algHLS/Optimization_1/.autopilot/db/myFuncAccel.compgen.tcl 
INFO: [RTGEN 206-500] Setting interface mode on port 'myFuncAccel/size' to 'ap_none'.
INFO: [RTGEN 206-500] Setting interface mode on port 'myFuncAccel/dim' to 'ap_none'.
INFO: [RTGEN 206-500] Setting interface mode on port 'myFuncAccel/threshold' to 'ap_none'.
INFO: [RTGEN 206-500] Setting interface mode on port 'myFuncAccel/data0' to 'ap_bus'.
INFO: [RTGEN 206-500] Setting interface mode on port 'myFuncAccel/data1' to 'ap_bus'.
INFO: [RTGEN 206-500] Setting interface mode on port 'myFuncAccel/data2' to 'ap_bus'.
INFO: [RTGEN 206-500] Setting interface mode on function 'myFuncAccel' to 'ap_ctrl_hs'.
WARNING: [RTGEN 206-101] Port 'myFuncAccel/size' has no fanin or fanout and is left dangling.
               Please use C simulation to confirm this function argument can be read from or written to.
WARNING: [RTGEN 206-101] Port 'myFuncAccel/dim' has no fanin or fanout and is left dangling.
               Please use C simulation to confirm this function argument can be read from or written to.
WARNING: [RTGEN 206-101] Port 'myFuncAccel/threshold' has no fanin or fanout and is left dangling.
               Please use C simulation to confirm this function argument can be read from or written to.
WARNING: [RTGEN 206-101] Setting dangling out port 'myFuncAccel/data0_dataout' to 0.
WARNING: [RTGEN 206-101] Setting dangling out port 'myFuncAccel/data1_dataout' to 0.
INFO: [RTGEN 206-100] Generating core module 'myFuncAccel_fadd_32ns_32ns_32_5_full_dsp_1': 1 instance(s).
INFO: [RTGEN 206-100] Generating core module 'myFuncAccel_fcmp_32ns_32ns_1_1_1': 1 instance(s).
INFO: [RTGEN 206-100] Generating core module 'myFuncAccel_fmul_32ns_32ns_32_4_max_dsp_1': 1 instance(s).
INFO: [RTGEN 206-100] Finished creating RTL model for 'myFuncAccel'.
INFO: [HLS 200-111]  Elapsed time: 0.21 seconds; current allocated memory: 66.080 MB.
Execute       source /home/skalogerakis/TUC_Projects/TUC_HLS/MyCode/vHLS/algHLS/Optimization_1/.autopilot/db/myFuncAccel.rtl_wrap.cfg.tcl 
Execute       gen_rtl myFuncAccel -istop -style xilinx -tracefl mytrace -tracefmt vcd -traceopt all -f -lang sc -o /home/skalogerakis/TUC_Projects/TUC_HLS/MyCode/vHLS/algHLS/Optimization_1/syn/systemc/myFuncAccel -synmodules myFuncAccel 
Execute       gen_rtl myFuncAccel -istop -style xilinx -f -lang vhdl -o /home/skalogerakis/TUC_Projects/TUC_HLS/MyCode/vHLS/algHLS/Optimization_1/syn/vhdl/myFuncAccel 
Execute       gen_rtl myFuncAccel -istop -style xilinx -f -lang vlog -o /home/skalogerakis/TUC_Projects/TUC_HLS/MyCode/vHLS/algHLS/Optimization_1/syn/verilog/myFuncAccel 
Execute       export_constraint_db -o /home/skalogerakis/TUC_Projects/TUC_HLS/MyCode/vHLS/algHLS/Optimization_1/.autopilot/db/myFuncAccel.constraint.tcl -f -tool general 
Execute       report -model myFuncAccel -o /home/skalogerakis/TUC_Projects/TUC_HLS/MyCode/vHLS/algHLS/Optimization_1/.autopilot/db/myFuncAccel.design.xml -verbose -f -dv 
Execute       report -model myFuncAccel -o /home/skalogerakis/TUC_Projects/TUC_HLS/MyCode/vHLS/algHLS/Optimization_1/.autopilot/db/myFuncAccel.sdaccel.xml -verbose -f -sdaccel 
Execute       gen_tb_info myFuncAccel -o /home/skalogerakis/TUC_Projects/TUC_HLS/MyCode/vHLS/algHLS/Optimization_1/.autopilot/db/myFuncAccel -p /home/skalogerakis/TUC_Projects/TUC_HLS/MyCode/vHLS/algHLS/Optimization_1/.autopilot/db 
Execute       report -model myFuncAccel -o /home/skalogerakis/TUC_Projects/TUC_HLS/MyCode/vHLS/algHLS/Optimization_1/syn/report/myFuncAccel_csynth.rpt -f 
Execute       report -model myFuncAccel -o /home/skalogerakis/TUC_Projects/TUC_HLS/MyCode/vHLS/algHLS/Optimization_1/syn/report/myFuncAccel_csynth.xml -f -x 
Execute       report -model myFuncAccel -o /home/skalogerakis/TUC_Projects/TUC_HLS/MyCode/vHLS/algHLS/Optimization_1/.autopilot/db/myFuncAccel.verbose.rpt -verbose -f 
Command       report done; 0.18 sec.
Execute       db_write -model myFuncAccel -o /home/skalogerakis/TUC_Projects/TUC_HLS/MyCode/vHLS/algHLS/Optimization_1/.autopilot/db/myFuncAccel.adb -f 
Execute       sc_get_clocks myFuncAccel 
Execute       get_config_export -vivado_clock 
Execute       sc_get_portdomain myFuncAccel 
INFO-FLOW: Model list for RTL component generation: myFuncAccel
INFO-FLOW: Handling components in module [myFuncAccel] ... 
Execute       source /home/skalogerakis/TUC_Projects/TUC_HLS/MyCode/vHLS/algHLS/Optimization_1/.autopilot/db/myFuncAccel.compgen.tcl 
INFO-FLOW: Found component myFuncAccel_fadd_32ns_32ns_32_5_full_dsp_1.
INFO-FLOW: Append model myFuncAccel_fadd_32ns_32ns_32_5_full_dsp_1
INFO-FLOW: Found component myFuncAccel_fmul_32ns_32ns_32_4_max_dsp_1.
INFO-FLOW: Append model myFuncAccel_fmul_32ns_32ns_32_4_max_dsp_1
INFO-FLOW: Found component myFuncAccel_fcmp_32ns_32ns_1_1_1.
INFO-FLOW: Append model myFuncAccel_fcmp_32ns_32ns_1_1_1
INFO-FLOW: Append model myFuncAccel
INFO-FLOW: Generating RTL model list ...
INFO-FLOW: All models in this session: myFuncAccel_fadd_32ns_32ns_32_5_full_dsp_1 myFuncAccel_fmul_32ns_32ns_32_4_max_dsp_1 myFuncAccel_fcmp_32ns_32ns_1_1_1 myFuncAccel
INFO-FLOW: To file: write model myFuncAccel_fadd_32ns_32ns_32_5_full_dsp_1
INFO-FLOW: To file: write model myFuncAccel_fmul_32ns_32ns_32_4_max_dsp_1
INFO-FLOW: To file: write model myFuncAccel_fcmp_32ns_32ns_1_1_1
INFO-FLOW: To file: write model myFuncAccel
INFO-FLOW: Finished generating RTL model list.


INFO-FLOW: RTL Generation done.
INFO-FLOW: CAS Generation done.
INFO-FLOW: CBC Generation done.
INFO-FLOW: DBG:CMD: auto_generate_csynth_design
INFO-FLOW: DBG:CMD:     auto_generate --sim-model -phase csynth_design -d /home/skalogerakis/TUC_Projects/TUC_HLS/MyCode/vHLS/algHLS/Optimization_1
Execute       source /home/skalogerakis/TUC_Projects/TUC_HLS/MyCode/vHLS/algHLS/Optimization_1/.autopilot/db/global.setting.tcl 
INFO-FLOW: DBG:CMD: read_platform_lib /home/skalogerakis/TUC_Projects/TUC_HLS/MyCode/vHLS/algHLS/Optimization_1/.autopilot/db/global.setting.tcl
Execute       source /tools/Xilinx/Vivado/2018.3/common/technology/generic/autopilot/common.gen 
Execute         source /tools/Xilinx/Vivado/2018.3/common/technology/generic/autopilot/APCoreGen.gen 
Execute       source /tools/Xilinx/Vivado/2018.3/common/technology/generic/autopilot/op.gen 
Execute       source /tools/Xilinx/Vivado/2018.3/common/technology/generic/autopilot/op_simcore.gen 
Execute       source /tools/Xilinx/Vivado/2018.3/common/technology/generic/autopilot/interface.gen 
Execute       source /home/skalogerakis/TUC_Projects/TUC_HLS/MyCode/vHLS/algHLS/Optimization_1/.autopilot/db/global.setting.tcl 
Execute       source /tools/Xilinx/Vivado/2018.3/common/technology/xilinx/zynq/zynq.gen 
Execute         source /tools/Xilinx/Vivado/2018.3/common/technology/xilinx/common/virtex.gen 
Execute           source /tools/Xilinx/Vivado/2018.3/common/technology/xilinx/common/xilinx.gen 
Execute             source /tools/Xilinx/Vivado/2018.3/common/technology/xilinx/interface/plb46.gen 
Execute             source /tools/Xilinx/Vivado/2018.3/common/technology/xilinx/interface/fsl.gen 
Execute             source /tools/Xilinx/Vivado/2018.3/common/technology/xilinx/interface/axi4.gen 
Execute             source /tools/Xilinx/Vivado/2018.3/common/technology/xilinx/interface/nativeAXI4.gen 
Execute               source /tools/Xilinx/Vivado/2018.3/common/technology/xilinx/interface/saxilite.gen 
Execute               source /tools/Xilinx/Vivado/2018.3/common/technology/xilinx/interface/maxi.gen 
Execute             source /tools/Xilinx/Vivado/2018.3/common/technology/xilinx/scripts/xilinxcoregen.gen 
Execute             source /tools/Xilinx/Vivado/2018.3/common/technology/xilinx/interface/XilEDKCoreGen.gen 
Execute             source /tools/Xilinx/Vivado/2018.3/common/technology/xilinx/ip/dds_compiler.gen 
Execute             source /tools/Xilinx/Vivado/2018.3/common/technology/xilinx/ip/util.gen 
Execute             source /tools/Xilinx/Vivado/2018.3/common/technology/xilinx/ip/xfft.gen 
Execute             source /tools/Xilinx/Vivado/2018.3/common/technology/xilinx/ip/xfir.gen 
Execute           source /tools/Xilinx/Vivado/2018.3/common/technology/xilinx/common/dsp48.gen 
Command         ap_source done; 0.11 sec.
Command       ap_source done; 0.11 sec.
Execute       source /tools/Xilinx/Vivado/2018.3/common/technology/xilinx/zynq/zynq_fpv6.gen 
Execute         source /tools/Xilinx/Vivado/2018.3/common/technology/xilinx/common/xilinx_fpv6.gen 
INFO-FLOW: DBG:CMD:   using AESL_AUTOCG::g_clock_period=10.000 (was NA)
INFO-FLOW: DBG:CMD:       generate_ip_cores sim=1 export=0 expOnly=0 dstVlogDir=syn/verilog
Execute       source /home/skalogerakis/TUC_Projects/TUC_HLS/MyCode/vHLS/algHLS/Optimization_1/.autopilot/db/global.setting.tcl 
Execute       source /home/skalogerakis/TUC_Projects/TUC_HLS/MyCode/vHLS/algHLS/Optimization_1/.autopilot/db/global.setting.tcl 
Execute       source /home/skalogerakis/TUC_Projects/TUC_HLS/MyCode/vHLS/algHLS/Optimization_1/.autopilot/db/global.setting.tcl 
Execute       source /home/skalogerakis/TUC_Projects/TUC_HLS/MyCode/vHLS/algHLS/Optimization_1/.autopilot/db/myFuncAccel.compgen.tcl 
INFO-FLOW: DBG:CMD:     auto_generate -export -impltomg_flag -rtl both -tool Vivado -pcore_version 1.00.a -phase csynth_design -d /home/skalogerakis/TUC_Projects/TUC_HLS/MyCode/vHLS/algHLS/Optimization_1
Execute       source /home/skalogerakis/TUC_Projects/TUC_HLS/MyCode/vHLS/algHLS/Optimization_1/.autopilot/db/global.setting.tcl 
INFO-FLOW: DBG:CMD: read_platform_lib /home/skalogerakis/TUC_Projects/TUC_HLS/MyCode/vHLS/algHLS/Optimization_1/.autopilot/db/global.setting.tcl
Execute       source /tools/Xilinx/Vivado/2018.3/common/technology/generic/autopilot/common.gen 
Execute         source /tools/Xilinx/Vivado/2018.3/common/technology/generic/autopilot/APCoreGen.gen 
Execute       source /tools/Xilinx/Vivado/2018.3/common/technology/generic/autopilot/op.gen 
Execute       source /tools/Xilinx/Vivado/2018.3/common/technology/generic/autopilot/op_simcore.gen 
Execute       source /tools/Xilinx/Vivado/2018.3/common/technology/generic/autopilot/interface.gen 
Execute       source /home/skalogerakis/TUC_Projects/TUC_HLS/MyCode/vHLS/algHLS/Optimization_1/.autopilot/db/global.setting.tcl 
Execute       source /tools/Xilinx/Vivado/2018.3/common/technology/xilinx/zynq/zynq.gen 
Execute         source /tools/Xilinx/Vivado/2018.3/common/technology/xilinx/common/virtex.gen 
Execute           source /tools/Xilinx/Vivado/2018.3/common/technology/xilinx/common/xilinx.gen 
Execute             source /tools/Xilinx/Vivado/2018.3/common/technology/xilinx/interface/plb46.gen 
Execute             source /tools/Xilinx/Vivado/2018.3/common/technology/xilinx/interface/fsl.gen 
Execute             source /tools/Xilinx/Vivado/2018.3/common/technology/xilinx/interface/axi4.gen 
Execute             source /tools/Xilinx/Vivado/2018.3/common/technology/xilinx/interface/nativeAXI4.gen 
Execute               source /tools/Xilinx/Vivado/2018.3/common/technology/xilinx/interface/saxilite.gen 
Execute               source /tools/Xilinx/Vivado/2018.3/common/technology/xilinx/interface/maxi.gen 
Execute             source /tools/Xilinx/Vivado/2018.3/common/technology/xilinx/scripts/xilinxcoregen.gen 
Execute             source /tools/Xilinx/Vivado/2018.3/common/technology/xilinx/interface/XilEDKCoreGen.gen 
Execute             source /tools/Xilinx/Vivado/2018.3/common/technology/xilinx/ip/dds_compiler.gen 
Execute             source /tools/Xilinx/Vivado/2018.3/common/technology/xilinx/ip/util.gen 
Execute             source /tools/Xilinx/Vivado/2018.3/common/technology/xilinx/ip/xfft.gen 
Execute             source /tools/Xilinx/Vivado/2018.3/common/technology/xilinx/ip/xfir.gen 
Execute           source /tools/Xilinx/Vivado/2018.3/common/technology/xilinx/common/dsp48.gen 
Execute       source /tools/Xilinx/Vivado/2018.3/common/technology/xilinx/zynq/zynq_fpv6.gen 
Execute         source /tools/Xilinx/Vivado/2018.3/common/technology/xilinx/common/xilinx_fpv6.gen 
INFO-FLOW: DBG:CMD:       initCTypeInfo top_module=myFuncAccel xml_exists=0
Execute       source /home/skalogerakis/TUC_Projects/TUC_HLS/MyCode/vHLS/algHLS/Optimization_1/.autopilot/db/myFuncAccel.rtl_wrap.cfg.tcl 
Execute       source /home/skalogerakis/TUC_Projects/TUC_HLS/MyCode/vHLS/algHLS/Optimization_1/.autopilot/db/myFuncAccel.rtl_wrap.cfg.tcl 
Execute       source /home/skalogerakis/TUC_Projects/TUC_HLS/MyCode/vHLS/algHLS/Optimization_1/.autopilot/db/myFuncAccel.rtl_wrap.cfg.tcl 
Execute       source /home/skalogerakis/TUC_Projects/TUC_HLS/MyCode/vHLS/algHLS/Optimization_1/.autopilot/db/myFuncAccel.tbgen.tcl 
Execute       source /home/skalogerakis/TUC_Projects/TUC_HLS/MyCode/vHLS/algHLS/Optimization_1/.autopilot/db/myFuncAccel.tbgen.tcl 
INFO-FLOW: DBG:CMD:       export_impl_rtl
INFO-FLOW: DBG:CMD:       generate_ip_cores sim=0 export=0 expOnly=0 dstVlogDir=impl/.verilog
Execute       source /home/skalogerakis/TUC_Projects/TUC_HLS/MyCode/vHLS/algHLS/Optimization_1/.autopilot/db/global.setting.tcl 
Execute       source /home/skalogerakis/TUC_Projects/TUC_HLS/MyCode/vHLS/algHLS/Optimization_1/.autopilot/db/myFuncAccel.compgen.tcl 
INFO-FLOW: DBG:CMD:       generate_ip_cores sim=0 export=1 expOnly=1 dstVlogDir=impl/.pcores/verilog
Execute       source /home/skalogerakis/TUC_Projects/TUC_HLS/MyCode/vHLS/algHLS/Optimization_1/.autopilot/db/global.setting.tcl 
Execute       source /home/skalogerakis/TUC_Projects/TUC_HLS/MyCode/vHLS/algHLS/Optimization_1/.autopilot/db/myFuncAccel.compgen.tcl 
INFO-FLOW: DBG:CMD:       generate_ip_cores sim=0 export=0 expOnly=0 dstVlogDir=impl/.pcores/verilog_sim
Execute       source /home/skalogerakis/TUC_Projects/TUC_HLS/MyCode/vHLS/algHLS/Optimization_1/.autopilot/db/global.setting.tcl 
Execute       source /home/skalogerakis/TUC_Projects/TUC_HLS/MyCode/vHLS/algHLS/Optimization_1/.autopilot/db/myFuncAccel.compgen.tcl 
Execute       source /home/skalogerakis/TUC_Projects/TUC_HLS/MyCode/vHLS/algHLS/Optimization_1/.autopilot/db/global.setting.tcl 
Execute       source /home/skalogerakis/TUC_Projects/TUC_HLS/MyCode/vHLS/algHLS/Optimization_1/.autopilot/db/myFuncAccel.constraint.tcl 
Execute       source /home/skalogerakis/TUC_Projects/TUC_HLS/MyCode/vHLS/algHLS/Optimization_1/.autopilot/db/myFuncAccel.tbgen.tcl 
INFO-FLOW: DBG:CMD:       hasPcoreIpAdapter=false #gSsdmPorts=8
INFO-FLOW: DBG:CMD: Skipping loadAnalyze_DB, #g_database=6
INFO-FLOW: DBG:CMD:       generate_json is_phase_csynth=1 g_has_adaptors=false generate_bd_files=0 #modelList=4 #gSsdmPorts=8
Execute       source /home/skalogerakis/TUC_Projects/TUC_HLS/MyCode/vHLS/algHLS/Optimization_1/.autopilot/db/global.setting.tcl 
Execute       source /home/skalogerakis/TUC_Projects/TUC_HLS/MyCode/vHLS/algHLS/Optimization_1/.autopilot/db/global.setting.tcl 
Execute       source /home/skalogerakis/TUC_Projects/TUC_HLS/MyCode/vHLS/algHLS/Optimization_1/.autopilot/db/myFuncAccel.tbgen.tcl 
Execute       source /home/skalogerakis/TUC_Projects/TUC_HLS/MyCode/vHLS/algHLS/Optimization_1/.autopilot/db/global.setting.tcl 
Execute       get_config_sdx -target 
Execute       get_config_export -xo 
Execute       source /home/skalogerakis/TUC_Projects/TUC_HLS/MyCode/vHLS/algHLS/Optimization_1/.autopilot/db/global.setting.tcl 
Execute       source /home/skalogerakis/TUC_Projects/TUC_HLS/MyCode/vHLS/algHLS/Optimization_1/.autopilot/db/myFuncAccel.constraint.tcl 
Execute       sc_get_clocks myFuncAccel 
Execute       source /home/skalogerakis/TUC_Projects/TUC_HLS/MyCode/vHLS/algHLS/Optimization_1/.autopilot/db/global.setting.tcl 
Execute       source /home/skalogerakis/TUC_Projects/TUC_HLS/MyCode/vHLS/algHLS/Optimization_1/impl/misc/myFuncAccel_ap_fadd_3_full_dsp_32_ip.tcl 
Execute       source /home/skalogerakis/TUC_Projects/TUC_HLS/MyCode/vHLS/algHLS/Optimization_1/impl/misc/myFuncAccel_ap_fcmp_0_no_dsp_32_ip.tcl 
Execute       source /home/skalogerakis/TUC_Projects/TUC_HLS/MyCode/vHLS/algHLS/Optimization_1/impl/misc/myFuncAccel_ap_fmul_2_max_dsp_32_ip.tcl 
Execute       get_config_sdx -target 
Execute       get_config_sdx -profile 
Execute       ::config_rtl 
INFO-FLOW: DBG:CMD: add_json_sdx_info kernel file does not exist: /home/skalogerakis/TUC_Projects/TUC_HLS/MyCode/vHLS/algHLS/Optimization_1/.autopilot/db/kernel.internal.xml
INFO-FLOW: DBG:CMD:       delete-temp-dirs (skipped for debug)
INFO: [HLS 200-111] Finished generating all RTL models Time (s): cpu = 00:00:07 ; elapsed = 00:00:08 . Memory (MB): peak = 572.816 ; gain = 128.000 ; free physical = 814 ; free virtual = 4999
INFO: [SYSC 207-301] Generating SystemC RTL for myFuncAccel.
INFO: [VHDL 208-304] Generating VHDL RTL for myFuncAccel.
INFO: [VLOG 209-307] Generating Verilog RTL for myFuncAccel.
Command     autosyn done; 1.93 sec.
Execute     get_part 
Execute     get_config_export -sdx_tcl 
Command   csynth_design done; 7.38 sec.
Command ap_source done; 7.61 sec.
Execute cleanup_all 
