2019-12-12T23:27:33.157102
0,0,67,org.eclipse.cdt.ui.CONSOLE_PARTITION_TYPE,-
1,67,1144,org.eclipse.cdt.ui.CONSOLE_PARTITION_TYPE,-
1,1211,147,org.eclipse.cdt.ui.WARNING_PARTITION_TYPE,/Algo_4/src/myAccel.c​42​-1​-1​unused label 'copyLoop' [-Wunused-label]​1​-
1,1358,51,org.eclipse.cdt.ui.CONSOLE_PARTITION_TYPE,-
1,1409,147,org.eclipse.cdt.ui.WARNING_PARTITION_TYPE,/Algo_4/src/myAccel.c​58​-1​-1​unused label 'initLoop' [-Wunused-label]​1​-
1,1556,64,org.eclipse.cdt.ui.CONSOLE_PARTITION_TYPE,-
1,1620,147,org.eclipse.cdt.ui.WARNING_PARTITION_TYPE,/Algo_4/src/myAccel.c​65​-1​-1​unused label 'valueAsn' [-Wunused-label]​1​-
1,1767,64,org.eclipse.cdt.ui.CONSOLE_PARTITION_TYPE,-
1,1831,146,org.eclipse.cdt.ui.WARNING_PARTITION_TYPE,/Algo_4/src/myAccel.c​87​-1​-1​unused label 'zeroAsn' [-Wunused-label]​1​-
1,1977,63,org.eclipse.cdt.ui.CONSOLE_PARTITION_TYPE,-
1,2040,147,org.eclipse.cdt.ui.WARNING_PARTITION_TYPE,/Algo_4/src/myAccel.c​51​-1​-1​unused label 'sizeLoop' [-Wunused-label]​1​-
1,2187,1901,org.eclipse.cdt.ui.CONSOLE_PARTITION_TYPE,-
1,4088,79,org.eclipse.cdt.ui.WARNING_PARTITION_TYPE,/Algo_4/src/myAccel.c​87​-1​-1​label ‘zeroAsn’ defined but not used [-Wunused-label]​1​-
1,4167,49,org.eclipse.cdt.ui.CONSOLE_PARTITION_TYPE,-
1,4216,80,org.eclipse.cdt.ui.WARNING_PARTITION_TYPE,/Algo_4/src/myAccel.c​65​-1​-1​label ‘valueAsn’ defined but not used [-Wunused-label]​1​-
1,4296,52,org.eclipse.cdt.ui.CONSOLE_PARTITION_TYPE,-
1,4348,80,org.eclipse.cdt.ui.WARNING_PARTITION_TYPE,/Algo_4/src/myAccel.c​58​-1​-1​label ‘initLoop’ defined but not used [-Wunused-label]​1​-
1,4428,52,org.eclipse.cdt.ui.CONSOLE_PARTITION_TYPE,-
1,4480,80,org.eclipse.cdt.ui.WARNING_PARTITION_TYPE,/Algo_4/src/myAccel.c​51​-1​-1​label ‘sizeLoop’ defined but not used [-Wunused-label]​1​-
1,4560,21,org.eclipse.cdt.ui.CONSOLE_PARTITION_TYPE,-
1,4581,80,org.eclipse.cdt.ui.WARNING_PARTITION_TYPE,/Algo_4/src/myAccel.c​42​-1​-1​label ‘copyLoop’ defined but not used [-Wunused-label]​1​-
1,4661,4800,org.eclipse.cdt.ui.CONSOLE_PARTITION_TYPE,-
0,9461,46,org.eclipse.cdt.ui.CONSOLE_PARTITION_TYPE,-