

================================================================
== Vivado HLS Report for 'myFuncAccel'
================================================================
* Date:           Wed Dec 11 00:55:32 2019

* Version:        2018.3 (Build 2405991 on Thu Dec 06 23:56:15 MST 2018)
* Project:        myFuncAccel
* Solution:       solution
* Product family: zynq
* Target device:  xc7z020clg484-1


================================================================
== Performance Estimates
================================================================
+ Timing (ns): 
    * Summary: 
    +--------+-------+----------+------------+
    |  Clock | Target| Estimated| Uncertainty|
    +--------+-------+----------+------------+
    |ap_clk  |  10.00|     7.256|        2.70|
    +--------+-------+----------+------------+

+ Latency (clock cycles): 
    * Summary: 
    +-----+-----+-----+-----+----------+
    |  Latency  |  Interval | Pipeline |
    | min | max | min | max |   Type   |
    +-----+-----+-----+-----+----------+
    |    ?|    ?|    ?|    ?| dataflow |
    +-----+-----+-----+-----+----------+

    + Detail: 
        * Instance: 
        N/A

        * Loop: 
        N/A

============================================================
+ Verbose Summary: Synthesis Manager
============================================================
InlineROM: 1
ExposeGlobal: 0
============================================================
+ Verbose Summary: CDFG Model
============================================================
IsTopModel: 1
ResetActiveHigh: 1
IsCombinational: 2
IsDatapathOnly: 0
HasWiredReturn: 1
HasMFsm: 0
HasVarLatency: 1
IsPipeline: 0
IsRtlPipelined: 0
IsInstanceOverlapped: 0
IsDontTouch: 0
HasImplIP: 0
IsGatedGlobalClock: 0


============================================================
+ Verbose Summary: Schedule
============================================================
* Number of FSM states : 4
* Pipeline : 0
* Dataflow Pipeline: 1
  DF-Pipeline-0: Size = 4, States = { 1 2 3 4 }

* FSM state transitions: 
1 --> 
	2  / true
2 --> 
	3  / true
3 --> 
	4  / true
4 --> 

* FSM state operations: 

State 1 <SV = 0> <Delay = 3.63>
ST_1 : Operation 5 [1/1] (0.00ns)   --->   "%threshold_read = call float @_ssdm_op_Read.ap_auto.float(float %threshold) nounwind" [/home/skalogerakis/TUC_Projects/TUC_HLS/MyCode/MIlestone3/SDSOC_Accel/Algo_4/src/myAccel.c:30]   --->   Operation 5 'read' 'threshold_read' <Predicate = true> <Delay = 0.00>
ST_1 : Operation 6 [1/1] (0.00ns)   --->   "%size_read = call i32 @_ssdm_op_Read.ap_auto.i32(i32 %size) nounwind" [/home/skalogerakis/TUC_Projects/TUC_HLS/MyCode/MIlestone3/SDSOC_Accel/Algo_4/src/myAccel.c:30]   --->   Operation 6 'read' 'size_read' <Predicate = true> <Delay = 0.00>
ST_1 : Operation 7 [1/1] (0.00ns)   --->   "%threshold_c = alloca float, align 4" [/home/skalogerakis/TUC_Projects/TUC_HLS/MyCode/MIlestone3/SDSOC_Accel/Algo_4/src/myAccel.c:30]   --->   Operation 7 'alloca' 'threshold_c' <Predicate = true> <Delay = 0.00> <Core = "FIFO">   --->   Core 32 'FIFO' <Latency = 0> <II = 1> <Delay = 3.63> <Storage> <Opcode : 'read' 'write' 'nbread' 'nbwrite'> <Ports = 0> <Width = 32> <Depth = 2> <FIFO>
ST_1 : Operation 8 [1/1] (0.00ns)   --->   "%size_c = alloca i32, align 4" [/home/skalogerakis/TUC_Projects/TUC_HLS/MyCode/MIlestone3/SDSOC_Accel/Algo_4/src/myAccel.c:30]   --->   Operation 8 'alloca' 'size_c' <Predicate = true> <Delay = 0.00> <Core = "FIFO">   --->   Core 32 'FIFO' <Latency = 0> <II = 1> <Delay = 3.63> <Storage> <Opcode : 'read' 'write' 'nbread' 'nbwrite'> <Ports = 0> <Width = 32> <Depth = 2> <FIFO>
ST_1 : Operation 9 [2/2] (3.63ns)   --->   "%call_ret = call fastcc { float, float, float, float, float, float, float, float, float, float, float, float, float, float, float, float } @Block_codeRepl49_pro(float* %data0, i32 %size_read, float %threshold_read, i32* %size_c, float* %threshold_c) nounwind" [/home/skalogerakis/TUC_Projects/TUC_HLS/MyCode/MIlestone3/SDSOC_Accel/Algo_4/src/myAccel.c:30]   --->   Operation 9 'call' 'call_ret' <Predicate = true> <Delay = 3.63> <CoreType = "Generic">   --->   Core 0 '' <Latency = 0> <II = 1> <Delay = 1.00> <Generic> <Opcode : >

State 2 <SV = 1> <Delay = 3.63>
ST_2 : Operation 10 [1/2] (3.63ns)   --->   "%call_ret = call fastcc { float, float, float, float, float, float, float, float, float, float, float, float, float, float, float, float } @Block_codeRepl49_pro(float* %data0, i32 %size_read, float %threshold_read, i32* %size_c, float* %threshold_c) nounwind" [/home/skalogerakis/TUC_Projects/TUC_HLS/MyCode/MIlestone3/SDSOC_Accel/Algo_4/src/myAccel.c:30]   --->   Operation 10 'call' 'call_ret' <Predicate = true> <Delay = 3.63> <CoreType = "Generic">   --->   Core 0 '' <Latency = 0> <II = 1> <Delay = 1.00> <Generic> <Opcode : >
ST_2 : Operation 11 [1/1] (0.00ns)   --->   "%data0_load_loc_chann = extractvalue { float, float, float, float, float, float, float, float, float, float, float, float, float, float, float, float } %call_ret, 0" [/home/skalogerakis/TUC_Projects/TUC_HLS/MyCode/MIlestone3/SDSOC_Accel/Algo_4/src/myAccel.c:30]   --->   Operation 11 'extractvalue' 'data0_load_loc_chann' <Predicate = true> <Delay = 0.00> <Core = "FIFO">   --->   Core 32 'FIFO' <Latency = 0> <II = 1> <Delay = 3.63> <Storage> <Opcode : 'read' 'write' 'nbread' 'nbwrite'> <Ports = 0> <Width = 32> <Depth = 2> <FIFO>
ST_2 : Operation 12 [1/1] (0.00ns)   --->   "%data0_load_1_loc_cha = extractvalue { float, float, float, float, float, float, float, float, float, float, float, float, float, float, float, float } %call_ret, 1" [/home/skalogerakis/TUC_Projects/TUC_HLS/MyCode/MIlestone3/SDSOC_Accel/Algo_4/src/myAccel.c:30]   --->   Operation 12 'extractvalue' 'data0_load_1_loc_cha' <Predicate = true> <Delay = 0.00> <Core = "FIFO">   --->   Core 32 'FIFO' <Latency = 0> <II = 1> <Delay = 3.63> <Storage> <Opcode : 'read' 'write' 'nbread' 'nbwrite'> <Ports = 0> <Width = 32> <Depth = 2> <FIFO>
ST_2 : Operation 13 [1/1] (0.00ns)   --->   "%data0_load_2_loc_cha = extractvalue { float, float, float, float, float, float, float, float, float, float, float, float, float, float, float, float } %call_ret, 2" [/home/skalogerakis/TUC_Projects/TUC_HLS/MyCode/MIlestone3/SDSOC_Accel/Algo_4/src/myAccel.c:30]   --->   Operation 13 'extractvalue' 'data0_load_2_loc_cha' <Predicate = true> <Delay = 0.00> <Core = "FIFO">   --->   Core 32 'FIFO' <Latency = 0> <II = 1> <Delay = 3.63> <Storage> <Opcode : 'read' 'write' 'nbread' 'nbwrite'> <Ports = 0> <Width = 32> <Depth = 2> <FIFO>
ST_2 : Operation 14 [1/1] (0.00ns)   --->   "%data0_load_3_loc_cha = extractvalue { float, float, float, float, float, float, float, float, float, float, float, float, float, float, float, float } %call_ret, 3" [/home/skalogerakis/TUC_Projects/TUC_HLS/MyCode/MIlestone3/SDSOC_Accel/Algo_4/src/myAccel.c:30]   --->   Operation 14 'extractvalue' 'data0_load_3_loc_cha' <Predicate = true> <Delay = 0.00> <Core = "FIFO">   --->   Core 32 'FIFO' <Latency = 0> <II = 1> <Delay = 3.63> <Storage> <Opcode : 'read' 'write' 'nbread' 'nbwrite'> <Ports = 0> <Width = 32> <Depth = 2> <FIFO>
ST_2 : Operation 15 [1/1] (0.00ns)   --->   "%data0_load_4_loc_cha = extractvalue { float, float, float, float, float, float, float, float, float, float, float, float, float, float, float, float } %call_ret, 4" [/home/skalogerakis/TUC_Projects/TUC_HLS/MyCode/MIlestone3/SDSOC_Accel/Algo_4/src/myAccel.c:30]   --->   Operation 15 'extractvalue' 'data0_load_4_loc_cha' <Predicate = true> <Delay = 0.00> <Core = "FIFO">   --->   Core 32 'FIFO' <Latency = 0> <II = 1> <Delay = 3.63> <Storage> <Opcode : 'read' 'write' 'nbread' 'nbwrite'> <Ports = 0> <Width = 32> <Depth = 2> <FIFO>
ST_2 : Operation 16 [1/1] (0.00ns)   --->   "%data0_load_5_loc_cha = extractvalue { float, float, float, float, float, float, float, float, float, float, float, float, float, float, float, float } %call_ret, 5" [/home/skalogerakis/TUC_Projects/TUC_HLS/MyCode/MIlestone3/SDSOC_Accel/Algo_4/src/myAccel.c:30]   --->   Operation 16 'extractvalue' 'data0_load_5_loc_cha' <Predicate = true> <Delay = 0.00> <Core = "FIFO">   --->   Core 32 'FIFO' <Latency = 0> <II = 1> <Delay = 3.63> <Storage> <Opcode : 'read' 'write' 'nbread' 'nbwrite'> <Ports = 0> <Width = 32> <Depth = 2> <FIFO>
ST_2 : Operation 17 [1/1] (0.00ns)   --->   "%data0_load_6_loc_cha = extractvalue { float, float, float, float, float, float, float, float, float, float, float, float, float, float, float, float } %call_ret, 6" [/home/skalogerakis/TUC_Projects/TUC_HLS/MyCode/MIlestone3/SDSOC_Accel/Algo_4/src/myAccel.c:30]   --->   Operation 17 'extractvalue' 'data0_load_6_loc_cha' <Predicate = true> <Delay = 0.00> <Core = "FIFO">   --->   Core 32 'FIFO' <Latency = 0> <II = 1> <Delay = 3.63> <Storage> <Opcode : 'read' 'write' 'nbread' 'nbwrite'> <Ports = 0> <Width = 32> <Depth = 2> <FIFO>
ST_2 : Operation 18 [1/1] (0.00ns)   --->   "%data0_load_7_loc_cha = extractvalue { float, float, float, float, float, float, float, float, float, float, float, float, float, float, float, float } %call_ret, 7" [/home/skalogerakis/TUC_Projects/TUC_HLS/MyCode/MIlestone3/SDSOC_Accel/Algo_4/src/myAccel.c:30]   --->   Operation 18 'extractvalue' 'data0_load_7_loc_cha' <Predicate = true> <Delay = 0.00> <Core = "FIFO">   --->   Core 32 'FIFO' <Latency = 0> <II = 1> <Delay = 3.63> <Storage> <Opcode : 'read' 'write' 'nbread' 'nbwrite'> <Ports = 0> <Width = 32> <Depth = 2> <FIFO>
ST_2 : Operation 19 [1/1] (0.00ns)   --->   "%data0_load_8_loc_cha = extractvalue { float, float, float, float, float, float, float, float, float, float, float, float, float, float, float, float } %call_ret, 8" [/home/skalogerakis/TUC_Projects/TUC_HLS/MyCode/MIlestone3/SDSOC_Accel/Algo_4/src/myAccel.c:30]   --->   Operation 19 'extractvalue' 'data0_load_8_loc_cha' <Predicate = true> <Delay = 0.00> <Core = "FIFO">   --->   Core 32 'FIFO' <Latency = 0> <II = 1> <Delay = 3.63> <Storage> <Opcode : 'read' 'write' 'nbread' 'nbwrite'> <Ports = 0> <Width = 32> <Depth = 2> <FIFO>
ST_2 : Operation 20 [1/1] (0.00ns)   --->   "%data0_load_9_loc_cha = extractvalue { float, float, float, float, float, float, float, float, float, float, float, float, float, float, float, float } %call_ret, 9" [/home/skalogerakis/TUC_Projects/TUC_HLS/MyCode/MIlestone3/SDSOC_Accel/Algo_4/src/myAccel.c:30]   --->   Operation 20 'extractvalue' 'data0_load_9_loc_cha' <Predicate = true> <Delay = 0.00> <Core = "FIFO">   --->   Core 32 'FIFO' <Latency = 0> <II = 1> <Delay = 3.63> <Storage> <Opcode : 'read' 'write' 'nbread' 'nbwrite'> <Ports = 0> <Width = 32> <Depth = 2> <FIFO>
ST_2 : Operation 21 [1/1] (0.00ns)   --->   "%data0_load_10_loc_ch = extractvalue { float, float, float, float, float, float, float, float, float, float, float, float, float, float, float, float } %call_ret, 10" [/home/skalogerakis/TUC_Projects/TUC_HLS/MyCode/MIlestone3/SDSOC_Accel/Algo_4/src/myAccel.c:30]   --->   Operation 21 'extractvalue' 'data0_load_10_loc_ch' <Predicate = true> <Delay = 0.00> <Core = "FIFO">   --->   Core 32 'FIFO' <Latency = 0> <II = 1> <Delay = 3.63> <Storage> <Opcode : 'read' 'write' 'nbread' 'nbwrite'> <Ports = 0> <Width = 32> <Depth = 2> <FIFO>
ST_2 : Operation 22 [1/1] (0.00ns)   --->   "%data0_load_11_loc_ch = extractvalue { float, float, float, float, float, float, float, float, float, float, float, float, float, float, float, float } %call_ret, 11" [/home/skalogerakis/TUC_Projects/TUC_HLS/MyCode/MIlestone3/SDSOC_Accel/Algo_4/src/myAccel.c:30]   --->   Operation 22 'extractvalue' 'data0_load_11_loc_ch' <Predicate = true> <Delay = 0.00> <Core = "FIFO">   --->   Core 32 'FIFO' <Latency = 0> <II = 1> <Delay = 3.63> <Storage> <Opcode : 'read' 'write' 'nbread' 'nbwrite'> <Ports = 0> <Width = 32> <Depth = 2> <FIFO>
ST_2 : Operation 23 [1/1] (0.00ns)   --->   "%data0_load_12_loc_ch = extractvalue { float, float, float, float, float, float, float, float, float, float, float, float, float, float, float, float } %call_ret, 12" [/home/skalogerakis/TUC_Projects/TUC_HLS/MyCode/MIlestone3/SDSOC_Accel/Algo_4/src/myAccel.c:30]   --->   Operation 23 'extractvalue' 'data0_load_12_loc_ch' <Predicate = true> <Delay = 0.00> <Core = "FIFO">   --->   Core 32 'FIFO' <Latency = 0> <II = 1> <Delay = 3.63> <Storage> <Opcode : 'read' 'write' 'nbread' 'nbwrite'> <Ports = 0> <Width = 32> <Depth = 2> <FIFO>
ST_2 : Operation 24 [1/1] (0.00ns)   --->   "%data0_load_13_loc_ch = extractvalue { float, float, float, float, float, float, float, float, float, float, float, float, float, float, float, float } %call_ret, 13" [/home/skalogerakis/TUC_Projects/TUC_HLS/MyCode/MIlestone3/SDSOC_Accel/Algo_4/src/myAccel.c:30]   --->   Operation 24 'extractvalue' 'data0_load_13_loc_ch' <Predicate = true> <Delay = 0.00> <Core = "FIFO">   --->   Core 32 'FIFO' <Latency = 0> <II = 1> <Delay = 3.63> <Storage> <Opcode : 'read' 'write' 'nbread' 'nbwrite'> <Ports = 0> <Width = 32> <Depth = 2> <FIFO>
ST_2 : Operation 25 [1/1] (0.00ns)   --->   "%data0_load_14_loc_ch = extractvalue { float, float, float, float, float, float, float, float, float, float, float, float, float, float, float, float } %call_ret, 14" [/home/skalogerakis/TUC_Projects/TUC_HLS/MyCode/MIlestone3/SDSOC_Accel/Algo_4/src/myAccel.c:30]   --->   Operation 25 'extractvalue' 'data0_load_14_loc_ch' <Predicate = true> <Delay = 0.00> <Core = "FIFO">   --->   Core 32 'FIFO' <Latency = 0> <II = 1> <Delay = 3.63> <Storage> <Opcode : 'read' 'write' 'nbread' 'nbwrite'> <Ports = 0> <Width = 32> <Depth = 2> <FIFO>
ST_2 : Operation 26 [1/1] (0.00ns)   --->   "%data0_load_15_loc_ch = extractvalue { float, float, float, float, float, float, float, float, float, float, float, float, float, float, float, float } %call_ret, 15" [/home/skalogerakis/TUC_Projects/TUC_HLS/MyCode/MIlestone3/SDSOC_Accel/Algo_4/src/myAccel.c:30]   --->   Operation 26 'extractvalue' 'data0_load_15_loc_ch' <Predicate = true> <Delay = 0.00> <Core = "FIFO">   --->   Core 32 'FIFO' <Latency = 0> <II = 1> <Delay = 3.63> <Storage> <Opcode : 'read' 'write' 'nbread' 'nbwrite'> <Ports = 0> <Width = 32> <Depth = 2> <FIFO>

State 3 <SV = 2> <Delay = 0.00>
ST_3 : Operation 27 [2/2] (0.00ns)   --->   "call fastcc void @Loop_sizeLoop_proc(i32* %size_c, float* %data1, float %data0_load_loc_chann, float %data0_load_1_loc_cha, float %data0_load_2_loc_cha, float %data0_load_3_loc_cha, float* %threshold_c, float %data0_load_4_loc_cha, float %data0_load_5_loc_cha, float %data0_load_6_loc_cha, float %data0_load_7_loc_cha, float %data0_load_8_loc_cha, float %data0_load_9_loc_cha, float %data0_load_10_loc_ch, float %data0_load_11_loc_ch, float %data0_load_12_loc_ch, float %data0_load_13_loc_ch, float %data0_load_14_loc_ch, float %data0_load_15_loc_ch, float* %data2) nounwind" [/home/skalogerakis/TUC_Projects/TUC_HLS/MyCode/MIlestone3/SDSOC_Accel/Algo_4/src/myAccel.c:30]   --->   Operation 27 'call' <Predicate = true> <Delay = 0.00> <CoreType = "Generic">   --->   Core 0 '' <Latency = 0> <II = 1> <Delay = 1.00> <Generic> <Opcode : >

State 4 <SV = 3> <Delay = 0.00>
ST_4 : Operation 28 [1/1] (0.00ns)   --->   "call void (...)* @_ssdm_op_SpecDataflowPipeline(i32 -1, i32 0, [1 x i8]* @p_str1) nounwind" [/home/skalogerakis/TUC_Projects/TUC_HLS/MyCode/MIlestone3/SDSOC_Accel/Algo_4/src/myAccel.c:41]   --->   Operation 28 'specdataflowpipeline' <Predicate = true> <Delay = 0.00>
ST_4 : Operation 29 [1/1] (0.00ns)   --->   "call void (...)* @_ssdm_op_SpecBitsMap(i32 %size) nounwind, !map !7"   --->   Operation 29 'specbitsmap' <Predicate = true> <Delay = 0.00>
ST_4 : Operation 30 [1/1] (0.00ns)   --->   "call void (...)* @_ssdm_op_SpecBitsMap(i32 %dim) nounwind, !map !13"   --->   Operation 30 'specbitsmap' <Predicate = true> <Delay = 0.00>
ST_4 : Operation 31 [1/1] (0.00ns)   --->   "call void (...)* @_ssdm_op_SpecBitsMap(float %threshold) nounwind, !map !17"   --->   Operation 31 'specbitsmap' <Predicate = true> <Delay = 0.00>
ST_4 : Operation 32 [1/1] (0.00ns)   --->   "call void (...)* @_ssdm_op_SpecBitsMap(float* %data0) nounwind, !map !21"   --->   Operation 32 'specbitsmap' <Predicate = true> <Delay = 0.00>
ST_4 : Operation 33 [1/1] (0.00ns)   --->   "call void (...)* @_ssdm_op_SpecBitsMap(float* %data1) nounwind, !map !27"   --->   Operation 33 'specbitsmap' <Predicate = true> <Delay = 0.00>
ST_4 : Operation 34 [1/1] (0.00ns)   --->   "call void (...)* @_ssdm_op_SpecBitsMap(float* %data2) nounwind, !map !31"   --->   Operation 34 'specbitsmap' <Predicate = true> <Delay = 0.00>
ST_4 : Operation 35 [1/1] (0.00ns)   --->   "call void (...)* @_ssdm_op_SpecTopModule([12 x i8]* @myFuncAccel_str) nounwind"   --->   Operation 35 'spectopmodule' <Predicate = true> <Delay = 0.00>
ST_4 : Operation 36 [1/1] (0.00ns)   --->   "call void (...)* @_ssdm_op_SpecInterface(float* %data0, [8 x i8]* @p_str, i32 0, i32 0, [1 x i8]* @p_str1, i32 0, i32 0, [1 x i8]* @p_str1, [1 x i8]* @p_str1, [1 x i8]* @p_str1, i32 0, i32 0, i32 0, i32 0, [1 x i8]* @p_str1, [1 x i8]* @p_str1) nounwind" [/home/skalogerakis/TUC_Projects/TUC_HLS/MyCode/MIlestone3/SDSOC_Accel/Algo_4/src/myAccel.c:32]   --->   Operation 36 'specinterface' <Predicate = true> <Delay = 0.00>
ST_4 : Operation 37 [1/1] (0.00ns)   --->   "call void (...)* @_ssdm_op_SpecInterface(float* %data1, [8 x i8]* @p_str, i32 0, i32 0, [1 x i8]* @p_str1, i32 0, i32 0, [1 x i8]* @p_str1, [1 x i8]* @p_str1, [1 x i8]* @p_str1, i32 0, i32 0, i32 0, i32 0, [1 x i8]* @p_str1, [1 x i8]* @p_str1) nounwind" [/home/skalogerakis/TUC_Projects/TUC_HLS/MyCode/MIlestone3/SDSOC_Accel/Algo_4/src/myAccel.c:32]   --->   Operation 37 'specinterface' <Predicate = true> <Delay = 0.00>
ST_4 : Operation 38 [1/1] (0.00ns)   --->   "call void (...)* @_ssdm_op_SpecInterface(float* %data2, [8 x i8]* @p_str, i32 0, i32 0, [1 x i8]* @p_str1, i32 0, i32 0, [1 x i8]* @p_str1, [1 x i8]* @p_str1, [1 x i8]* @p_str1, i32 0, i32 0, i32 0, i32 0, [1 x i8]* @p_str1, [1 x i8]* @p_str1) nounwind" [/home/skalogerakis/TUC_Projects/TUC_HLS/MyCode/MIlestone3/SDSOC_Accel/Algo_4/src/myAccel.c:32]   --->   Operation 38 'specinterface' <Predicate = true> <Delay = 0.00>
ST_4 : Operation 39 [1/1] (0.00ns)   --->   "call void (...)* @_ssdm_op_SpecLatency(i32 1, i32 65535, [1 x i8]* @p_str1) nounwind" [/home/skalogerakis/TUC_Projects/TUC_HLS/MyCode/MIlestone3/SDSOC_Accel/Algo_4/src/myAccel.c:32]   --->   Operation 39 'speclatency' <Predicate = true> <Delay = 0.00>
ST_4 : Operation 40 [1/1] (0.00ns)   --->   "%empty = call i32 (...)* @_ssdm_op_SpecChannel([7 x i8]* @size_c_str, i32 1, [1 x i8]* @p_str26, [1 x i8]* @p_str26, i32 2, i32 0, i32* %size_c, i32* %size_c) nounwind" [/home/skalogerakis/TUC_Projects/TUC_HLS/MyCode/MIlestone3/SDSOC_Accel/Algo_4/src/myAccel.c:30]   --->   Operation 40 'specchannel' 'empty' <Predicate = true> <Delay = 0.00>
ST_4 : Operation 41 [1/1] (0.00ns)   --->   "call void (...)* @_ssdm_op_SpecInterface(i32* %size_c, [8 x i8]* @ap_fifo_str, i32 0, i32 0, [1 x i8]* @p_str27, i32 0, i32 0, [1 x i8]* @p_str28, [1 x i8]* @p_str29, [1 x i8]* @p_str30, i32 2, i32 2, i32 16, i32 16, [1 x i8]* @p_str31, [1 x i8]* @p_str32)" [/home/skalogerakis/TUC_Projects/TUC_HLS/MyCode/MIlestone3/SDSOC_Accel/Algo_4/src/myAccel.c:30]   --->   Operation 41 'specinterface' <Predicate = true> <Delay = 0.00>
ST_4 : Operation 42 [1/1] (0.00ns)   --->   "%empty_6 = call i32 (...)* @_ssdm_op_SpecChannel([12 x i8]* @threshold_c_str, i32 1, [1 x i8]* @p_str33, [1 x i8]* @p_str33, i32 2, i32 0, float* %threshold_c, float* %threshold_c) nounwind" [/home/skalogerakis/TUC_Projects/TUC_HLS/MyCode/MIlestone3/SDSOC_Accel/Algo_4/src/myAccel.c:30]   --->   Operation 42 'specchannel' 'empty_6' <Predicate = true> <Delay = 0.00>
ST_4 : Operation 43 [1/1] (0.00ns)   --->   "call void (...)* @_ssdm_op_SpecInterface(float* %threshold_c, [8 x i8]* @ap_fifo_str, i32 0, i32 0, [1 x i8]* @p_str34, i32 0, i32 0, [1 x i8]* @p_str35, [1 x i8]* @p_str36, [1 x i8]* @p_str37, i32 2, i32 2, i32 16, i32 16, [1 x i8]* @p_str38, [1 x i8]* @p_str39)" [/home/skalogerakis/TUC_Projects/TUC_HLS/MyCode/MIlestone3/SDSOC_Accel/Algo_4/src/myAccel.c:30]   --->   Operation 43 'specinterface' <Predicate = true> <Delay = 0.00>
ST_4 : Operation 44 [1/2] (0.00ns)   --->   "call fastcc void @Loop_sizeLoop_proc(i32* %size_c, float* %data1, float %data0_load_loc_chann, float %data0_load_1_loc_cha, float %data0_load_2_loc_cha, float %data0_load_3_loc_cha, float* %threshold_c, float %data0_load_4_loc_cha, float %data0_load_5_loc_cha, float %data0_load_6_loc_cha, float %data0_load_7_loc_cha, float %data0_load_8_loc_cha, float %data0_load_9_loc_cha, float %data0_load_10_loc_ch, float %data0_load_11_loc_ch, float %data0_load_12_loc_ch, float %data0_load_13_loc_ch, float %data0_load_14_loc_ch, float %data0_load_15_loc_ch, float* %data2) nounwind" [/home/skalogerakis/TUC_Projects/TUC_HLS/MyCode/MIlestone3/SDSOC_Accel/Algo_4/src/myAccel.c:30]   --->   Operation 44 'call' <Predicate = true> <Delay = 0.00> <CoreType = "Generic">   --->   Core 0 '' <Latency = 0> <II = 1> <Delay = 1.00> <Generic> <Opcode : >
ST_4 : Operation 45 [1/1] (0.00ns)   --->   "ret void" [/home/skalogerakis/TUC_Projects/TUC_HLS/MyCode/MIlestone3/SDSOC_Accel/Algo_4/src/myAccel.c:101]   --->   Operation 45 'ret' <Predicate = true> <Delay = 0.00>


============================================================
+ Verbose Summary: Timing violations
============================================================
Target clock period: 10ns, clock uncertainty: 2.7ns.

 <State 1>: 3.63ns
The critical path consists of the following:
	wire read on port 'threshold' (/home/skalogerakis/TUC_Projects/TUC_HLS/MyCode/MIlestone3/SDSOC_Accel/Algo_4/src/myAccel.c:30) [7]  (0 ns)
	'call' operation ('call_ret', /home/skalogerakis/TUC_Projects/TUC_HLS/MyCode/MIlestone3/SDSOC_Accel/Algo_4/src/myAccel.c:30) to 'Block_codeRepl49_pro' [27]  (3.63 ns)

 <State 2>: 3.63ns
The critical path consists of the following:
	'call' operation ('call_ret', /home/skalogerakis/TUC_Projects/TUC_HLS/MyCode/MIlestone3/SDSOC_Accel/Algo_4/src/myAccel.c:30) to 'Block_codeRepl49_pro' [27]  (3.63 ns)

 <State 3>: 0ns
The critical path consists of the following:

 <State 4>: 0ns
The critical path consists of the following:


============================================================
+ Verbose Summary: Binding
============================================================
N/A
* FSMD analyzer results:
  - Output states:
 - Input state : 
  - Chain level:
	State 1
	State 2
	State 3
	State 4


============================================================
+ Verbose Summary: Datapath Resource usage 
============================================================
N/A
