INFO: [SIM 2] *************** CSIM start ***************
INFO: [SIM 4] CSIM will launch GCC as the compiler.
   Compiling(apcc) ../../../../../main.c in debug mode
INFO: [HLS 200-10] Running '/tools/Xilinx/Vivado/2018.3/bin/unwrapped/lnx64.o/apcc'
INFO: [HLS 200-10] For user 'root' on host 'skl' (Linux_x86_64 version 5.0.0-36-generic) on Sat Nov 23 03:19:56 EET 2019
INFO: [HLS 200-10] On os Ubuntu 18.04.3 LTS
INFO: [HLS 200-10] In directory '/home/skalogerakis/TUC_Projects/TUC_HLS/MyCode/vHLS/algHLS/Optimazation_5/csim/build'
INFO: [APCC 202-3] Tmp directory is /tmp/apcc_db_root/35291574471996483052
INFO: [APCC 202-1] APCC is done.
   Compiling(apcc) ../../../../../myAccel.c in debug mode
INFO: [HLS 200-10] Running '/tools/Xilinx/Vivado/2018.3/bin/unwrapped/lnx64.o/apcc'
INFO: [HLS 200-10] For user 'root' on host 'skl' (Linux_x86_64 version 5.0.0-36-generic) on Sat Nov 23 03:20:04 EET 2019
INFO: [HLS 200-10] On os Ubuntu 18.04.3 LTS
INFO: [HLS 200-10] In directory '/home/skalogerakis/TUC_Projects/TUC_HLS/MyCode/vHLS/algHLS/Optimazation_5/csim/build'
INFO: [APCC 202-3] Tmp directory is /tmp/apcc_db_root/36261574472004641841
INFO: [APCC 202-1] APCC is done.
   Generating csim.exe
Seed 1000
Size 1000
Dimension 4
Threshold 100.000000

Executing myFunc...
Reference Code execution time: 0.000366

Executing myFuncAccel...
Hardware execution time: 0.000319

SUCCESS

INFO: [SIM 1] CSim done with 0 errors.
INFO: [SIM 3] *************** CSIM finish ***************
