#-----------------------------------------------------------
# Webtalk v2018.3 (64-bit)
# SW Build 2405991 on Thu Dec  6 23:36:41 MST 2018
# 
# Start of session at: Thu Dec 12 23:42:31 2019
# Process ID: 23895
# Current directory: /home/skalogerakis/TUC_Projects/TUC_HLS/MyCode/MIlestone3/SDSOC_Accel/webtalk
# Command line: wbtcv -mode batch -source sdx_webtalk.tcl
# Log file: /home/skalogerakis/TUC_Projects/TUC_HLS/MyCode/MIlestone3/SDSOC_Accel/webtalk/webtalk.log
# Journal file: /home/skalogerakis/TUC_Projects/TUC_HLS/MyCode/MIlestone3/SDSOC_Accel/webtalk/webtalk.jou
#-----------------------------------------------------------
source sdx_webtalk.tcl
# webtalk_init -webtalk_dir /home/skalogerakis/TUC_Projects/TUC_HLS/MyCode/MIlestone3/SDSOC_Accel/webtalk
# webtalk_register_client -client project
# webtalk_add_data -client project -key date_generated -value "2019-12-12 23:42:29" -context "software_version_and_target_device"
# webtalk_add_data -client project -key product_version -value "SDx v2018.3" -context "software_version_and_target_device"
# webtalk_add_data -client project -key build_version -value "2018.3" -context "software_version_and_target_device"
# webtalk_add_data -client project -key os_platform -value "amd64" -context "software_version_and_target_device"
# webtalk_add_data -client project -key registration_id -value "174111662_177799855_210698244_043" -context "software_version_and_target_device"
# webtalk_add_data -client project -key tool_flow -value "SDx" -context "software_version_and_target_device"
# webtalk_add_data -client project -key beta -value "false" -context "software_version_and_target_device"
# webtalk_add_data -client project -key route_design -value "NA" -context "software_version_and_target_device"
# webtalk_add_data -client project -key target_family -value "NA" -context "software_version_and_target_device"
# webtalk_add_data -client project -key target_device -value "NA" -context "software_version_and_target_device"
# webtalk_add_data -client project -key target_package -value "NA" -context "software_version_and_target_device"
# webtalk_add_data -client project -key target_speed -value "NA" -context "software_version_and_target_device"
# webtalk_add_data -client project -key random_id -value "b1usqbj3kbfhvpaf057q5lk53b" -context "software_version_and_target_device"
# webtalk_add_data -client project -key project_id -value "2018.3_5" -context "software_version_and_target_device"
# webtalk_add_data -client project -key project_iteration -value "5" -context "software_version_and_target_device"
# webtalk_add_data -client project -key os_name -value "Ubuntu" -context "user_environment"
# webtalk_add_data -client project -key os_release -value "Ubuntu 18.04.3 LTS" -context "user_environment"
# webtalk_add_data -client project -key cpu_name -value "Intel(R) Core(TM) i5-7200U CPU @ 2.50GHz" -context "user_environment"
# webtalk_add_data -client project -key cpu_speed -value "3100.029 MHz" -context "user_environment"
# webtalk_add_data -client project -key total_processors -value "1" -context "user_environment"
# webtalk_add_data -client project -key system_ram -value "8,123 GB" -context "user_environment"
# webtalk_register_client -client sdx
# webtalk_add_data -client sdx -key uid -value "1576014476000" -context "sdx\\\\build/1576186025778"
# webtalk_add_data -client sdx -key sdx_build_duration -value "1m:2s.657ms" -context "sdx\\\\build/1576186025778"
# webtalk_add_data -client sdx -key sdsoc_build_type -value "estimation" -context "sdx\\\\build/1576186025778"
# webtalk_add_data -client sdx -key uid -value "1576014476000" -context "sdx\\\\build/1576186896679"
# webtalk_add_data -client sdx -key sdx_build_duration -value "14m:3s.527ms" -context "sdx\\\\build/1576186896679"
# webtalk_add_data -client sdx -key sdsoc_build_type -value "default" -context "sdx\\\\build/1576186896679"
# webtalk_add_data -client sdx -key uid -value "NA" -context "sdx\\\\tool/1576186949601"
# webtalk_add_data -client sdx -key RecordType -value "ToolUsage" -context "sdx\\\\tool/1576186949601"
# webtalk_add_data -client sdx -key BOOTGEN_count -value "0" -context "sdx\\\\tool/1576186949601"
# webtalk_add_data -client sdx -key FLASH_count -value "0" -context "sdx\\\\tool/1576186949601"
# webtalk_add_data -client sdx -key MOVE_APP_TO_SYSTEM_count -value "0" -context "sdx\\\\tool/1576186949601"
# webtalk_add_data -client sdx -key SDX_EXPORT_count -value "0" -context "sdx\\\\tool/1576186949601"
# webtalk_add_data -client sdx -key SDX_IMPORT_count -value "0" -context "sdx\\\\tool/1576186949601"
# webtalk_add_data -client sdx -key SDX_BUILD_count -value "2" -context "sdx\\\\tool/1576186949601"
# webtalk_add_data -client sdx -key SDX_NO_OP_BUILD_count -value "2" -context "sdx\\\\tool/1576186949601"
# webtalk_add_data -client sdx -key TCF_APP_DEBUG_count -value "0" -context "sdx\\\\tool/1576186949601"
# webtalk_add_data -client sdx -key TCF_SYSTEM_DEBUG_count -value "0" -context "sdx\\\\tool/1576186949601"
# webtalk_add_data -client sdx -key GDB_DEBUG_count -value "0" -context "sdx\\\\tool/1576186949601"
# webtalk_add_data -client sdx -key QEMU_DEBUG_count -value "0" -context "sdx\\\\tool/1576186949601"
# webtalk_add_data -client sdx -key ESTIMATION_DEBUG_count -value "0" -context "sdx\\\\tool/1576186949601"
# webtalk_add_data -client sdx -key SDSOC_TRACE_count -value "0" -context "sdx\\\\tool/1576186949601"
# webtalk_add_data -client sdx -key PERFORMANCE_ANALYSIS_count -value "0" -context "sdx\\\\tool/1576186949601"
# webtalk_add_data -client sdx -key SPM_ANALYSIS_count -value "0" -context "sdx\\\\tool/1576186949601"
# webtalk_add_data -client sdx -key CROSS_TRIGGER_count -value "0" -context "sdx\\\\tool/1576186949601"
# webtalk_add_data -client sdx -key TCF_PROFILER_count -value "0" -context "sdx\\\\tool/1576186949601"
# webtalk_add_data -client sdx -key APPLICATION_PLATFORM_CHANGE_count -value "0" -context "sdx\\\\tool/1576186949601"
# webtalk_add_data -client sdx -key APPLICATION_SYS_CONFIG_CHANGE_count -value "0" -context "sdx\\\\tool/1576186949601"
# webtalk_add_data -client sdx -key SYSTEM_PLATFORM_CHANGE_count -value "0" -context "sdx\\\\tool/1576186949601"
# webtalk_transmit -clientid 1557993735 -regid "174111662_177799855_210698244_043" -xml /home/skalogerakis/TUC_Projects/TUC_HLS/MyCode/MIlestone3/SDSOC_Accel/webtalk/usage_statistics_ext_sdx.xml -html /home/skalogerakis/TUC_Projects/TUC_HLS/MyCode/MIlestone3/SDSOC_Accel/webtalk/usage_statistics_ext_sdx.html -wdm /home/skalogerakis/TUC_Projects/TUC_HLS/MyCode/MIlestone3/SDSOC_Accel/webtalk/sdx_webtalk.wdm -intro "<H3>SDx Usage Report</H3><BR>"
INFO: [Common 17-186] '/home/skalogerakis/TUC_Projects/TUC_HLS/MyCode/MIlestone3/SDSOC_Accel/webtalk/usage_statistics_ext_sdx.xml' has been successfully sent to Xilinx on Thu Dec 12 23:42:37 2019. For additional details about this file, please refer to the WebTalk help file at /toolsViv/Xilinx/SDK/2018.3/doc/webtalk_introduction.html.
webtalk_transmit: Time (s): cpu = 00:00:00.78 ; elapsed = 00:00:06 . Memory (MB): peak = 397.934 ; gain = 0.000 ; free physical = 3309 ; free virtual = 6616
# webtalk_terminate
INFO: [Common 17-206] Exiting Webtalk at Thu Dec 12 23:42:37 2019...
