#-----------------------------------------------------------
# Vivado v2018.3 (64-bit)
# SW Build 2405991 on Thu Dec  6 23:36:41 MST 2018
# IP Build 2404404 on Fri Dec  7 01:43:56 MST 2018
# Start of session at: Thu Dec 12 23:27:51 2019
# Process ID: 18066
# Current directory: /home/skalogerakis/TUC_Projects/TUC_HLS/MyCode/MIlestone3/SDSOC_Accel/Algo_4/Debug/_sds/vhls/myFuncAccel/solution/impl/ip
# Command line: vivado -notrace -mode batch -source run_ippack.tcl
# Log file: /home/skalogerakis/TUC_Projects/TUC_HLS/MyCode/MIlestone3/SDSOC_Accel/Algo_4/Debug/_sds/vhls/myFuncAccel/solution/impl/ip/vivado.log
# Journal file: /home/skalogerakis/TUC_Projects/TUC_HLS/MyCode/MIlestone3/SDSOC_Accel/Algo_4/Debug/_sds/vhls/myFuncAccel/solution/impl/ip/vivado.jou
#-----------------------------------------------------------
source run_ippack.tcl -notrace
INFO: [IP_Flow 19-234] Refreshing IP repositories
INFO: [IP_Flow 19-1704] No user IP repositories specified
INFO: [IP_Flow 19-2313] Loaded Vivado IP repository '/toolsViv/Xilinx/Vivado/2018.3/data/ip'.
WARNING: [IP_Flow 19-4832] The IP name 'a0_myFuncAccel_ap_fadd_3_full_dsp_32' you have specified is long. The Windows operating system has path length limitations. It is recommended you use shorter names to reduce the likelihood of issues.
INFO: [IP_Flow 19-1686] Generating 'Synthesis' target for IP 'a0_myFuncAccel_ap_fadd_3_full_dsp_32'...
INFO: [IP_Flow 19-1686] Generating 'Simulation' target for IP 'a0_myFuncAccel_ap_fadd_3_full_dsp_32'...
WARNING: [IP_Flow 19-4832] The IP name 'a0_myFuncAccel_ap_fcmp_0_no_dsp_32' you have specified is long. The Windows operating system has path length limitations. It is recommended you use shorter names to reduce the likelihood of issues.
INFO: [IP_Flow 19-1686] Generating 'Synthesis' target for IP 'a0_myFuncAccel_ap_fcmp_0_no_dsp_32'...
INFO: [IP_Flow 19-1686] Generating 'Simulation' target for IP 'a0_myFuncAccel_ap_fcmp_0_no_dsp_32'...
WARNING: [IP_Flow 19-4832] The IP name 'a0_myFuncAccel_ap_fmul_2_max_dsp_32' you have specified is long. The Windows operating system has path length limitations. It is recommended you use shorter names to reduce the likelihood of issues.
INFO: [IP_Flow 19-1686] Generating 'Synthesis' target for IP 'a0_myFuncAccel_ap_fmul_2_max_dsp_32'...
INFO: [IP_Flow 19-1686] Generating 'Simulation' target for IP 'a0_myFuncAccel_ap_fmul_2_max_dsp_32'...
INFO: [IP_Flow 19-234] Refreshing IP repositories
INFO: [IP_Flow 19-1704] No user IP repositories specified
INFO: [IP_Flow 19-2313] Loaded Vivado IP repository '/toolsViv/Xilinx/Vivado/2018.3/data/ip'.
INFO: [Common 17-206] Exiting Vivado at Thu Dec 12 23:28:08 2019...
