INFO: [SIM 2] *************** CSIM start ***************
INFO: [SIM 4] CSIM will launch GCC as the compiler.
   Compiling(apcc) ../../../../../main.c in debug mode
INFO: [HLS 200-10] Running '/tools/Xilinx/Vivado/2018.3/bin/unwrapped/lnx64.o/apcc'
INFO: [HLS 200-10] For user 'root' on host 'skl' (Linux_x86_64 version 5.0.0-36-generic) on Thu Nov 21 17:04:20 EET 2019
INFO: [HLS 200-10] On os Ubuntu 18.04.3 LTS
INFO: [HLS 200-10] In directory '/home/skalogerakis/TUC_Projects/TUC_HLS/MyCode/vHLS/algHLS/Optimazation_4/csim/build'
INFO: [APCC 202-3] Tmp directory is /tmp/apcc_db_root/78561574348660631381
INFO: [APCC 202-1] APCC is done.
   Compiling(apcc) ../../../../../myAccel.c in debug mode
INFO: [HLS 200-10] Running '/tools/Xilinx/Vivado/2018.3/bin/unwrapped/lnx64.o/apcc'
INFO: [HLS 200-10] For user 'root' on host 'skl' (Linux_x86_64 version 5.0.0-36-generic) on Thu Nov 21 17:04:28 EET 2019
INFO: [HLS 200-10] On os Ubuntu 18.04.3 LTS
INFO: [HLS 200-10] In directory '/home/skalogerakis/TUC_Projects/TUC_HLS/MyCode/vHLS/algHLS/Optimazation_4/csim/build'
INFO: [APCC 202-3] Tmp directory is /tmp/apcc_db_root/79211574348668918917
INFO: [APCC 202-1] APCC is done.
   Generating csim.exe
Seed 1000
Size 1000
Dimension 4
Threshold 100.000000

Executing myFunc...
Reference Code execution time: 0.000373

Executing myFuncAccel...
Hardware execution time: 0.000322

SUCCESS

INFO: [SIM 1] CSim done with 0 errors.
INFO: [SIM 3] *************** CSIM finish ***************
